<?xml version="1.0" encoding="UTF-8"?>
<!-- Generated by org.testng.reporters.JUnitReportReporter -->
<testsuite hostname="QTSITVDI0013" name="Com.Testcases.NewBusiness.BillingStatement" tests="4" failures="0" timestamp="13 Sep 2018 14:44:44 GMT" time="74.788" errors="0">
  <testcase name="Test_Billing_Statement" time="11.992" classname="Com.Testcases.NewBusiness.BillingStatement"/>
  <testcase name="Test_Billing_Statement" time="18.680" classname="Com.Testcases.NewBusiness.BillingStatement"/>
  <testcase name="Test_Billing_Statement" time="18.488" classname="Com.Testcases.NewBusiness.BillingStatement"/>
  <testcase name="Test_Billing_Statement" time="25.628" classname="Com.Testcases.NewBusiness.BillingStatement"/>
</testsuite> <!-- Com.Testcases.NewBusiness.BillingStatement -->
