<?xml version="1.0" encoding="UTF-8"?>
<!-- Generated by org.testng.reporters.JUnitReportReporter -->
<testsuite hostname="RKUMARSSL" name="Com.Testcases.NewBusiness.MinPremOverrideEndorsement" tests="1" failures="0" timestamp="13 Jul 2018 12:45:28 GMT" time="35.741" errors="0">
  <testcase name="Test_MinPremOverrideEndorsement" time="35.741" classname="Com.Testcases.NewBusiness.MinPremOverrideEndorsement"/>
</testsuite> <!-- Com.Testcases.NewBusiness.MinPremOverrideEndorsement -->
