<?xml version="1.0" encoding="UTF-8"?>
<!-- Generated by org.testng.reporters.JUnitReportReporter -->
<testsuite hostname="QTSITVDI0013" name="Com.Testcases.Endorsement.STE25" tests="1" failures="0" timestamp="19 Feb 2019 11:55:28 GMT" time="101.506" errors="0">
  <testcase name="Test_STE25" time="101.506" classname="Com.Testcases.Endorsement.STE25"/>
</testsuite> <!-- Com.Testcases.Endorsement.STE25 -->
