<?xml version="1.0" encoding="UTF-8"?>
<!-- Generated by org.testng.reporters.JUnitReportReporter -->
<testsuite hostname="QTSITVDI0013" name="Com.Testcases.Portal.STP12" tests="1" failures="0" timestamp="22 Apr 2019 14:58:52 GMT" time="156.262" errors="0">
  <testcase name="Test_STP12" time="156.262" classname="Com.Testcases.Portal.STP12"/>
</testsuite> <!-- Com.Testcases.Portal.STP12 -->
