<?xml version="1.0" encoding="UTF-8"?>
<!-- Generated by org.testng.reporters.JUnitReportReporter -->
<testsuite hostname="QTSITVDI0013" name="Com.Testcases.NewBusiness.AgencyPortalApp" tests="1" failures="0" timestamp="29 Aug 2018 06:28:41 GMT" time="45.637" errors="0">
  <testcase name="Test_AgencyPortalApp" time="45.637" classname="Com.Testcases.NewBusiness.AgencyPortalApp"/>
</testsuite> <!-- Com.Testcases.NewBusiness.AgencyPortalApp -->
