<?xml version="1.0" encoding="UTF-8"?>
<!-- Generated by org.testng.reporters.JUnitReportReporter -->
<testsuite hostname="QTSITVDI0013" name="Com.Testcases.Portal.STP11A" tests="1" failures="0" timestamp="30 Aug 2019 16:30:32 GMT" time="161.990" errors="0">
  <testcase name="Test_STP11A" time="161.990" classname="Com.Testcases.Portal.STP11A"/>
</testsuite> <!-- Com.Testcases.Portal.STP11A -->
