<?xml version="1.0" encoding="UTF-8"?>
<!-- Generated by org.testng.reporters.JUnitReportReporter -->
<testsuite hostname="QTSITVDI0013" name="Com.Testcases.NewBusiness.newApplication" tests="18" failures="0" timestamp="4 Sep 2019 07:30:47 GMT" time="139.538" errors="0">
  <testcase name="Test_newApplication" time="0.008" classname="Com.Testcases.NewBusiness.newApplication"/>
  <testcase name="Test_newApplication" time="0.007" classname="Com.Testcases.NewBusiness.newApplication"/>
  <testcase name="Test_newApplication" time="0.014" classname="Com.Testcases.NewBusiness.newApplication"/>
  <testcase name="Test_newApplication" time="0.011" classname="Com.Testcases.NewBusiness.newApplication"/>
  <testcase name="Test_newApplication" time="0.007" classname="Com.Testcases.NewBusiness.newApplication"/>
  <testcase name="Test_newApplication" time="11.441" classname="Com.Testcases.NewBusiness.newApplication"/>
  <testcase name="Test_newApplication" time="0.016" classname="Com.Testcases.NewBusiness.newApplication"/>
  <testcase name="Test_newApplication" time="0.010" classname="Com.Testcases.NewBusiness.newApplication"/>
  <testcase name="Test_newApplication" time="126.305" classname="Com.Testcases.NewBusiness.newApplication"/>
  <testcase name="Test_newApplication" time="0.018" classname="Com.Testcases.NewBusiness.newApplication"/>
  <testcase name="Test_newApplication" time="1.596" classname="Com.Testcases.NewBusiness.newApplication"/>
  <testcase name="Test_newApplication" time="0.010" classname="Com.Testcases.NewBusiness.newApplication"/>
  <testcase name="Test_newApplication" time="0.008" classname="Com.Testcases.NewBusiness.newApplication"/>
  <testcase name="Test_newApplication" time="0.015" classname="Com.Testcases.NewBusiness.newApplication"/>
  <testcase name="Test_newApplication" time="0.012" classname="Com.Testcases.NewBusiness.newApplication"/>
  <testcase name="Test_newApplication" time="0.012" classname="Com.Testcases.NewBusiness.newApplication"/>
  <testcase name="Test_newApplication" time="0.025" classname="Com.Testcases.NewBusiness.newApplication"/>
  <testcase name="Test_newApplication" time="0.023" classname="Com.Testcases.NewBusiness.newApplication"/>
</testsuite> <!-- Com.Testcases.NewBusiness.newApplication -->
