<?xml version="1.0" encoding="UTF-8"?>
<!-- Generated by org.testng.reporters.JUnitReportReporter -->
<testsuite hostname="QTSITVDI0013" name="Com.Testcases.Endorsement.STE14" tests="1" failures="0" timestamp="15 Feb 2019 17:00:01 GMT" time="79.088" errors="0">
  <testcase name="Test_STE14" time="79.088" classname="Com.Testcases.Endorsement.STE14"/>
</testsuite> <!-- Com.Testcases.Endorsement.STE14 -->
