<?xml version="1.0" encoding="UTF-8"?>
<!-- Generated by org.testng.reporters.JUnitReportReporter -->
<testsuite hostname="RKUMARSSL" name="Com.Testcases.NewBusiness.ForeignCoverageEndorsement" tests="1" failures="0" timestamp="24 Jul 2018 12:23:50 GMT" time="40.960" errors="0">
  <testcase name="Test_ForeignCoverageEndorsement" time="40.960" classname="Com.Testcases.NewBusiness.ForeignCoverageEndorsement"/>
</testsuite> <!-- Com.Testcases.NewBusiness.ForeignCoverageEndorsement -->
