<?xml version="1.0" encoding="UTF-8"?>
<!-- Generated by org.testng.reporters.JUnitReportReporter -->
<testsuite hostname="RKUMARSSL" name="Com.Testcases.NewBusiness.IntrastateInterstateRiskIDEndorsement" tests="1" failures="0" timestamp="24 Jul 2018 13:20:26 GMT" time="37.041" errors="0">
  <testcase name="Test_IntrastateInterstateRiskIDEndorsement" time="37.041" classname="Com.Testcases.NewBusiness.IntrastateInterstateRiskIDEndorsement"/>
</testsuite> <!-- Com.Testcases.NewBusiness.IntrastateInterstateRiskIDEndorsement -->
