<?xml version="1.0" encoding="UTF-8"?>
<!-- Generated by org.testng.reporters.JUnitReportReporter -->
<testsuite hostname="RKUMARSSL" name="Com.Testcases.NewBusiness.PolicyNumberEndorsement" tests="1" failures="0" timestamp="24 Jul 2018 13:35:47 GMT" time="31.381" errors="0">
  <testcase name="Test_PolicyNumberEndorsement" time="31.381" classname="Com.Testcases.NewBusiness.PolicyNumberEndorsement"/>
</testsuite> <!-- Com.Testcases.NewBusiness.PolicyNumberEndorsement -->
