<?xml version="1.0" encoding="UTF-8"?>
<!-- Generated by org.testng.reporters.JUnitReportReporter -->
<testsuite hostname="QTSITVDI0013" name="Com.Testcases.NewBusinessScenarios.NBS6" tests="1" failures="0" timestamp="2 Sep 2019 08:01:21 GMT" time="291.278" errors="0">
  <testcase name="Test_NBS6" time="291.278" classname="Com.Testcases.NewBusinessScenarios.NBS6"/>
</testsuite> <!-- Com.Testcases.NewBusinessScenarios.NBS6 -->
