<?xml version="1.0" encoding="UTF-8"?>
<!-- Generated by org.testng.reporters.JUnitReportReporter -->
<testsuite hostname="QTSITVDI0013" name="Com.Testcases.Tools.demoJenkins" tests="1" failures="0" timestamp="6 Sep 2018 09:44:37 GMT" time="0.009" errors="0">
  <testcase name="Jenkins" time="0.009" classname="Com.Testcases.Tools.demoJenkins"/>
</testsuite> <!-- Com.Testcases.Tools.demoJenkins -->
