<?xml version="1.0" encoding="UTF-8"?>
<!-- Generated by org.testng.reporters.JUnitReportReporter -->
<testsuite hostname="JKASHYAPSSL" name="Com.Testcases.Deductible_Loss_Recoverable_Adjustment_11694" tests="1" failures="0" timestamp="18 Dec 2017 16:55:28 GMT" time="166.212" errors="0">
  <testcase name="Test_Deductible_Loss_Recoverable_Adjustment_11694" time="166.212" classname="Com.Testcases.Deductible_Loss_Recoverable_Adjustment_11694"/>
</testsuite> <!-- Com.Testcases.Deductible_Loss_Recoverable_Adjustment_11694 -->
