<?xml version="1.0" encoding="UTF-8"?>
<!-- Generated by org.testng.reporters.JUnitReportReporter -->
<testsuite hostname="QTSITVDI0013" name="Com.Testcases.Portal.NewApplication" tests="1" failures="0" timestamp="26 Oct 2018 13:18:30 GMT" time="96.195" errors="0">
  <testcase name="Test_NewApplication" time="96.195" classname="Com.Testcases.Portal.NewApplication"/>
</testsuite> <!-- Com.Testcases.Portal.NewApplication -->
