<?xml version="1.0" encoding="UTF-8"?>
<!-- Generated by org.testng.reporters.JUnitReportReporter -->
<testsuite hostname="RKUMARSSL" name="Com.Testcases.NewBusiness.ExpireWorkplace" tests="1" failures="0" timestamp="19 Jul 2018 13:31:45 GMT" time="53.703" errors="0">
  <testcase name="Test_ExpireWorkplace" time="53.703" classname="Com.Testcases.NewBusiness.ExpireWorkplace"/>
</testsuite> <!-- Com.Testcases.NewBusiness.ExpireWorkplace -->
