<?xml version="1.0" encoding="UTF-8"?>
<!-- Generated by org.testng.reporters.JUnitReportReporter -->
<testsuite hostname="CON-W7-18" name="Com.Testcases.Quote_Status_Check" tests="3" failures="0" timestamp="7 Mar 2017 10:03:31 GMT" time="89.637" errors="0">
  <testcase name="TestQuoteStatus" time="53.699" classname="Com.Testcases.Quote_Status_Check"/>
  <testcase name="TestQuoteStatus" time="13.786" classname="Com.Testcases.Quote_Status_Check"/>
  <testcase name="TestQuoteStatus" time="22.152" classname="Com.Testcases.Quote_Status_Check"/>
</testsuite> <!-- Com.Testcases.Quote_Status_Check -->
