<?xml version="1.0" encoding="UTF-8"?>
<!-- Generated by org.testng.reporters.JUnitReportReporter -->
<testsuite hostname="RKUMARSSL" name="Com.Testcases.SystemConfigurations.DeductibleRateUpdateUAT" tests="70" failures="0" timestamp="31 Jul 2018 15:44:03 GMT" time="734.457" errors="0">
  <testcase name="Test_Deductible_Rate_Update_UAT" time="9.731" classname="Com.Testcases.SystemConfigurations.DeductibleRateUpdateUAT"/>
  <testcase name="Test_Deductible_Rate_Update_UAT" time="10.682" classname="Com.Testcases.SystemConfigurations.DeductibleRateUpdateUAT"/>
  <testcase name="Test_Deductible_Rate_Update_UAT" time="9.891" classname="Com.Testcases.SystemConfigurations.DeductibleRateUpdateUAT"/>
  <testcase name="Test_Deductible_Rate_Update_UAT" time="10.359" classname="Com.Testcases.SystemConfigurations.DeductibleRateUpdateUAT"/>
  <testcase name="Test_Deductible_Rate_Update_UAT" time="10.869" classname="Com.Testcases.SystemConfigurations.DeductibleRateUpdateUAT"/>
  <testcase name="Test_Deductible_Rate_Update_UAT" time="10.252" classname="Com.Testcases.SystemConfigurations.DeductibleRateUpdateUAT"/>
  <testcase name="Test_Deductible_Rate_Update_UAT" time="10.098" classname="Com.Testcases.SystemConfigurations.DeductibleRateUpdateUAT"/>
  <testcase name="Test_Deductible_Rate_Update_UAT" time="10.226" classname="Com.Testcases.SystemConfigurations.DeductibleRateUpdateUAT"/>
  <testcase name="Test_Deductible_Rate_Update_UAT" time="9.917" classname="Com.Testcases.SystemConfigurations.DeductibleRateUpdateUAT"/>
  <testcase name="Test_Deductible_Rate_Update_UAT" time="10.570" classname="Com.Testcases.SystemConfigurations.DeductibleRateUpdateUAT"/>
  <testcase name="Test_Deductible_Rate_Update_UAT" time="9.683" classname="Com.Testcases.SystemConfigurations.DeductibleRateUpdateUAT"/>
  <testcase name="Test_Deductible_Rate_Update_UAT" time="10.235" classname="Com.Testcases.SystemConfigurations.DeductibleRateUpdateUAT"/>
  <testcase name="Test_Deductible_Rate_Update_UAT" time="10.151" classname="Com.Testcases.SystemConfigurations.DeductibleRateUpdateUAT"/>
  <testcase name="Test_Deductible_Rate_Update_UAT" time="9.989" classname="Com.Testcases.SystemConfigurations.DeductibleRateUpdateUAT"/>
  <testcase name="Test_Deductible_Rate_Update_UAT" time="10.135" classname="Com.Testcases.SystemConfigurations.DeductibleRateUpdateUAT"/>
  <testcase name="Test_Deductible_Rate_Update_UAT" time="9.721" classname="Com.Testcases.SystemConfigurations.DeductibleRateUpdateUAT"/>
  <testcase name="Test_Deductible_Rate_Update_UAT" time="9.858" classname="Com.Testcases.SystemConfigurations.DeductibleRateUpdateUAT"/>
  <testcase name="Test_Deductible_Rate_Update_UAT" time="9.839" classname="Com.Testcases.SystemConfigurations.DeductibleRateUpdateUAT"/>
  <testcase name="Test_Deductible_Rate_Update_UAT" time="9.702" classname="Com.Testcases.SystemConfigurations.DeductibleRateUpdateUAT"/>
  <testcase name="Test_Deductible_Rate_Update_UAT" time="9.848" classname="Com.Testcases.SystemConfigurations.DeductibleRateUpdateUAT"/>
  <testcase name="Test_Deductible_Rate_Update_UAT" time="10.750" classname="Com.Testcases.SystemConfigurations.DeductibleRateUpdateUAT"/>
  <testcase name="Test_Deductible_Rate_Update_UAT" time="10.045" classname="Com.Testcases.SystemConfigurations.DeductibleRateUpdateUAT"/>
  <testcase name="Test_Deductible_Rate_Update_UAT" time="9.803" classname="Com.Testcases.SystemConfigurations.DeductibleRateUpdateUAT"/>
  <testcase name="Test_Deductible_Rate_Update_UAT" time="10.105" classname="Com.Testcases.SystemConfigurations.DeductibleRateUpdateUAT"/>
  <testcase name="Test_Deductible_Rate_Update_UAT" time="10.095" classname="Com.Testcases.SystemConfigurations.DeductibleRateUpdateUAT"/>
  <testcase name="Test_Deductible_Rate_Update_UAT" time="10.694" classname="Com.Testcases.SystemConfigurations.DeductibleRateUpdateUAT"/>
  <testcase name="Test_Deductible_Rate_Update_UAT" time="9.981" classname="Com.Testcases.SystemConfigurations.DeductibleRateUpdateUAT"/>
  <testcase name="Test_Deductible_Rate_Update_UAT" time="9.739" classname="Com.Testcases.SystemConfigurations.DeductibleRateUpdateUAT"/>
  <testcase name="Test_Deductible_Rate_Update_UAT" time="10.050" classname="Com.Testcases.SystemConfigurations.DeductibleRateUpdateUAT"/>
  <testcase name="Test_Deductible_Rate_Update_UAT" time="15.359" classname="Com.Testcases.SystemConfigurations.DeductibleRateUpdateUAT"/>
  <testcase name="Test_Deductible_Rate_Update_UAT" time="10.215" classname="Com.Testcases.SystemConfigurations.DeductibleRateUpdateUAT"/>
  <testcase name="Test_Deductible_Rate_Update_UAT" time="9.842" classname="Com.Testcases.SystemConfigurations.DeductibleRateUpdateUAT"/>
  <testcase name="Test_Deductible_Rate_Update_UAT" time="10.863" classname="Com.Testcases.SystemConfigurations.DeductibleRateUpdateUAT"/>
  <testcase name="Test_Deductible_Rate_Update_UAT" time="10.585" classname="Com.Testcases.SystemConfigurations.DeductibleRateUpdateUAT"/>
  <testcase name="Test_Deductible_Rate_Update_UAT" time="9.811" classname="Com.Testcases.SystemConfigurations.DeductibleRateUpdateUAT"/>
  <testcase name="Test_Deductible_Rate_Update_UAT" time="11.011" classname="Com.Testcases.SystemConfigurations.DeductibleRateUpdateUAT"/>
  <testcase name="Test_Deductible_Rate_Update_UAT" time="9.809" classname="Com.Testcases.SystemConfigurations.DeductibleRateUpdateUAT"/>
  <testcase name="Test_Deductible_Rate_Update_UAT" time="9.882" classname="Com.Testcases.SystemConfigurations.DeductibleRateUpdateUAT"/>
  <testcase name="Test_Deductible_Rate_Update_UAT" time="9.800" classname="Com.Testcases.SystemConfigurations.DeductibleRateUpdateUAT"/>
  <testcase name="Test_Deductible_Rate_Update_UAT" time="10.685" classname="Com.Testcases.SystemConfigurations.DeductibleRateUpdateUAT"/>
  <testcase name="Test_Deductible_Rate_Update_UAT" time="9.800" classname="Com.Testcases.SystemConfigurations.DeductibleRateUpdateUAT"/>
  <testcase name="Test_Deductible_Rate_Update_UAT" time="9.746" classname="Com.Testcases.SystemConfigurations.DeductibleRateUpdateUAT"/>
  <testcase name="Test_Deductible_Rate_Update_UAT" time="9.833" classname="Com.Testcases.SystemConfigurations.DeductibleRateUpdateUAT"/>
  <testcase name="Test_Deductible_Rate_Update_UAT" time="9.728" classname="Com.Testcases.SystemConfigurations.DeductibleRateUpdateUAT"/>
  <testcase name="Test_Deductible_Rate_Update_UAT" time="9.802" classname="Com.Testcases.SystemConfigurations.DeductibleRateUpdateUAT"/>
  <testcase name="Test_Deductible_Rate_Update_UAT" time="9.759" classname="Com.Testcases.SystemConfigurations.DeductibleRateUpdateUAT"/>
  <testcase name="Test_Deductible_Rate_Update_UAT" time="25.986" classname="Com.Testcases.SystemConfigurations.DeductibleRateUpdateUAT"/>
  <testcase name="Test_Deductible_Rate_Update_UAT" time="10.087" classname="Com.Testcases.SystemConfigurations.DeductibleRateUpdateUAT"/>
  <testcase name="Test_Deductible_Rate_Update_UAT" time="11.135" classname="Com.Testcases.SystemConfigurations.DeductibleRateUpdateUAT"/>
  <testcase name="Test_Deductible_Rate_Update_UAT" time="9.879" classname="Com.Testcases.SystemConfigurations.DeductibleRateUpdateUAT"/>
  <testcase name="Test_Deductible_Rate_Update_UAT" time="9.914" classname="Com.Testcases.SystemConfigurations.DeductibleRateUpdateUAT"/>
  <testcase name="Test_Deductible_Rate_Update_UAT" time="9.734" classname="Com.Testcases.SystemConfigurations.DeductibleRateUpdateUAT"/>
  <testcase name="Test_Deductible_Rate_Update_UAT" time="9.846" classname="Com.Testcases.SystemConfigurations.DeductibleRateUpdateUAT"/>
  <testcase name="Test_Deductible_Rate_Update_UAT" time="10.346" classname="Com.Testcases.SystemConfigurations.DeductibleRateUpdateUAT"/>
  <testcase name="Test_Deductible_Rate_Update_UAT" time="11.232" classname="Com.Testcases.SystemConfigurations.DeductibleRateUpdateUAT"/>
  <testcase name="Test_Deductible_Rate_Update_UAT" time="11.104" classname="Com.Testcases.SystemConfigurations.DeductibleRateUpdateUAT"/>
  <testcase name="Test_Deductible_Rate_Update_UAT" time="10.654" classname="Com.Testcases.SystemConfigurations.DeductibleRateUpdateUAT"/>
  <testcase name="Test_Deductible_Rate_Update_UAT" time="9.766" classname="Com.Testcases.SystemConfigurations.DeductibleRateUpdateUAT"/>
  <testcase name="Test_Deductible_Rate_Update_UAT" time="10.784" classname="Com.Testcases.SystemConfigurations.DeductibleRateUpdateUAT"/>
  <testcase name="Test_Deductible_Rate_Update_UAT" time="10.925" classname="Com.Testcases.SystemConfigurations.DeductibleRateUpdateUAT"/>
  <testcase name="Test_Deductible_Rate_Update_UAT" time="11.299" classname="Com.Testcases.SystemConfigurations.DeductibleRateUpdateUAT"/>
  <testcase name="Test_Deductible_Rate_Update_UAT" time="9.837" classname="Com.Testcases.SystemConfigurations.DeductibleRateUpdateUAT"/>
  <testcase name="Test_Deductible_Rate_Update_UAT" time="10.498" classname="Com.Testcases.SystemConfigurations.DeductibleRateUpdateUAT"/>
  <testcase name="Test_Deductible_Rate_Update_UAT" time="10.326" classname="Com.Testcases.SystemConfigurations.DeductibleRateUpdateUAT"/>
  <testcase name="Test_Deductible_Rate_Update_UAT" time="10.161" classname="Com.Testcases.SystemConfigurations.DeductibleRateUpdateUAT"/>
  <testcase name="Test_Deductible_Rate_Update_UAT" time="10.332" classname="Com.Testcases.SystemConfigurations.DeductibleRateUpdateUAT"/>
  <testcase name="Test_Deductible_Rate_Update_UAT" time="10.243" classname="Com.Testcases.SystemConfigurations.DeductibleRateUpdateUAT"/>
  <testcase name="Test_Deductible_Rate_Update_UAT" time="10.247" classname="Com.Testcases.SystemConfigurations.DeductibleRateUpdateUAT"/>
  <testcase name="Test_Deductible_Rate_Update_UAT" time="10.305" classname="Com.Testcases.SystemConfigurations.DeductibleRateUpdateUAT"/>
  <testcase name="Test_Deductible_Rate_Update_UAT" time="10.269" classname="Com.Testcases.SystemConfigurations.DeductibleRateUpdateUAT"/>
</testsuite> <!-- Com.Testcases.SystemConfigurations.DeductibleRateUpdateUAT -->
