<?xml version="1.0" encoding="UTF-8"?>
<!-- Generated by org.testng.reporters.JUnitReportReporter -->
<testsuite hostname="QTSITVDI0013" name="Com.Testcases.Endorsement.STE26" tests="1" failures="0" timestamp="2 Aug 2019 14:56:40 GMT" time="112.438" errors="0">
  <testcase name="Test_STE26" time="112.438" classname="Com.Testcases.Endorsement.STE26"/>
</testsuite> <!-- Com.Testcases.Endorsement.STE26 -->
