<?xml version="1.0" encoding="UTF-8"?>
<!-- Generated by org.testng.reporters.JUnitReportReporter -->
<testsuite hostname="QTSITVDI0013" name="Com.Testcases.NewBusinessScenarios.NBS15" tests="1" failures="0" timestamp="2 Sep 2019 11:16:43 GMT" time="210.844" errors="0">
  <testcase name="Test_NBS15" time="210.844" classname="Com.Testcases.NewBusinessScenarios.NBS15"/>
</testsuite> <!-- Com.Testcases.NewBusinessScenarios.NBS15 -->
