<?xml version="1.0" encoding="UTF-8"?>
<!-- Generated by org.testng.reporters.JUnitReportReporter -->
<testsuite hostname="RKUMARSSL" name="Com.Testcases.NewBusiness.BusinessTypeCodeEndorsement" tests="1" failures="0" timestamp="20 Jul 2018 09:28:02 GMT" time="40.428" errors="0">
  <testcase name="Test_BusinessTypeCodeEndorsement" time="40.428" classname="Com.Testcases.NewBusiness.BusinessTypeCodeEndorsement"/>
</testsuite> <!-- Com.Testcases.NewBusiness.BusinessTypeCodeEndorsement -->
