<?xml version="1.0" encoding="UTF-8"?>
<!-- Generated by org.testng.reporters.JUnitReportReporter -->
<testsuite hostname="QTSITVDI0013" name="Com.Testcases.Endorsement.STE13" tests="1" failures="0" timestamp="13 Mar 2019 11:49:19 GMT" time="148.064" errors="0">
  <testcase name="Test_STE13" time="148.064" classname="Com.Testcases.Endorsement.STE13"/>
</testsuite> <!-- Com.Testcases.Endorsement.STE13 -->
