<?xml version="1.0" encoding="UTF-8"?>
<!-- Generated by org.testng.reporters.JUnitReportReporter -->
<testsuite hostname="QTSITVDI0013" name="Com.Testcases.Portal.NewTest" tests="1" failures="0" timestamp="19 Dec 2018 12:40:21 GMT" time="0.000" errors="0">
  <testcase name="f" time="0.000" classname="Com.Testcases.Portal.NewTest"/>
</testsuite> <!-- Com.Testcases.Portal.NewTest -->
