<?xml version="1.0" encoding="UTF-8"?>
<!-- Generated by org.testng.reporters.JUnitReportReporter -->
<testsuite hostname="QTSITVDI0013" name="Com.Testcases.NewBusinessScenarios.NBS2" tests="1" failures="0" timestamp="4 Sep 2019 12:41:45 GMT" time="562.848" errors="0">
  <testcase name="Test_NBS2" time="562.848" classname="Com.Testcases.NewBusinessScenarios.NBS2"/>
</testsuite> <!-- Com.Testcases.NewBusinessScenarios.NBS2 -->
