<?xml version="1.0" encoding="UTF-8"?>
<!-- Generated by org.testng.reporters.JUnitReportReporter -->
<testsuite hostname="QTSITVDI0013" name="Com.Testcases.Portal.STP20" tests="1" failures="0" timestamp="22 Apr 2019 15:42:16 GMT" time="169.318" errors="0">
  <testcase name="Test_STP20" time="169.318" classname="Com.Testcases.Portal.STP20"/>
</testsuite> <!-- Com.Testcases.Portal.STP20 -->
