<?xml version="1.0" encoding="UTF-8"?>
<!-- Generated by org.testng.reporters.JUnitReportReporter -->
<testsuite hostname="RKUMARSSL" name="Com.Testcases.NewBusiness.OtherNamedInsuredEndorsement" tests="1" failures="0" timestamp="18 Jul 2018 15:35:04 GMT" time="40.346" errors="0">
  <testcase name="Test_OtherNamedInsuredEndorsement" time="40.346" classname="Com.Testcases.NewBusiness.OtherNamedInsuredEndorsement"/>
</testsuite> <!-- Com.Testcases.NewBusiness.OtherNamedInsuredEndorsement -->
