<?xml version="1.0" encoding="UTF-8"?>
<!-- Generated by org.testng.reporters.JUnitReportReporter -->
<testsuite hostname="QTSITVDI0013" name="Com.Testcases.NewBusinessScenarios.NBS10" tests="1" failures="0" timestamp="4 Sep 2019 14:47:08 GMT" time="558.740" errors="0">
  <testcase name="Test_NBS10" time="558.740" classname="Com.Testcases.NewBusinessScenarios.NBS10"/>
</testsuite> <!-- Com.Testcases.NewBusinessScenarios.NBS10 -->
