<?xml version="1.0" encoding="UTF-8"?>
<!-- Generated by org.testng.reporters.JUnitReportReporter -->
<testsuite hostname="QTSITVDI0013" name="Com.Testcases.Endorsement.STE17" tests="1" failures="0" timestamp="1 Aug 2019 15:05:44 GMT" time="75.664" errors="0">
  <testcase name="Test_STE17" time="75.664" classname="Com.Testcases.Endorsement.STE17"/>
</testsuite> <!-- Com.Testcases.Endorsement.STE17 -->
