<?xml version="1.0" encoding="UTF-8"?>
<!-- Generated by org.testng.reporters.JUnitReportReporter -->
<testsuite hostname="RKUMARSSL" name="Com.Testcases.NewBusiness.GeneralEdits_Workplace" tests="1" failures="0" timestamp="23 Jul 2018 13:08:45 GMT" time="54.633" errors="0">
  <testcase name="Test_GeneralEdits_Workplace" time="54.633" classname="Com.Testcases.NewBusiness.GeneralEdits_Workplace"/>
</testsuite> <!-- Com.Testcases.NewBusiness.GeneralEdits_Workplace -->
