<?xml version="1.0" encoding="UTF-8"?>
<!-- Generated by org.testng.reporters.JUnitReportReporter -->
<testsuite hostname="JKASHYAPSSL" name="Com.Testcases.Edit_Claim" tests="1" failures="0" timestamp="17 Apr 2017 10:07:21 GMT" time="66.729" errors="0">
  <testcase name="Test_EditClaim" time="66.729" classname="Com.Testcases.Edit_Claim"/>
</testsuite> <!-- Com.Testcases.Edit_Claim -->
