<?xml version="1.0" encoding="UTF-8"?>
<!-- Generated by org.testng.reporters.JUnitReportReporter -->
<testsuite hostname="QTSITVDI0013" name="Com.Testcases.Endorsement.STE20" tests="1" failures="0" timestamp="1 Aug 2019 15:58:31 GMT" time="101.054" errors="0">
  <testcase name="Test_STE20" time="101.054" classname="Com.Testcases.Endorsement.STE20"/>
</testsuite> <!-- Com.Testcases.Endorsement.STE20 -->
