<?xml version="1.0" encoding="UTF-8"?>
<!-- Generated by org.testng.reporters.JUnitReportReporter -->
<testsuite hostname="JKASHYAPSSL" name="Com.Testcases.IECapture" tests="1" failures="0" timestamp="22 Mar 2017 09:29:23 GMT" time="4.047" errors="0">
  <testcase name="function1" time="4.047" classname="Com.Testcases.IECapture"/>
</testsuite> <!-- Com.Testcases.IECapture -->
