<?xml version="1.0" encoding="UTF-8"?>
<!-- Generated by org.testng.reporters.JUnitReportReporter -->
<testsuite hostname="QTSITVDI0013" name="Com.Testcases.NewBusinessScenarios.NBS20" tests="1" failures="0" timestamp="2 Sep 2019 10:30:09 GMT" time="202.408" errors="0">
  <testcase name="Test_NBS20" time="202.408" classname="Com.Testcases.NewBusinessScenarios.NBS20"/>
</testsuite> <!-- Com.Testcases.NewBusinessScenarios.NBS20 -->
