<?xml version="1.0" encoding="UTF-8"?>
<!-- Generated by org.testng.reporters.JUnitReportReporter -->
<testsuite hostname="QTSITVDI0013" name="Com.Testcases.NewBusinessScenarios.NBS1" tests="1" failures="0" timestamp="4 Sep 2019 11:07:41 GMT" time="499.291" errors="0">
  <testcase name="Test_NBS1" time="499.291" classname="Com.Testcases.NewBusinessScenarios.NBS1"/>
</testsuite> <!-- Com.Testcases.NewBusinessScenarios.NBS1 -->
