<?xml version="1.0" encoding="UTF-8"?>
<!-- Generated by org.testng.reporters.JUnitReportReporter -->
<testsuite hostname="QTSITVDI0013" name="Com.Testcases.Portal.STP18" tests="1" failures="0" timestamp="22 Apr 2019 15:38:30 GMT" time="171.051" errors="0">
  <testcase name="Test_STP18" time="171.051" classname="Com.Testcases.Portal.STP18"/>
</testsuite> <!-- Com.Testcases.Portal.STP18 -->
