<?xml version="1.0" encoding="UTF-8"?>
<!-- Generated by org.testng.reporters.JUnitReportReporter -->
<testsuite hostname="RKUMARSSL" name="Com.Testcases.NewBusiness.AircraftEndorsement" tests="1" failures="0" timestamp="9 Jul 2018 12:34:55 GMT" time="36.769" errors="0">
  <testcase name="Test_AircraftEndorsement" time="36.769" classname="Com.Testcases.NewBusiness.AircraftEndorsement"/>
</testsuite> <!-- Com.Testcases.NewBusiness.AircraftEndorsement -->
