<?xml version="1.0" encoding="UTF-8"?>
<!-- Generated by org.testng.reporters.JUnitReportReporter -->
<testsuite hostname="RKUMARSSL" name="Com.Testcases.NewBusiness.PayrollChangeEndorsement" tests="1" failures="0" timestamp="30 Jul 2018 12:04:03 GMT" time="60.791" errors="0">
  <testcase name="Test_CreditDebitEndorsement" time="60.791" classname="Com.Testcases.NewBusiness.PayrollChangeEndorsement"/>
</testsuite> <!-- Com.Testcases.NewBusiness.PayrollChangeEndorsement -->
