<?xml version="1.0" encoding="UTF-8"?>
<!-- Generated by org.testng.reporters.JUnitReportReporter -->
<testsuite hostname="JKASHYAPSSL" name="Com.Testcases.DeductibleLoss_ExpRecoverable_RecoveryAdjustmentExceedsPolicyDeductible_11695" tests="1" failures="0" timestamp="19 Dec 2017 14:49:32 GMT" time="273.350" errors="0">
  <testcase name="Test_DeductibleLoss_ExpRecoverable_RecoveryAdjustmentExceedsPolicyDeductible_11695" time="273.350" classname="Com.Testcases.DeductibleLoss_ExpRecoverable_RecoveryAdjustmentExceedsPolicyDeductible_11695"/>
</testsuite> <!-- Com.Testcases.DeductibleLoss_ExpRecoverable_RecoveryAdjustmentExceedsPolicyDeductible_11695 -->
