<?xml version="1.0" encoding="UTF-8"?>
<!-- Generated by org.testng.reporters.JUnitReportReporter -->
<testsuite hostname="QTSITVDI0013" name="Com.Testcases.Portal.InternalLoginNewApplication" tests="4" failures="0" timestamp="3 Dec 2018 17:09:32 GMT" time="416.051" errors="0">
  <testcase name="Test_InternalLoginNewApplication" time="99.415" classname="Com.Testcases.Portal.InternalLoginNewApplication"/>
  <testcase name="Test_InternalLoginNewApplication" time="95.546" classname="Com.Testcases.Portal.InternalLoginNewApplication"/>
  <testcase name="Test_InternalLoginNewApplication" time="134.878" classname="Com.Testcases.Portal.InternalLoginNewApplication"/>
  <testcase name="Test_InternalLoginNewApplication" time="86.212" classname="Com.Testcases.Portal.InternalLoginNewApplication"/>
</testsuite> <!-- Com.Testcases.Portal.InternalLoginNewApplication -->
