<?xml version="1.0" encoding="UTF-8"?>
<!-- Generated by org.testng.reporters.JUnitReportReporter -->
<testsuite hostname="QTSITVDI0013" name="Com.Testcases.SystemConfigurations.DeductibleRateUpdate" tests="70" failures="0" timestamp="4 Jan 2019 10:02:14 GMT" time="1050.063" errors="0">
  <testcase name="Test_Deductible_Rate_Update" time="13.039" classname="Com.Testcases.SystemConfigurations.DeductibleRateUpdate"/>
  <testcase name="Test_Deductible_Rate_Update" time="13.382" classname="Com.Testcases.SystemConfigurations.DeductibleRateUpdate"/>
  <testcase name="Test_Deductible_Rate_Update" time="15.116" classname="Com.Testcases.SystemConfigurations.DeductibleRateUpdate"/>
  <testcase name="Test_Deductible_Rate_Update" time="15.347" classname="Com.Testcases.SystemConfigurations.DeductibleRateUpdate"/>
  <testcase name="Test_Deductible_Rate_Update" time="13.396" classname="Com.Testcases.SystemConfigurations.DeductibleRateUpdate"/>
  <testcase name="Test_Deductible_Rate_Update" time="16.965" classname="Com.Testcases.SystemConfigurations.DeductibleRateUpdate"/>
  <testcase name="Test_Deductible_Rate_Update" time="13.698" classname="Com.Testcases.SystemConfigurations.DeductibleRateUpdate"/>
  <testcase name="Test_Deductible_Rate_Update" time="12.862" classname="Com.Testcases.SystemConfigurations.DeductibleRateUpdate"/>
  <testcase name="Test_Deductible_Rate_Update" time="16.233" classname="Com.Testcases.SystemConfigurations.DeductibleRateUpdate"/>
  <testcase name="Test_Deductible_Rate_Update" time="13.160" classname="Com.Testcases.SystemConfigurations.DeductibleRateUpdate"/>
  <testcase name="Test_Deductible_Rate_Update" time="14.123" classname="Com.Testcases.SystemConfigurations.DeductibleRateUpdate"/>
  <testcase name="Test_Deductible_Rate_Update" time="13.811" classname="Com.Testcases.SystemConfigurations.DeductibleRateUpdate"/>
  <testcase name="Test_Deductible_Rate_Update" time="16.714" classname="Com.Testcases.SystemConfigurations.DeductibleRateUpdate"/>
  <testcase name="Test_Deductible_Rate_Update" time="14.146" classname="Com.Testcases.SystemConfigurations.DeductibleRateUpdate"/>
  <testcase name="Test_Deductible_Rate_Update" time="13.535" classname="Com.Testcases.SystemConfigurations.DeductibleRateUpdate"/>
  <testcase name="Test_Deductible_Rate_Update" time="16.665" classname="Com.Testcases.SystemConfigurations.DeductibleRateUpdate"/>
  <testcase name="Test_Deductible_Rate_Update" time="15.204" classname="Com.Testcases.SystemConfigurations.DeductibleRateUpdate"/>
  <testcase name="Test_Deductible_Rate_Update" time="14.986" classname="Com.Testcases.SystemConfigurations.DeductibleRateUpdate"/>
  <testcase name="Test_Deductible_Rate_Update" time="15.047" classname="Com.Testcases.SystemConfigurations.DeductibleRateUpdate"/>
  <testcase name="Test_Deductible_Rate_Update" time="12.908" classname="Com.Testcases.SystemConfigurations.DeductibleRateUpdate"/>
  <testcase name="Test_Deductible_Rate_Update" time="29.124" classname="Com.Testcases.SystemConfigurations.DeductibleRateUpdate"/>
  <testcase name="Test_Deductible_Rate_Update" time="13.534" classname="Com.Testcases.SystemConfigurations.DeductibleRateUpdate"/>
  <testcase name="Test_Deductible_Rate_Update" time="19.628" classname="Com.Testcases.SystemConfigurations.DeductibleRateUpdate"/>
  <testcase name="Test_Deductible_Rate_Update" time="14.750" classname="Com.Testcases.SystemConfigurations.DeductibleRateUpdate"/>
  <testcase name="Test_Deductible_Rate_Update" time="13.259" classname="Com.Testcases.SystemConfigurations.DeductibleRateUpdate"/>
  <testcase name="Test_Deductible_Rate_Update" time="14.086" classname="Com.Testcases.SystemConfigurations.DeductibleRateUpdate"/>
  <testcase name="Test_Deductible_Rate_Update" time="13.457" classname="Com.Testcases.SystemConfigurations.DeductibleRateUpdate"/>
  <testcase name="Test_Deductible_Rate_Update" time="15.535" classname="Com.Testcases.SystemConfigurations.DeductibleRateUpdate"/>
  <testcase name="Test_Deductible_Rate_Update" time="12.946" classname="Com.Testcases.SystemConfigurations.DeductibleRateUpdate"/>
  <testcase name="Test_Deductible_Rate_Update" time="13.663" classname="Com.Testcases.SystemConfigurations.DeductibleRateUpdate"/>
  <testcase name="Test_Deductible_Rate_Update" time="13.516" classname="Com.Testcases.SystemConfigurations.DeductibleRateUpdate"/>
  <testcase name="Test_Deductible_Rate_Update" time="13.700" classname="Com.Testcases.SystemConfigurations.DeductibleRateUpdate"/>
  <testcase name="Test_Deductible_Rate_Update" time="14.929" classname="Com.Testcases.SystemConfigurations.DeductibleRateUpdate"/>
  <testcase name="Test_Deductible_Rate_Update" time="13.313" classname="Com.Testcases.SystemConfigurations.DeductibleRateUpdate"/>
  <testcase name="Test_Deductible_Rate_Update" time="18.478" classname="Com.Testcases.SystemConfigurations.DeductibleRateUpdate"/>
  <testcase name="Test_Deductible_Rate_Update" time="15.120" classname="Com.Testcases.SystemConfigurations.DeductibleRateUpdate"/>
  <testcase name="Test_Deductible_Rate_Update" time="13.248" classname="Com.Testcases.SystemConfigurations.DeductibleRateUpdate"/>
  <testcase name="Test_Deductible_Rate_Update" time="14.024" classname="Com.Testcases.SystemConfigurations.DeductibleRateUpdate"/>
  <testcase name="Test_Deductible_Rate_Update" time="16.034" classname="Com.Testcases.SystemConfigurations.DeductibleRateUpdate"/>
  <testcase name="Test_Deductible_Rate_Update" time="12.847" classname="Com.Testcases.SystemConfigurations.DeductibleRateUpdate"/>
  <testcase name="Test_Deductible_Rate_Update" time="14.801" classname="Com.Testcases.SystemConfigurations.DeductibleRateUpdate"/>
  <testcase name="Test_Deductible_Rate_Update" time="16.443" classname="Com.Testcases.SystemConfigurations.DeductibleRateUpdate"/>
  <testcase name="Test_Deductible_Rate_Update" time="17.269" classname="Com.Testcases.SystemConfigurations.DeductibleRateUpdate"/>
  <testcase name="Test_Deductible_Rate_Update" time="15.979" classname="Com.Testcases.SystemConfigurations.DeductibleRateUpdate"/>
  <testcase name="Test_Deductible_Rate_Update" time="13.561" classname="Com.Testcases.SystemConfigurations.DeductibleRateUpdate"/>
  <testcase name="Test_Deductible_Rate_Update" time="13.921" classname="Com.Testcases.SystemConfigurations.DeductibleRateUpdate"/>
  <testcase name="Test_Deductible_Rate_Update" time="13.407" classname="Com.Testcases.SystemConfigurations.DeductibleRateUpdate"/>
  <testcase name="Test_Deductible_Rate_Update" time="7.347" classname="Com.Testcases.SystemConfigurations.DeductibleRateUpdate"/>
  <testcase name="Test_Deductible_Rate_Update" time="14.181" classname="Com.Testcases.SystemConfigurations.DeductibleRateUpdate"/>
  <testcase name="Test_Deductible_Rate_Update" time="12.993" classname="Com.Testcases.SystemConfigurations.DeductibleRateUpdate"/>
  <testcase name="Test_Deductible_Rate_Update" time="15.954" classname="Com.Testcases.SystemConfigurations.DeductibleRateUpdate"/>
  <testcase name="Test_Deductible_Rate_Update" time="12.998" classname="Com.Testcases.SystemConfigurations.DeductibleRateUpdate"/>
  <testcase name="Test_Deductible_Rate_Update" time="13.314" classname="Com.Testcases.SystemConfigurations.DeductibleRateUpdate"/>
  <testcase name="Test_Deductible_Rate_Update" time="15.192" classname="Com.Testcases.SystemConfigurations.DeductibleRateUpdate"/>
  <testcase name="Test_Deductible_Rate_Update" time="16.373" classname="Com.Testcases.SystemConfigurations.DeductibleRateUpdate"/>
  <testcase name="Test_Deductible_Rate_Update" time="13.373" classname="Com.Testcases.SystemConfigurations.DeductibleRateUpdate"/>
  <testcase name="Test_Deductible_Rate_Update" time="12.975" classname="Com.Testcases.SystemConfigurations.DeductibleRateUpdate"/>
  <testcase name="Test_Deductible_Rate_Update" time="14.467" classname="Com.Testcases.SystemConfigurations.DeductibleRateUpdate"/>
  <testcase name="Test_Deductible_Rate_Update" time="15.613" classname="Com.Testcases.SystemConfigurations.DeductibleRateUpdate"/>
  <testcase name="Test_Deductible_Rate_Update" time="14.182" classname="Com.Testcases.SystemConfigurations.DeductibleRateUpdate"/>
  <testcase name="Test_Deductible_Rate_Update" time="16.536" classname="Com.Testcases.SystemConfigurations.DeductibleRateUpdate"/>
  <testcase name="Test_Deductible_Rate_Update" time="17.332" classname="Com.Testcases.SystemConfigurations.DeductibleRateUpdate"/>
  <testcase name="Test_Deductible_Rate_Update" time="13.504" classname="Com.Testcases.SystemConfigurations.DeductibleRateUpdate"/>
  <testcase name="Test_Deductible_Rate_Update" time="15.997" classname="Com.Testcases.SystemConfigurations.DeductibleRateUpdate"/>
  <testcase name="Test_Deductible_Rate_Update" time="7.508" classname="Com.Testcases.SystemConfigurations.DeductibleRateUpdate"/>
  <testcase name="Test_Deductible_Rate_Update" time="16.386" classname="Com.Testcases.SystemConfigurations.DeductibleRateUpdate"/>
  <testcase name="Test_Deductible_Rate_Update" time="36.923" classname="Com.Testcases.SystemConfigurations.DeductibleRateUpdate"/>
  <testcase name="Test_Deductible_Rate_Update" time="13.845" classname="Com.Testcases.SystemConfigurations.DeductibleRateUpdate"/>
  <testcase name="Test_Deductible_Rate_Update" time="17.130" classname="Com.Testcases.SystemConfigurations.DeductibleRateUpdate"/>
  <testcase name="Test_Deductible_Rate_Update" time="15.031" classname="Com.Testcases.SystemConfigurations.DeductibleRateUpdate"/>
</testsuite> <!-- Com.Testcases.SystemConfigurations.DeductibleRateUpdate -->
