<?xml version="1.0" encoding="UTF-8"?>
<!-- Generated by org.testng.reporters.JUnitReportReporter -->
<testsuite name="Com.Testcases.Forms.convertExcelToHtml" tests="1" time="20.400" ignored="0" failures="0" timestamp="08 Apr 2020 16:26:53 GMT" skipped="0" hostname="DESKTOP-BH6RVTR" errors="0">
  <testcase name="Test_convertExcelToHtml" time="20.400" classname="Com.Testcases.Forms.convertExcelToHtml"/>
</testsuite> <!-- Com.Testcases.Forms.convertExcelToHtml -->
