<?xml version="1.0" encoding="UTF-8"?>
<!-- Generated by org.testng.reporters.JUnitReportReporter -->
<testsuite hostname="CON-W7-18" name="com.TestMaven" tests="1" failures="0" timestamp="16 Feb 2017 13:21:41 GMT" time="0.125" errors="0">
  <testcase name="Endorsement" time="0.125" classname="com.TestMaven"/>
</testsuite> <!-- com.TestMaven -->
