<?xml version="1.0" encoding="UTF-8"?>
<!-- Generated by org.testng.reporters.JUnitReportReporter -->
<testsuite hostname="QTSITVDI0013" name="Com.Testcases.Endorsement.STE1" tests="1" failures="0" timestamp="3 Sep 2019 10:52:42 GMT" time="272.613" errors="0">
  <testcase name="Test_STE1" time="272.613" classname="Com.Testcases.Endorsement.STE1"/>
</testsuite> <!-- Com.Testcases.Endorsement.STE1 -->
