<?xml version="1.0" encoding="UTF-8"?>
<!-- Generated by org.testng.reporters.JUnitReportReporter -->
<testsuite hostname="QTSITVDI0013" name="Com.Testcases.Endorsement.STE24" tests="1" failures="0" timestamp="2 Aug 2019 13:15:14 GMT" time="136.691" errors="0">
  <testcase name="Test_STE24" time="136.691" classname="Com.Testcases.Endorsement.STE24"/>
</testsuite> <!-- Com.Testcases.Endorsement.STE24 -->
