<?xml version="1.0" encoding="UTF-8"?>
<!-- Generated by org.testng.reporters.JUnitReportReporter -->
<testsuite hostname="JKASHYAPSSL" name="Com.Testcases.RecoverableAdjustmentTransaction_ModifySal_Loss_Rec_11703" tests="1" failures="0" timestamp="14 Dec 2017 14:46:03 GMT" time="223.947" errors="0">
  <testcase name="Test_RecoverableAdjustmentTransaction_ModifySal_Loss_Rec_11703" time="223.947" classname="Com.Testcases.RecoverableAdjustmentTransaction_ModifySal_Loss_Rec_11703"/>
</testsuite> <!-- Com.Testcases.RecoverableAdjustmentTransaction_ModifySal_Loss_Rec_11703 -->
