<?xml version="1.0" encoding="UTF-8"?>
<!-- Generated by org.testng.reporters.JUnitReportReporter -->
<testsuite hostname="RKUMARSSL" name="Com.Testcases.NewBusiness.RatingDateOverrideEndorsement" tests="1" failures="0" timestamp="16 Jul 2018 13:42:08 GMT" time="37.547" errors="0">
  <testcase name="Test_RatingDateOverrideEndorsement" time="37.547" classname="Com.Testcases.NewBusiness.RatingDateOverrideEndorsement"/>
</testsuite> <!-- Com.Testcases.NewBusiness.RatingDateOverrideEndorsement -->
