<?xml version="1.0" encoding="UTF-8"?>
<!-- Generated by org.testng.reporters.JUnitReportReporter -->
<testsuite hostname="QTSITVDI0013" name="Com.Testcases.Portal.STP13" tests="1" failures="0" timestamp="22 Apr 2019 15:06:53 GMT" time="155.337" errors="0">
  <testcase name="Test_STP13" time="155.337" classname="Com.Testcases.Portal.STP13"/>
</testsuite> <!-- Com.Testcases.Portal.STP13 -->
