<?xml version="1.0" encoding="UTF-8"?>
<!-- Generated by org.testng.reporters.JUnitReportReporter -->
<testsuite hostname="RKUMARSSL" name="Com.Testcases.NewBusiness.GeneralEdits_Policy" tests="1" failures="0" timestamp="26 Jul 2018 14:55:13 GMT" time="55.618" errors="0">
  <testcase name="Test_GeneralEdits_Policy" time="55.618" classname="Com.Testcases.NewBusiness.GeneralEdits_Policy"/>
</testsuite> <!-- Com.Testcases.NewBusiness.GeneralEdits_Policy -->
