<?xml version="1.0" encoding="UTF-8"?>
<!-- Generated by org.testng.reporters.JUnitReportReporter -->
<testsuite hostname="QTSITVDI0013" name="Com.Testcases.NewBusinessScenarios.NBS3" tests="1" failures="0" timestamp="4 Sep 2019 13:45:43 GMT" time="499.413" errors="0">
  <testcase name="Test_NBS3" time="499.413" classname="Com.Testcases.NewBusinessScenarios.NBS3"/>
</testsuite> <!-- Com.Testcases.NewBusinessScenarios.NBS3 -->
