<?xml version="1.0" encoding="UTF-8"?>
<!-- Generated by org.testng.reporters.JUnitReportReporter -->
<testsuite hostname="RKUMARSSL" name="Com.Testcases.NewBusiness.GeneralEdits_Insured" tests="1" failures="0" timestamp="20 Jul 2018 14:47:44 GMT" time="30.732" errors="0">
  <testcase name="Test_GeneralEdits_Insured" time="30.732" classname="Com.Testcases.NewBusiness.GeneralEdits_Insured"/>
</testsuite> <!-- Com.Testcases.NewBusiness.GeneralEdits_Insured -->
