<?xml version="1.0" encoding="UTF-8"?>
<!-- Generated by org.testng.reporters.JUnitReportReporter -->
<testsuite hostname="JKASHYAPSSL" name="Com.Testcases.PartialSalvageLossRecovery_IssuedTo_CollectionAgency_11709" tests="1" failures="0" timestamp="21 Dec 2017 10:55:59 GMT" time="174.295" errors="0">
  <testcase name="Test_PartialSalvageLossRecovery_IssuedTo_CollectionAgency_11709" time="174.295" classname="Com.Testcases.PartialSalvageLossRecovery_IssuedTo_CollectionAgency_11709"/>
</testsuite> <!-- Com.Testcases.PartialSalvageLossRecovery_IssuedTo_CollectionAgency_11709 -->
