<?xml version="1.0" encoding="UTF-8"?>
<!-- Generated by org.testng.reporters.JUnitReportReporter -->
<testsuite hostname="RKUMARSSL" name="Com.Testcases.NewBusiness.PremDisOverrideEndorsement" tests="1" failures="0" timestamp="16 Jul 2018 11:55:40 GMT" time="36.037" errors="0">
  <testcase name="Test_PremDisOverrideEndorsement" time="36.037" classname="Com.Testcases.NewBusiness.PremDisOverrideEndorsement"/>
</testsuite> <!-- Com.Testcases.NewBusiness.PremDisOverrideEndorsement -->
