<?xml version="1.0" encoding="UTF-8"?>
<!-- Generated by org.testng.reporters.JUnitReportReporter -->
<testsuite hostname="DESKTOP-8QPJLAI" name="Com.Testcases.Merchant.CreateMerchant" tests="1" failures="0" timestamp="6 Mar 2020 14:38:57 GMT" time="69.174" errors="0">
  <testcase name="Test_CreateMerchant" time="69.174" classname="Com.Testcases.Merchant.CreateMerchant"/>
</testsuite> <!-- Com.Testcases.Merchant.CreateMerchant -->
