<?xml version="1.0" encoding="UTF-8"?>
<!-- Generated by org.testng.reporters.JUnitReportReporter -->
<testsuite hostname="JKASHYAPSSL" name="Com.Testcases.LossRecoveryPayment_DuplicatePayment_11697" tests="1" failures="0" timestamp="19 Dec 2017 08:51:51 GMT" time="193.553" errors="0">
  <testcase name="Test_LossRecoveryPayment_DuplicatePayment_11697" time="193.553" classname="Com.Testcases.LossRecoveryPayment_DuplicatePayment_11697"/>
</testsuite> <!-- Com.Testcases.LossRecoveryPayment_DuplicatePayment_11697 -->
