<?xml version="1.0" encoding="UTF-8"?>
<!-- Generated by org.testng.reporters.JUnitReportReporter -->
<testsuite hostname="RKUMARSSL" name="Com.Testcases.NewBusiness.PremFactorOverrideEndorsement" tests="1" failures="0" timestamp="10 Jul 2018 09:34:39 GMT" time="26.286" errors="0">
  <testcase name="Test_PremFactorOverrideEndorsement" time="26.286" classname="Com.Testcases.NewBusiness.PremFactorOverrideEndorsement"/>
</testsuite> <!-- Com.Testcases.NewBusiness.PremFactorOverrideEndorsement -->
