<?xml version="1.0" encoding="UTF-8"?>
<!-- Generated by org.testng.reporters.JUnitReportReporter -->
<testsuite hostname="RKUMARSSL" name="Com.Testcases.NewBusiness.ExpModEndorsement" tests="1" failures="0" timestamp="30 Jul 2018 12:54:02 GMT" time="42.246" errors="0">
  <testcase name="Test_ExpModEndorsement" time="42.246" classname="Com.Testcases.NewBusiness.ExpModEndorsement"/>
</testsuite> <!-- Com.Testcases.NewBusiness.ExpModEndorsement -->
