<?xml version="1.0" encoding="UTF-8"?>
<!-- Generated by org.testng.reporters.JUnitReportReporter -->
<testsuite hostname="JKASHYAPSSL" name="Com.Testcases.Claim_Payment" tests="10" failures="0" timestamp="12 Jun 2017 08:31:00 GMT" time="2601.263" errors="0">
  <testcase name="Test_ClaimPayment" time="226.798" classname="Com.Testcases.Claim_Payment"/>
  <testcase name="Test_ClaimPayment" time="285.083" classname="Com.Testcases.Claim_Payment"/>
  <testcase name="Test_ClaimPayment" time="187.369" classname="Com.Testcases.Claim_Payment"/>
  <testcase name="Test_ClaimPayment" time="178.217" classname="Com.Testcases.Claim_Payment"/>
  <testcase name="Test_ClaimPayment" time="229.779" classname="Com.Testcases.Claim_Payment"/>
  <testcase name="Test_ClaimPayment" time="176.824" classname="Com.Testcases.Claim_Payment"/>
  <testcase name="Test_ClaimPayment" time="335.213" classname="Com.Testcases.Claim_Payment"/>
  <testcase name="Test_ClaimPayment" time="332.683" classname="Com.Testcases.Claim_Payment"/>
  <testcase name="Test_ClaimPayment" time="326.588" classname="Com.Testcases.Claim_Payment"/>
  <testcase name="Test_ClaimPayment" time="322.709" classname="Com.Testcases.Claim_Payment"/>
</testsuite> <!-- Com.Testcases.Claim_Payment -->
