<?xml version="1.0" encoding="UTF-8"?>
<!-- Generated by org.testng.reporters.JUnitReportReporter -->
<testsuite hostname="QTSITVDI0013" name="Com.Testcases.NewBusiness.DeductibleRateExpireUAT" tests="91" failures="0" timestamp="7 Sep 2018 15:14:42 GMT" time="1062.523" errors="0">
  <testcase name="Test_DeductibleRateExpireUAT" time="10.591" classname="Com.Testcases.NewBusiness.DeductibleRateExpireUAT"/>
  <testcase name="Test_DeductibleRateExpireUAT" time="11.746" classname="Com.Testcases.NewBusiness.DeductibleRateExpireUAT"/>
  <testcase name="Test_DeductibleRateExpireUAT" time="12.595" classname="Com.Testcases.NewBusiness.DeductibleRateExpireUAT"/>
  <testcase name="Test_DeductibleRateExpireUAT" time="11.101" classname="Com.Testcases.NewBusiness.DeductibleRateExpireUAT"/>
  <testcase name="Test_DeductibleRateExpireUAT" time="11.673" classname="Com.Testcases.NewBusiness.DeductibleRateExpireUAT"/>
  <testcase name="Test_DeductibleRateExpireUAT" time="14.196" classname="Com.Testcases.NewBusiness.DeductibleRateExpireUAT"/>
  <testcase name="Test_DeductibleRateExpireUAT" time="11.261" classname="Com.Testcases.NewBusiness.DeductibleRateExpireUAT"/>
  <testcase name="Test_DeductibleRateExpireUAT" time="12.039" classname="Com.Testcases.NewBusiness.DeductibleRateExpireUAT"/>
  <testcase name="Test_DeductibleRateExpireUAT" time="12.162" classname="Com.Testcases.NewBusiness.DeductibleRateExpireUAT"/>
  <testcase name="Test_DeductibleRateExpireUAT" time="11.402" classname="Com.Testcases.NewBusiness.DeductibleRateExpireUAT"/>
  <testcase name="Test_DeductibleRateExpireUAT" time="11.608" classname="Com.Testcases.NewBusiness.DeductibleRateExpireUAT"/>
  <testcase name="Test_DeductibleRateExpireUAT" time="10.967" classname="Com.Testcases.NewBusiness.DeductibleRateExpireUAT"/>
  <testcase name="Test_DeductibleRateExpireUAT" time="11.164" classname="Com.Testcases.NewBusiness.DeductibleRateExpireUAT"/>
  <testcase name="Test_DeductibleRateExpireUAT" time="11.463" classname="Com.Testcases.NewBusiness.DeductibleRateExpireUAT"/>
  <testcase name="Test_DeductibleRateExpireUAT" time="12.560" classname="Com.Testcases.NewBusiness.DeductibleRateExpireUAT"/>
  <testcase name="Test_DeductibleRateExpireUAT" time="10.108" classname="Com.Testcases.NewBusiness.DeductibleRateExpireUAT"/>
  <testcase name="Test_DeductibleRateExpireUAT" time="12.116" classname="Com.Testcases.NewBusiness.DeductibleRateExpireUAT"/>
  <testcase name="Test_DeductibleRateExpireUAT" time="10.936" classname="Com.Testcases.NewBusiness.DeductibleRateExpireUAT"/>
  <testcase name="Test_DeductibleRateExpireUAT" time="12.446" classname="Com.Testcases.NewBusiness.DeductibleRateExpireUAT"/>
  <testcase name="Test_DeductibleRateExpireUAT" time="11.425" classname="Com.Testcases.NewBusiness.DeductibleRateExpireUAT"/>
  <testcase name="Test_DeductibleRateExpireUAT" time="10.850" classname="Com.Testcases.NewBusiness.DeductibleRateExpireUAT"/>
  <testcase name="Test_DeductibleRateExpireUAT" time="11.925" classname="Com.Testcases.NewBusiness.DeductibleRateExpireUAT"/>
  <testcase name="Test_DeductibleRateExpireUAT" time="10.512" classname="Com.Testcases.NewBusiness.DeductibleRateExpireUAT"/>
  <testcase name="Test_DeductibleRateExpireUAT" time="10.899" classname="Com.Testcases.NewBusiness.DeductibleRateExpireUAT"/>
  <testcase name="Test_DeductibleRateExpireUAT" time="3.012" classname="Com.Testcases.NewBusiness.DeductibleRateExpireUAT"/>
  <testcase name="Test_DeductibleRateExpireUAT" time="10.472" classname="Com.Testcases.NewBusiness.DeductibleRateExpireUAT"/>
  <testcase name="Test_DeductibleRateExpireUAT" time="14.284" classname="Com.Testcases.NewBusiness.DeductibleRateExpireUAT"/>
  <testcase name="Test_DeductibleRateExpireUAT" time="11.343" classname="Com.Testcases.NewBusiness.DeductibleRateExpireUAT"/>
  <testcase name="Test_DeductibleRateExpireUAT" time="12.662" classname="Com.Testcases.NewBusiness.DeductibleRateExpireUAT"/>
  <testcase name="Test_DeductibleRateExpireUAT" time="14.027" classname="Com.Testcases.NewBusiness.DeductibleRateExpireUAT"/>
  <testcase name="Test_DeductibleRateExpireUAT" time="10.561" classname="Com.Testcases.NewBusiness.DeductibleRateExpireUAT"/>
  <testcase name="Test_DeductibleRateExpireUAT" time="11.669" classname="Com.Testcases.NewBusiness.DeductibleRateExpireUAT"/>
  <testcase name="Test_DeductibleRateExpireUAT" time="11.374" classname="Com.Testcases.NewBusiness.DeductibleRateExpireUAT"/>
  <testcase name="Test_DeductibleRateExpireUAT" time="11.688" classname="Com.Testcases.NewBusiness.DeductibleRateExpireUAT"/>
  <testcase name="Test_DeductibleRateExpireUAT" time="10.436" classname="Com.Testcases.NewBusiness.DeductibleRateExpireUAT"/>
  <testcase name="Test_DeductibleRateExpireUAT" time="10.057" classname="Com.Testcases.NewBusiness.DeductibleRateExpireUAT"/>
  <testcase name="Test_DeductibleRateExpireUAT" time="10.150" classname="Com.Testcases.NewBusiness.DeductibleRateExpireUAT"/>
  <testcase name="Test_DeductibleRateExpireUAT" time="10.515" classname="Com.Testcases.NewBusiness.DeductibleRateExpireUAT"/>
  <testcase name="Test_DeductibleRateExpireUAT" time="12.106" classname="Com.Testcases.NewBusiness.DeductibleRateExpireUAT"/>
  <testcase name="Test_DeductibleRateExpireUAT" time="14.279" classname="Com.Testcases.NewBusiness.DeductibleRateExpireUAT"/>
  <testcase name="Test_DeductibleRateExpireUAT" time="10.670" classname="Com.Testcases.NewBusiness.DeductibleRateExpireUAT"/>
  <testcase name="Test_DeductibleRateExpireUAT" time="11.815" classname="Com.Testcases.NewBusiness.DeductibleRateExpireUAT"/>
  <testcase name="Test_DeductibleRateExpireUAT" time="10.129" classname="Com.Testcases.NewBusiness.DeductibleRateExpireUAT"/>
  <testcase name="Test_DeductibleRateExpireUAT" time="10.603" classname="Com.Testcases.NewBusiness.DeductibleRateExpireUAT"/>
  <testcase name="Test_DeductibleRateExpireUAT" time="11.981" classname="Com.Testcases.NewBusiness.DeductibleRateExpireUAT"/>
  <testcase name="Test_DeductibleRateExpireUAT" time="10.023" classname="Com.Testcases.NewBusiness.DeductibleRateExpireUAT"/>
  <testcase name="Test_DeductibleRateExpireUAT" time="12.518" classname="Com.Testcases.NewBusiness.DeductibleRateExpireUAT"/>
  <testcase name="Test_DeductibleRateExpireUAT" time="2.675" classname="Com.Testcases.NewBusiness.DeductibleRateExpireUAT"/>
  <testcase name="Test_DeductibleRateExpireUAT" time="10.835" classname="Com.Testcases.NewBusiness.DeductibleRateExpireUAT"/>
  <testcase name="Test_DeductibleRateExpireUAT" time="12.280" classname="Com.Testcases.NewBusiness.DeductibleRateExpireUAT"/>
  <testcase name="Test_DeductibleRateExpireUAT" time="12.010" classname="Com.Testcases.NewBusiness.DeductibleRateExpireUAT"/>
  <testcase name="Test_DeductibleRateExpireUAT" time="12.486" classname="Com.Testcases.NewBusiness.DeductibleRateExpireUAT"/>
  <testcase name="Test_DeductibleRateExpireUAT" time="11.032" classname="Com.Testcases.NewBusiness.DeductibleRateExpireUAT"/>
  <testcase name="Test_DeductibleRateExpireUAT" time="12.676" classname="Com.Testcases.NewBusiness.DeductibleRateExpireUAT"/>
  <testcase name="Test_DeductibleRateExpireUAT" time="10.991" classname="Com.Testcases.NewBusiness.DeductibleRateExpireUAT"/>
  <testcase name="Test_DeductibleRateExpireUAT" time="10.850" classname="Com.Testcases.NewBusiness.DeductibleRateExpireUAT"/>
  <testcase name="Test_DeductibleRateExpireUAT" time="11.262" classname="Com.Testcases.NewBusiness.DeductibleRateExpireUAT"/>
  <testcase name="Test_DeductibleRateExpireUAT" time="11.417" classname="Com.Testcases.NewBusiness.DeductibleRateExpireUAT"/>
  <testcase name="Test_DeductibleRateExpireUAT" time="10.222" classname="Com.Testcases.NewBusiness.DeductibleRateExpireUAT"/>
  <testcase name="Test_DeductibleRateExpireUAT" time="10.615" classname="Com.Testcases.NewBusiness.DeductibleRateExpireUAT"/>
  <testcase name="Test_DeductibleRateExpireUAT" time="13.334" classname="Com.Testcases.NewBusiness.DeductibleRateExpireUAT"/>
  <testcase name="Test_DeductibleRateExpireUAT" time="11.116" classname="Com.Testcases.NewBusiness.DeductibleRateExpireUAT"/>
  <testcase name="Test_DeductibleRateExpireUAT" time="10.988" classname="Com.Testcases.NewBusiness.DeductibleRateExpireUAT"/>
  <testcase name="Test_DeductibleRateExpireUAT" time="10.617" classname="Com.Testcases.NewBusiness.DeductibleRateExpireUAT"/>
  <testcase name="Test_DeductibleRateExpireUAT" time="10.983" classname="Com.Testcases.NewBusiness.DeductibleRateExpireUAT"/>
  <testcase name="Test_DeductibleRateExpireUAT" time="13.227" classname="Com.Testcases.NewBusiness.DeductibleRateExpireUAT"/>
  <testcase name="Test_DeductibleRateExpireUAT" time="29.583" classname="Com.Testcases.NewBusiness.DeductibleRateExpireUAT"/>
  <testcase name="Test_DeductibleRateExpireUAT" time="10.615" classname="Com.Testcases.NewBusiness.DeductibleRateExpireUAT"/>
  <testcase name="Test_DeductibleRateExpireUAT" time="10.948" classname="Com.Testcases.NewBusiness.DeductibleRateExpireUAT"/>
  <testcase name="Test_DeductibleRateExpireUAT" time="11.282" classname="Com.Testcases.NewBusiness.DeductibleRateExpireUAT"/>
  <testcase name="Test_DeductibleRateExpireUAT" time="10.483" classname="Com.Testcases.NewBusiness.DeductibleRateExpireUAT"/>
  <testcase name="Test_DeductibleRateExpireUAT" time="10.748" classname="Com.Testcases.NewBusiness.DeductibleRateExpireUAT"/>
  <testcase name="Test_DeductibleRateExpireUAT" time="12.841" classname="Com.Testcases.NewBusiness.DeductibleRateExpireUAT"/>
  <testcase name="Test_DeductibleRateExpireUAT" time="11.707" classname="Com.Testcases.NewBusiness.DeductibleRateExpireUAT"/>
  <testcase name="Test_DeductibleRateExpireUAT" time="13.018" classname="Com.Testcases.NewBusiness.DeductibleRateExpireUAT"/>
  <testcase name="Test_DeductibleRateExpireUAT" time="10.095" classname="Com.Testcases.NewBusiness.DeductibleRateExpireUAT"/>
  <testcase name="Test_DeductibleRateExpireUAT" time="11.555" classname="Com.Testcases.NewBusiness.DeductibleRateExpireUAT"/>
  <testcase name="Test_DeductibleRateExpireUAT" time="11.765" classname="Com.Testcases.NewBusiness.DeductibleRateExpireUAT"/>
  <testcase name="Test_DeductibleRateExpireUAT" time="11.453" classname="Com.Testcases.NewBusiness.DeductibleRateExpireUAT"/>
  <testcase name="Test_DeductibleRateExpireUAT" time="12.572" classname="Com.Testcases.NewBusiness.DeductibleRateExpireUAT"/>
  <testcase name="Test_DeductibleRateExpireUAT" time="12.430" classname="Com.Testcases.NewBusiness.DeductibleRateExpireUAT"/>
  <testcase name="Test_DeductibleRateExpireUAT" time="12.565" classname="Com.Testcases.NewBusiness.DeductibleRateExpireUAT"/>
  <testcase name="Test_DeductibleRateExpireUAT" time="10.119" classname="Com.Testcases.NewBusiness.DeductibleRateExpireUAT"/>
  <testcase name="Test_DeductibleRateExpireUAT" time="11.025" classname="Com.Testcases.NewBusiness.DeductibleRateExpireUAT"/>
  <testcase name="Test_DeductibleRateExpireUAT" time="5.125" classname="Com.Testcases.NewBusiness.DeductibleRateExpireUAT"/>
  <testcase name="Test_DeductibleRateExpireUAT" time="12.290" classname="Com.Testcases.NewBusiness.DeductibleRateExpireUAT"/>
  <testcase name="Test_DeductibleRateExpireUAT" time="13.083" classname="Com.Testcases.NewBusiness.DeductibleRateExpireUAT"/>
  <testcase name="Test_DeductibleRateExpireUAT" time="13.089" classname="Com.Testcases.NewBusiness.DeductibleRateExpireUAT"/>
  <testcase name="Test_DeductibleRateExpireUAT" time="12.212" classname="Com.Testcases.NewBusiness.DeductibleRateExpireUAT"/>
  <testcase name="Test_DeductibleRateExpireUAT" time="10.819" classname="Com.Testcases.NewBusiness.DeductibleRateExpireUAT"/>
  <testcase name="Test_DeductibleRateExpireUAT" time="27.366" classname="Com.Testcases.NewBusiness.DeductibleRateExpireUAT"/>
</testsuite> <!-- Com.Testcases.NewBusiness.DeductibleRateExpireUAT -->
