<?xml version="1.0" encoding="UTF-8"?>
<!-- Generated by org.testng.reporters.JUnitReportReporter -->
<testsuite hostname="JKASHYAPSSL" name="Com.Testcases.CreateClaims_ValidationScenarios" tests="6" failures="0" timestamp="29 Aug 2017 09:58:22 GMT" time="854.895" errors="0">
  <testcase name="Test_CreateClaims_ValidationScenarios" time="169.974" classname="Com.Testcases.CreateClaims_ValidationScenarios"/>
  <testcase name="Test_CreateClaims_ValidationScenarios" time="102.520" classname="Com.Testcases.CreateClaims_ValidationScenarios"/>
  <testcase name="Test_CreateClaims_ValidationScenarios" time="140.439" classname="Com.Testcases.CreateClaims_ValidationScenarios"/>
  <testcase name="Test_CreateClaims_ValidationScenarios" time="170.513" classname="Com.Testcases.CreateClaims_ValidationScenarios"/>
  <testcase name="Test_CreateClaims_ValidationScenarios" time="169.879" classname="Com.Testcases.CreateClaims_ValidationScenarios"/>
  <testcase name="Test_CreateClaims_ValidationScenarios" time="101.570" classname="Com.Testcases.CreateClaims_ValidationScenarios"/>
</testsuite> <!-- Com.Testcases.CreateClaims_ValidationScenarios -->
