<?xml version="1.0" encoding="UTF-8"?>
<!-- Generated by org.testng.reporters.JUnitReportReporter -->
<testsuite hostname="RKUMARSSL" name="Com.Testcases.NewBusiness.StateSurchargeEndorsement" tests="1" failures="0" timestamp="16 Jul 2018 15:38:55 GMT" time="43.182" errors="0">
  <testcase name="Test_StateSurchargeEndorsement" time="43.182" classname="Com.Testcases.NewBusiness.StateSurchargeEndorsement"/>
</testsuite> <!-- Com.Testcases.NewBusiness.StateSurchargeEndorsement -->
