<?xml version="1.0" encoding="UTF-8"?>
<!-- Generated by org.testng.reporters.JUnitReportReporter -->
<testsuite hostname="QTSITVDI0013" name="Com.Testcases.SystemConfigurations.DeductibleRate" tests="63" failures="0" timestamp="25 Mar 2019 14:40:16 GMT" time="1007.137" errors="0">
  <testcase name="Test_Deductible_Rate" time="14.355" classname="Com.Testcases.SystemConfigurations.DeductibleRate"/>
  <testcase name="Test_Deductible_Rate" time="13.591" classname="Com.Testcases.SystemConfigurations.DeductibleRate"/>
  <testcase name="Test_Deductible_Rate" time="15.663" classname="Com.Testcases.SystemConfigurations.DeductibleRate"/>
  <testcase name="Test_Deductible_Rate" time="15.412" classname="Com.Testcases.SystemConfigurations.DeductibleRate"/>
  <testcase name="Test_Deductible_Rate" time="14.053" classname="Com.Testcases.SystemConfigurations.DeductibleRate"/>
  <testcase name="Test_Deductible_Rate" time="15.482" classname="Com.Testcases.SystemConfigurations.DeductibleRate"/>
  <testcase name="Test_Deductible_Rate" time="13.502" classname="Com.Testcases.SystemConfigurations.DeductibleRate"/>
  <testcase name="Test_Deductible_Rate" time="17.102" classname="Com.Testcases.SystemConfigurations.DeductibleRate"/>
  <testcase name="Test_Deductible_Rate" time="14.422" classname="Com.Testcases.SystemConfigurations.DeductibleRate"/>
  <testcase name="Test_Deductible_Rate" time="15.687" classname="Com.Testcases.SystemConfigurations.DeductibleRate"/>
  <testcase name="Test_Deductible_Rate" time="19.145" classname="Com.Testcases.SystemConfigurations.DeductibleRate"/>
  <testcase name="Test_Deductible_Rate" time="16.211" classname="Com.Testcases.SystemConfigurations.DeductibleRate"/>
  <testcase name="Test_Deductible_Rate" time="16.260" classname="Com.Testcases.SystemConfigurations.DeductibleRate"/>
  <testcase name="Test_Deductible_Rate" time="13.897" classname="Com.Testcases.SystemConfigurations.DeductibleRate"/>
  <testcase name="Test_Deductible_Rate" time="15.406" classname="Com.Testcases.SystemConfigurations.DeductibleRate"/>
  <testcase name="Test_Deductible_Rate" time="26.317" classname="Com.Testcases.SystemConfigurations.DeductibleRate"/>
  <testcase name="Test_Deductible_Rate" time="13.169" classname="Com.Testcases.SystemConfigurations.DeductibleRate"/>
  <testcase name="Test_Deductible_Rate" time="17.338" classname="Com.Testcases.SystemConfigurations.DeductibleRate"/>
  <testcase name="Test_Deductible_Rate" time="14.485" classname="Com.Testcases.SystemConfigurations.DeductibleRate"/>
  <testcase name="Test_Deductible_Rate" time="17.856" classname="Com.Testcases.SystemConfigurations.DeductibleRate"/>
  <testcase name="Test_Deductible_Rate" time="14.265" classname="Com.Testcases.SystemConfigurations.DeductibleRate"/>
  <testcase name="Test_Deductible_Rate" time="14.250" classname="Com.Testcases.SystemConfigurations.DeductibleRate"/>
  <testcase name="Test_Deductible_Rate" time="15.150" classname="Com.Testcases.SystemConfigurations.DeductibleRate"/>
  <testcase name="Test_Deductible_Rate" time="14.645" classname="Com.Testcases.SystemConfigurations.DeductibleRate"/>
  <testcase name="Test_Deductible_Rate" time="17.670" classname="Com.Testcases.SystemConfigurations.DeductibleRate"/>
  <testcase name="Test_Deductible_Rate" time="17.663" classname="Com.Testcases.SystemConfigurations.DeductibleRate"/>
  <testcase name="Test_Deductible_Rate" time="14.077" classname="Com.Testcases.SystemConfigurations.DeductibleRate"/>
  <testcase name="Test_Deductible_Rate" time="13.824" classname="Com.Testcases.SystemConfigurations.DeductibleRate"/>
  <testcase name="Test_Deductible_Rate" time="18.262" classname="Com.Testcases.SystemConfigurations.DeductibleRate"/>
  <testcase name="Test_Deductible_Rate" time="15.872" classname="Com.Testcases.SystemConfigurations.DeductibleRate"/>
  <testcase name="Test_Deductible_Rate" time="16.301" classname="Com.Testcases.SystemConfigurations.DeductibleRate"/>
  <testcase name="Test_Deductible_Rate" time="19.476" classname="Com.Testcases.SystemConfigurations.DeductibleRate"/>
  <testcase name="Test_Deductible_Rate" time="13.880" classname="Com.Testcases.SystemConfigurations.DeductibleRate"/>
  <testcase name="Test_Deductible_Rate" time="14.423" classname="Com.Testcases.SystemConfigurations.DeductibleRate"/>
  <testcase name="Test_Deductible_Rate" time="16.879" classname="Com.Testcases.SystemConfigurations.DeductibleRate"/>
  <testcase name="Test_Deductible_Rate" time="17.052" classname="Com.Testcases.SystemConfigurations.DeductibleRate"/>
  <testcase name="Test_Deductible_Rate" time="14.707" classname="Com.Testcases.SystemConfigurations.DeductibleRate"/>
  <testcase name="Test_Deductible_Rate" time="15.379" classname="Com.Testcases.SystemConfigurations.DeductibleRate"/>
  <testcase name="Test_Deductible_Rate" time="17.206" classname="Com.Testcases.SystemConfigurations.DeductibleRate"/>
  <testcase name="Test_Deductible_Rate" time="15.401" classname="Com.Testcases.SystemConfigurations.DeductibleRate"/>
  <testcase name="Test_Deductible_Rate" time="14.273" classname="Com.Testcases.SystemConfigurations.DeductibleRate"/>
  <testcase name="Test_Deductible_Rate" time="19.003" classname="Com.Testcases.SystemConfigurations.DeductibleRate"/>
  <testcase name="Test_Deductible_Rate" time="13.782" classname="Com.Testcases.SystemConfigurations.DeductibleRate"/>
  <testcase name="Test_Deductible_Rate" time="14.270" classname="Com.Testcases.SystemConfigurations.DeductibleRate"/>
  <testcase name="Test_Deductible_Rate" time="17.345" classname="Com.Testcases.SystemConfigurations.DeductibleRate"/>
  <testcase name="Test_Deductible_Rate" time="16.774" classname="Com.Testcases.SystemConfigurations.DeductibleRate"/>
  <testcase name="Test_Deductible_Rate" time="15.982" classname="Com.Testcases.SystemConfigurations.DeductibleRate"/>
  <testcase name="Test_Deductible_Rate" time="13.580" classname="Com.Testcases.SystemConfigurations.DeductibleRate"/>
  <testcase name="Test_Deductible_Rate" time="13.423" classname="Com.Testcases.SystemConfigurations.DeductibleRate"/>
  <testcase name="Test_Deductible_Rate" time="16.284" classname="Com.Testcases.SystemConfigurations.DeductibleRate"/>
  <testcase name="Test_Deductible_Rate" time="17.405" classname="Com.Testcases.SystemConfigurations.DeductibleRate"/>
  <testcase name="Test_Deductible_Rate" time="13.637" classname="Com.Testcases.SystemConfigurations.DeductibleRate"/>
  <testcase name="Test_Deductible_Rate" time="18.402" classname="Com.Testcases.SystemConfigurations.DeductibleRate"/>
  <testcase name="Test_Deductible_Rate" time="16.539" classname="Com.Testcases.SystemConfigurations.DeductibleRate"/>
  <testcase name="Test_Deductible_Rate" time="15.174" classname="Com.Testcases.SystemConfigurations.DeductibleRate"/>
  <testcase name="Test_Deductible_Rate" time="14.718" classname="Com.Testcases.SystemConfigurations.DeductibleRate"/>
  <testcase name="Test_Deductible_Rate" time="14.827" classname="Com.Testcases.SystemConfigurations.DeductibleRate"/>
  <testcase name="Test_Deductible_Rate" time="17.564" classname="Com.Testcases.SystemConfigurations.DeductibleRate"/>
  <testcase name="Test_Deductible_Rate" time="15.835" classname="Com.Testcases.SystemConfigurations.DeductibleRate"/>
  <testcase name="Test_Deductible_Rate" time="27.610" classname="Com.Testcases.SystemConfigurations.DeductibleRate"/>
  <testcase name="Test_Deductible_Rate" time="13.489" classname="Com.Testcases.SystemConfigurations.DeductibleRate"/>
  <testcase name="Test_Deductible_Rate" time="14.626" classname="Com.Testcases.SystemConfigurations.DeductibleRate"/>
  <testcase name="Test_Deductible_Rate" time="16.860" classname="Com.Testcases.SystemConfigurations.DeductibleRate"/>
</testsuite> <!-- Com.Testcases.SystemConfigurations.DeductibleRate -->
