<?xml version="1.0" encoding="UTF-8"?>
<!-- Generated by org.testng.reporters.JUnitReportReporter -->
<testsuite hostname="RKUMARSSL" name="Com.Testcases.NewBusiness.ConsentToRateEndorsement" tests="1" failures="0" timestamp="20 Jul 2018 13:49:08 GMT" time="34.879" errors="0">
  <testcase name="Test_ConsentToRateEndorsement" time="34.879" classname="Com.Testcases.NewBusiness.ConsentToRateEndorsement"/>
</testsuite> <!-- Com.Testcases.NewBusiness.ConsentToRateEndorsement -->
