<?xml version="1.0" encoding="UTF-8"?>
<!-- Generated by org.testng.reporters.JUnitReportReporter -->
<testsuite hostname="RKUMARSSL" name="Com.Testcases.SystemConfigurations.CreditDebit" tests="1" failures="0" timestamp="9 Jul 2018 07:12:05 GMT" time="58.825" errors="0">
  <testcase name="Test_CreditDebit" time="58.825" classname="Com.Testcases.SystemConfigurations.CreditDebit"/>
</testsuite> <!-- Com.Testcases.SystemConfigurations.CreditDebit -->
