<?xml version="1.0" encoding="UTF-8"?>
<!-- Generated by org.testng.reporters.JUnitReportReporter -->
<testsuite hostname="QTSITVDI0013" name="Com.Testcases.Endorsement.STE15" tests="1" failures="0" timestamp="1 Aug 2019 14:46:27 GMT" time="88.601" errors="0">
  <testcase name="Test_STE15" time="88.601" classname="Com.Testcases.Endorsement.STE15"/>
</testsuite> <!-- Com.Testcases.Endorsement.STE15 -->
