<?xml version="1.0" encoding="UTF-8"?>
<!-- Generated by org.testng.reporters.JUnitReportReporter -->
<testsuite hostname="QTSITVDI0013" name="Com.Testcases.NewBusinessScenarios.NBS8" tests="1" failures="0" timestamp="2 Sep 2019 08:52:40 GMT" time="194.589" errors="0">
  <testcase name="Test_NBS8" time="194.589" classname="Com.Testcases.NewBusinessScenarios.NBS8"/>
</testsuite> <!-- Com.Testcases.NewBusinessScenarios.NBS8 -->
