<?xml version="1.0" encoding="UTF-8"?>
<!-- Generated by org.testng.reporters.JUnitReportReporter -->
<testsuite hostname="CON-W7-18" name="Com.Testcases.NB_TC1" tests="1" failures="0" timestamp="17 Mar 2017 15:03:52 GMT" time="188.552" errors="0">
  <testcase name="TestNB_TC1" time="188.552" classname="Com.Testcases.NB_TC1"/>
</testsuite> <!-- Com.Testcases.NB_TC1 -->
