<?xml version="1.0" encoding="UTF-8"?>
<!-- Generated by org.testng.reporters.JUnitReportReporter -->
<testsuite hostname="QTSITVDI0013" name="Com.Testcases.Endorsement.STE5" tests="1" failures="0" timestamp="3 Sep 2019 13:49:50 GMT" time="95.745" errors="0">
  <testcase name="Test_STE5" time="95.745" classname="Com.Testcases.Endorsement.STE5"/>
</testsuite> <!-- Com.Testcases.Endorsement.STE5 -->
