<?xml version="1.0" encoding="UTF-8"?>
<!-- Generated by org.testng.reporters.JUnitReportReporter -->
<testsuite hostname="QTSITVDI0013" name="Com.Testcases.Endorsement.STE18" tests="1" failures="0" timestamp="1 Aug 2019 15:42:56 GMT" time="164.767" errors="0">
  <testcase name="Test_STE18" time="164.767" classname="Com.Testcases.Endorsement.STE18"/>
</testsuite> <!-- Com.Testcases.Endorsement.STE18 -->
