<?xml version="1.0" encoding="UTF-8"?>
<!-- Generated by org.testng.reporters.JUnitReportReporter -->
<testsuite hostname="CON-W7-18" name="Com.Testcases.Claim" tests="1" failures="0" timestamp="7 Mar 2017 12:54:40 GMT" time="35.631" errors="0">
  <testcase name="TestClaim" time="35.631" classname="Com.Testcases.Claim"/>
</testsuite> <!-- Com.Testcases.Claim -->
