<?xml version="1.0" encoding="UTF-8"?>
<!-- Generated by org.testng.reporters.JUnitReportReporter -->
<testsuite hostname="RKUMARSSL" name="Com.Testcases.NewBusiness.OfficerEndorsement" tests="1" failures="0" timestamp="19 Jul 2018 11:05:47 GMT" time="49.917" errors="0">
  <testcase name="Test_OfficerEndorsement" time="49.917" classname="Com.Testcases.NewBusiness.OfficerEndorsement"/>
</testsuite> <!-- Com.Testcases.NewBusiness.OfficerEndorsement -->
