<?xml version="1.0" encoding="UTF-8"?>
<!-- Generated by org.testng.reporters.JUnitReportReporter -->
<testsuite hostname="QTSITVDI0013" name="Com.Testcases.Portal.STP11_Edit" tests="1" failures="0" timestamp="7 Dec 2018 10:34:55 GMT" time="81.690" errors="0">
  <testcase name="Test_STP11_Edit" time="81.690" classname="Com.Testcases.Portal.STP11_Edit"/>
</testsuite> <!-- Com.Testcases.Portal.STP11_Edit -->
