<?xml version="1.0" encoding="UTF-8"?>
<!-- Generated by org.testng.reporters.JUnitReportReporter -->
<testsuite hostname="RKUMARSSL" name="Com.Testcases.NewBusiness.Billing_Plan_Endorsement" tests="1" failures="0" timestamp="27 Jul 2018 15:59:11 GMT" time="31.745" errors="0">
  <testcase name="Test_Billing_Plan_Endorsement" time="31.745" classname="Com.Testcases.NewBusiness.Billing_Plan_Endorsement"/>
</testsuite> <!-- Com.Testcases.NewBusiness.Billing_Plan_Endorsement -->
