<?xml version="1.0" encoding="UTF-8"?>
<!-- Generated by org.testng.reporters.JUnitReportReporter -->
<testsuite hostname="QTSITVDI0013" name="Com.Testcases.NewBusiness.DeductibleRateUAT" tests="91" failures="0" timestamp="7 Sep 2018 16:03:46 GMT" time="1677.648" errors="0">
  <testcase name="Test_Deductible_Rate_UAT" time="10.344" classname="Com.Testcases.NewBusiness.DeductibleRateUAT"/>
  <testcase name="Test_Deductible_Rate_UAT" time="26.658" classname="Com.Testcases.NewBusiness.DeductibleRateUAT"/>
  <testcase name="Test_Deductible_Rate_UAT" time="17.261" classname="Com.Testcases.NewBusiness.DeductibleRateUAT"/>
  <testcase name="Test_Deductible_Rate_UAT" time="19.287" classname="Com.Testcases.NewBusiness.DeductibleRateUAT"/>
  <testcase name="Test_Deductible_Rate_UAT" time="12.022" classname="Com.Testcases.NewBusiness.DeductibleRateUAT"/>
  <testcase name="Test_Deductible_Rate_UAT" time="14.188" classname="Com.Testcases.NewBusiness.DeductibleRateUAT"/>
  <testcase name="Test_Deductible_Rate_UAT" time="9.974" classname="Com.Testcases.NewBusiness.DeductibleRateUAT"/>
  <testcase name="Test_Deductible_Rate_UAT" time="24.169" classname="Com.Testcases.NewBusiness.DeductibleRateUAT"/>
  <testcase name="Test_Deductible_Rate_UAT" time="25.182" classname="Com.Testcases.NewBusiness.DeductibleRateUAT"/>
  <testcase name="Test_Deductible_Rate_UAT" time="11.781" classname="Com.Testcases.NewBusiness.DeductibleRateUAT"/>
  <testcase name="Test_Deductible_Rate_UAT" time="18.285" classname="Com.Testcases.NewBusiness.DeductibleRateUAT"/>
  <testcase name="Test_Deductible_Rate_UAT" time="11.164" classname="Com.Testcases.NewBusiness.DeductibleRateUAT"/>
  <testcase name="Test_Deductible_Rate_UAT" time="13.100" classname="Com.Testcases.NewBusiness.DeductibleRateUAT"/>
  <testcase name="Test_Deductible_Rate_UAT" time="15.708" classname="Com.Testcases.NewBusiness.DeductibleRateUAT"/>
  <testcase name="Test_Deductible_Rate_UAT" time="14.527" classname="Com.Testcases.NewBusiness.DeductibleRateUAT"/>
  <testcase name="Test_Deductible_Rate_UAT" time="11.936" classname="Com.Testcases.NewBusiness.DeductibleRateUAT"/>
  <testcase name="Test_Deductible_Rate_UAT" time="10.317" classname="Com.Testcases.NewBusiness.DeductibleRateUAT"/>
  <testcase name="Test_Deductible_Rate_UAT" time="19.745" classname="Com.Testcases.NewBusiness.DeductibleRateUAT"/>
  <testcase name="Test_Deductible_Rate_UAT" time="13.154" classname="Com.Testcases.NewBusiness.DeductibleRateUAT"/>
  <testcase name="Test_Deductible_Rate_UAT" time="10.293" classname="Com.Testcases.NewBusiness.DeductibleRateUAT"/>
  <testcase name="Test_Deductible_Rate_UAT" time="19.497" classname="Com.Testcases.NewBusiness.DeductibleRateUAT"/>
  <testcase name="Test_Deductible_Rate_UAT" time="10.125" classname="Com.Testcases.NewBusiness.DeductibleRateUAT"/>
  <testcase name="Test_Deductible_Rate_UAT" time="32.184" classname="Com.Testcases.NewBusiness.DeductibleRateUAT"/>
  <testcase name="Test_Deductible_Rate_UAT" time="18.934" classname="Com.Testcases.NewBusiness.DeductibleRateUAT"/>
  <testcase name="Test_Deductible_Rate_UAT" time="8.864" classname="Com.Testcases.NewBusiness.DeductibleRateUAT"/>
  <testcase name="Test_Deductible_Rate_UAT" time="10.098" classname="Com.Testcases.NewBusiness.DeductibleRateUAT"/>
  <testcase name="Test_Deductible_Rate_UAT" time="17.520" classname="Com.Testcases.NewBusiness.DeductibleRateUAT"/>
  <testcase name="Test_Deductible_Rate_UAT" time="13.470" classname="Com.Testcases.NewBusiness.DeductibleRateUAT"/>
  <testcase name="Test_Deductible_Rate_UAT" time="18.223" classname="Com.Testcases.NewBusiness.DeductibleRateUAT"/>
  <testcase name="Test_Deductible_Rate_UAT" time="14.613" classname="Com.Testcases.NewBusiness.DeductibleRateUAT"/>
  <testcase name="Test_Deductible_Rate_UAT" time="15.071" classname="Com.Testcases.NewBusiness.DeductibleRateUAT"/>
  <testcase name="Test_Deductible_Rate_UAT" time="17.908" classname="Com.Testcases.NewBusiness.DeductibleRateUAT"/>
  <testcase name="Test_Deductible_Rate_UAT" time="14.621" classname="Com.Testcases.NewBusiness.DeductibleRateUAT"/>
  <testcase name="Test_Deductible_Rate_UAT" time="30.667" classname="Com.Testcases.NewBusiness.DeductibleRateUAT"/>
  <testcase name="Test_Deductible_Rate_UAT" time="11.316" classname="Com.Testcases.NewBusiness.DeductibleRateUAT"/>
  <testcase name="Test_Deductible_Rate_UAT" time="26.943" classname="Com.Testcases.NewBusiness.DeductibleRateUAT"/>
  <testcase name="Test_Deductible_Rate_UAT" time="14.253" classname="Com.Testcases.NewBusiness.DeductibleRateUAT"/>
  <testcase name="Test_Deductible_Rate_UAT" time="12.770" classname="Com.Testcases.NewBusiness.DeductibleRateUAT"/>
  <testcase name="Test_Deductible_Rate_UAT" time="16.948" classname="Com.Testcases.NewBusiness.DeductibleRateUAT"/>
  <testcase name="Test_Deductible_Rate_UAT" time="28.771" classname="Com.Testcases.NewBusiness.DeductibleRateUAT"/>
  <testcase name="Test_Deductible_Rate_UAT" time="36.799" classname="Com.Testcases.NewBusiness.DeductibleRateUAT"/>
  <testcase name="Test_Deductible_Rate_UAT" time="26.639" classname="Com.Testcases.NewBusiness.DeductibleRateUAT"/>
  <testcase name="Test_Deductible_Rate_UAT" time="10.809" classname="Com.Testcases.NewBusiness.DeductibleRateUAT"/>
  <testcase name="Test_Deductible_Rate_UAT" time="26.806" classname="Com.Testcases.NewBusiness.DeductibleRateUAT"/>
  <testcase name="Test_Deductible_Rate_UAT" time="11.685" classname="Com.Testcases.NewBusiness.DeductibleRateUAT"/>
  <testcase name="Test_Deductible_Rate_UAT" time="11.681" classname="Com.Testcases.NewBusiness.DeductibleRateUAT"/>
  <testcase name="Test_Deductible_Rate_UAT" time="30.328" classname="Com.Testcases.NewBusiness.DeductibleRateUAT"/>
  <testcase name="Test_Deductible_Rate_UAT" time="32.956" classname="Com.Testcases.NewBusiness.DeductibleRateUAT"/>
  <testcase name="Test_Deductible_Rate_UAT" time="21.021" classname="Com.Testcases.NewBusiness.DeductibleRateUAT"/>
  <testcase name="Test_Deductible_Rate_UAT" time="16.669" classname="Com.Testcases.NewBusiness.DeductibleRateUAT"/>
  <testcase name="Test_Deductible_Rate_UAT" time="20.709" classname="Com.Testcases.NewBusiness.DeductibleRateUAT"/>
  <testcase name="Test_Deductible_Rate_UAT" time="16.478" classname="Com.Testcases.NewBusiness.DeductibleRateUAT"/>
  <testcase name="Test_Deductible_Rate_UAT" time="23.843" classname="Com.Testcases.NewBusiness.DeductibleRateUAT"/>
  <testcase name="Test_Deductible_Rate_UAT" time="28.833" classname="Com.Testcases.NewBusiness.DeductibleRateUAT"/>
  <testcase name="Test_Deductible_Rate_UAT" time="10.622" classname="Com.Testcases.NewBusiness.DeductibleRateUAT"/>
  <testcase name="Test_Deductible_Rate_UAT" time="11.258" classname="Com.Testcases.NewBusiness.DeductibleRateUAT"/>
  <testcase name="Test_Deductible_Rate_UAT" time="31.733" classname="Com.Testcases.NewBusiness.DeductibleRateUAT"/>
  <testcase name="Test_Deductible_Rate_UAT" time="20.283" classname="Com.Testcases.NewBusiness.DeductibleRateUAT"/>
  <testcase name="Test_Deductible_Rate_UAT" time="14.112" classname="Com.Testcases.NewBusiness.DeductibleRateUAT"/>
  <testcase name="Test_Deductible_Rate_UAT" time="23.269" classname="Com.Testcases.NewBusiness.DeductibleRateUAT"/>
  <testcase name="Test_Deductible_Rate_UAT" time="9.938" classname="Com.Testcases.NewBusiness.DeductibleRateUAT"/>
  <testcase name="Test_Deductible_Rate_UAT" time="25.077" classname="Com.Testcases.NewBusiness.DeductibleRateUAT"/>
  <testcase name="Test_Deductible_Rate_UAT" time="20.550" classname="Com.Testcases.NewBusiness.DeductibleRateUAT"/>
  <testcase name="Test_Deductible_Rate_UAT" time="14.643" classname="Com.Testcases.NewBusiness.DeductibleRateUAT"/>
  <testcase name="Test_Deductible_Rate_UAT" time="13.711" classname="Com.Testcases.NewBusiness.DeductibleRateUAT"/>
  <testcase name="Test_Deductible_Rate_UAT" time="31.545" classname="Com.Testcases.NewBusiness.DeductibleRateUAT"/>
  <testcase name="Test_Deductible_Rate_UAT" time="19.089" classname="Com.Testcases.NewBusiness.DeductibleRateUAT"/>
  <testcase name="Test_Deductible_Rate_UAT" time="10.918" classname="Com.Testcases.NewBusiness.DeductibleRateUAT"/>
  <testcase name="Test_Deductible_Rate_UAT" time="25.295" classname="Com.Testcases.NewBusiness.DeductibleRateUAT"/>
  <testcase name="Test_Deductible_Rate_UAT" time="32.510" classname="Com.Testcases.NewBusiness.DeductibleRateUAT"/>
  <testcase name="Test_Deductible_Rate_UAT" time="26.195" classname="Com.Testcases.NewBusiness.DeductibleRateUAT"/>
  <testcase name="Test_Deductible_Rate_UAT" time="27.831" classname="Com.Testcases.NewBusiness.DeductibleRateUAT"/>
  <testcase name="Test_Deductible_Rate_UAT" time="15.765" classname="Com.Testcases.NewBusiness.DeductibleRateUAT"/>
  <testcase name="Test_Deductible_Rate_UAT" time="24.825" classname="Com.Testcases.NewBusiness.DeductibleRateUAT"/>
  <testcase name="Test_Deductible_Rate_UAT" time="27.108" classname="Com.Testcases.NewBusiness.DeductibleRateUAT"/>
  <testcase name="Test_Deductible_Rate_UAT" time="9.917" classname="Com.Testcases.NewBusiness.DeductibleRateUAT"/>
  <testcase name="Test_Deductible_Rate_UAT" time="15.219" classname="Com.Testcases.NewBusiness.DeductibleRateUAT"/>
  <testcase name="Test_Deductible_Rate_UAT" time="17.017" classname="Com.Testcases.NewBusiness.DeductibleRateUAT"/>
  <testcase name="Test_Deductible_Rate_UAT" time="20.071" classname="Com.Testcases.NewBusiness.DeductibleRateUAT"/>
  <testcase name="Test_Deductible_Rate_UAT" time="15.475" classname="Com.Testcases.NewBusiness.DeductibleRateUAT"/>
  <testcase name="Test_Deductible_Rate_UAT" time="31.965" classname="Com.Testcases.NewBusiness.DeductibleRateUAT"/>
  <testcase name="Test_Deductible_Rate_UAT" time="11.583" classname="Com.Testcases.NewBusiness.DeductibleRateUAT"/>
  <testcase name="Test_Deductible_Rate_UAT" time="20.129" classname="Com.Testcases.NewBusiness.DeductibleRateUAT"/>
  <testcase name="Test_Deductible_Rate_UAT" time="17.240" classname="Com.Testcases.NewBusiness.DeductibleRateUAT"/>
  <testcase name="Test_Deductible_Rate_UAT" time="10.451" classname="Com.Testcases.NewBusiness.DeductibleRateUAT"/>
  <testcase name="Test_Deductible_Rate_UAT" time="10.217" classname="Com.Testcases.NewBusiness.DeductibleRateUAT"/>
  <testcase name="Test_Deductible_Rate_UAT" time="11.022" classname="Com.Testcases.NewBusiness.DeductibleRateUAT"/>
  <testcase name="Test_Deductible_Rate_UAT" time="17.374" classname="Com.Testcases.NewBusiness.DeductibleRateUAT"/>
  <testcase name="Test_Deductible_Rate_UAT" time="15.114" classname="Com.Testcases.NewBusiness.DeductibleRateUAT"/>
  <testcase name="Test_Deductible_Rate_UAT" time="21.398" classname="Com.Testcases.NewBusiness.DeductibleRateUAT"/>
  <testcase name="Test_Deductible_Rate_UAT" time="20.032" classname="Com.Testcases.NewBusiness.DeductibleRateUAT"/>
</testsuite> <!-- Com.Testcases.NewBusiness.DeductibleRateUAT -->
