<?xml version="1.0" encoding="UTF-8"?>
<!-- Generated by org.testng.reporters.JUnitReportReporter -->
<testsuite hostname="RKUMARSSL" name="Com.Testcases.NewBusiness.AlternateEmployerEndorsement" tests="1" failures="0" timestamp="25 Jul 2018 13:48:26 GMT" time="63.734" errors="0">
  <testcase name="Test_AlternateEmployerEndorsement" time="63.734" classname="Com.Testcases.NewBusiness.AlternateEmployerEndorsement"/>
</testsuite> <!-- Com.Testcases.NewBusiness.AlternateEmployerEndorsement -->
