<?xml version="1.0" encoding="UTF-8"?>
<!-- Generated by org.testng.reporters.JUnitReportReporter -->
<testsuite hostname="QTSITVDI0013" name="Com.Testcases.NewBusinessScenarios.NBS11" tests="1" failures="0" timestamp="2 Sep 2019 11:10:39 GMT" time="156.696" errors="0">
  <testcase name="Test_NBS11" time="156.696" classname="Com.Testcases.NewBusinessScenarios.NBS11"/>
</testsuite> <!-- Com.Testcases.NewBusinessScenarios.NBS11 -->
