<?xml version="1.0" encoding="UTF-8"?>
<!-- Generated by org.testng.reporters.JUnitReportReporter -->
<testsuite hostname="RKUMARSSL" name="Com.Testcases.NewBusiness.MassStateSurchargeEndorsement" tests="1" failures="0" timestamp="13 Jul 2018 11:20:44 GMT" time="34.708" errors="0">
  <testcase name="Test_MassStateSurchargeEndorsement" time="34.708" classname="Com.Testcases.NewBusiness.MassStateSurchargeEndorsement"/>
</testsuite> <!-- Com.Testcases.NewBusiness.MassStateSurchargeEndorsement -->
