<?xml version="1.0" encoding="UTF-8"?>
<!-- Generated by org.testng.reporters.JUnitReportReporter -->
<testsuite hostname="QTSITVDI0013" name="Com.Testcases.Endorsement.STE27" tests="1" failures="0" timestamp="2 Aug 2019 14:58:43 GMT" time="114.110" errors="0">
  <testcase name="Test_STE27" time="114.110" classname="Com.Testcases.Endorsement.STE27"/>
</testsuite> <!-- Com.Testcases.Endorsement.STE27 -->
