<?xml version="1.0" encoding="UTF-8"?>
<!-- Generated by org.testng.reporters.JUnitReportReporter -->
<testsuite hostname="RKUMARSSL" name="Com.Testcases.NewBusiness.AddWorkplaceEndorsement" tests="1" failures="0" timestamp="24 Jul 2018 10:01:33 GMT" time="93.098" errors="0">
  <testcase name="Test_AddWorkplaceEndorsement" time="93.098" classname="Com.Testcases.NewBusiness.AddWorkplaceEndorsement"/>
</testsuite> <!-- Com.Testcases.NewBusiness.AddWorkplaceEndorsement -->
