<?xml version="1.0" encoding="UTF-8"?>
<!-- Generated by org.testng.reporters.JUnitReportReporter -->
<testsuite hostname="QTSITVDI0013" name="Com.Testcases.Endorsement.STE23" tests="1" failures="0" timestamp="19 Feb 2019 11:13:54 GMT" time="132.427" errors="0">
  <testcase name="Test_STE23" time="132.427" classname="Com.Testcases.Endorsement.STE23"/>
</testsuite> <!-- Com.Testcases.Endorsement.STE23 -->
