<?xml version="1.0" encoding="UTF-8"?>
<!-- Generated by org.testng.reporters.JUnitReportReporter -->
<testsuite hostname="QTSITVDI0013" name="Com.Testcases.Portal.STP22" tests="1" failures="0" timestamp="30 Aug 2019 16:30:32 GMT" time="173.176" errors="0">
  <testcase name="Test_STP22" time="173.176" classname="Com.Testcases.Portal.STP22"/>
</testsuite> <!-- Com.Testcases.Portal.STP22 -->
