<?xml version="1.0" encoding="UTF-8"?>
<!-- Generated by org.testng.reporters.JUnitReportReporter -->
<testsuite hostname="QTSITVDI0013" name="Com.Testcases.SystemConfigurations.shortRateFactor" tests="91" failures="0" timestamp="15 Jul 2019 14:38:28 GMT" time="536.643" errors="0">
  <testcase name="Test_shortRateFactor" time="5.310" classname="Com.Testcases.SystemConfigurations.shortRateFactor"/>
  <testcase name="Test_shortRateFactor" time="5.821" classname="Com.Testcases.SystemConfigurations.shortRateFactor"/>
  <testcase name="Test_shortRateFactor" time="5.311" classname="Com.Testcases.SystemConfigurations.shortRateFactor"/>
  <testcase name="Test_shortRateFactor" time="5.385" classname="Com.Testcases.SystemConfigurations.shortRateFactor"/>
  <testcase name="Test_shortRateFactor" time="7.095" classname="Com.Testcases.SystemConfigurations.shortRateFactor"/>
  <testcase name="Test_shortRateFactor" time="5.523" classname="Com.Testcases.SystemConfigurations.shortRateFactor"/>
  <testcase name="Test_shortRateFactor" time="5.487" classname="Com.Testcases.SystemConfigurations.shortRateFactor"/>
  <testcase name="Test_shortRateFactor" time="5.498" classname="Com.Testcases.SystemConfigurations.shortRateFactor"/>
  <testcase name="Test_shortRateFactor" time="13.944" classname="Com.Testcases.SystemConfigurations.shortRateFactor"/>
  <testcase name="Test_shortRateFactor" time="5.473" classname="Com.Testcases.SystemConfigurations.shortRateFactor"/>
  <testcase name="Test_shortRateFactor" time="5.272" classname="Com.Testcases.SystemConfigurations.shortRateFactor"/>
  <testcase name="Test_shortRateFactor" time="5.512" classname="Com.Testcases.SystemConfigurations.shortRateFactor"/>
  <testcase name="Test_shortRateFactor" time="8.369" classname="Com.Testcases.SystemConfigurations.shortRateFactor"/>
  <testcase name="Test_shortRateFactor" time="5.683" classname="Com.Testcases.SystemConfigurations.shortRateFactor"/>
  <testcase name="Test_shortRateFactor" time="5.621" classname="Com.Testcases.SystemConfigurations.shortRateFactor"/>
  <testcase name="Test_shortRateFactor" time="5.619" classname="Com.Testcases.SystemConfigurations.shortRateFactor"/>
  <testcase name="Test_shortRateFactor" time="6.150" classname="Com.Testcases.SystemConfigurations.shortRateFactor"/>
  <testcase name="Test_shortRateFactor" time="5.714" classname="Com.Testcases.SystemConfigurations.shortRateFactor"/>
  <testcase name="Test_shortRateFactor" time="5.621" classname="Com.Testcases.SystemConfigurations.shortRateFactor"/>
  <testcase name="Test_shortRateFactor" time="5.301" classname="Com.Testcases.SystemConfigurations.shortRateFactor"/>
  <testcase name="Test_shortRateFactor" time="10.189" classname="Com.Testcases.SystemConfigurations.shortRateFactor"/>
  <testcase name="Test_shortRateFactor" time="8.487" classname="Com.Testcases.SystemConfigurations.shortRateFactor"/>
  <testcase name="Test_shortRateFactor" time="5.298" classname="Com.Testcases.SystemConfigurations.shortRateFactor"/>
  <testcase name="Test_shortRateFactor" time="5.605" classname="Com.Testcases.SystemConfigurations.shortRateFactor"/>
  <testcase name="Test_shortRateFactor" time="5.663" classname="Com.Testcases.SystemConfigurations.shortRateFactor"/>
  <testcase name="Test_shortRateFactor" time="5.292" classname="Com.Testcases.SystemConfigurations.shortRateFactor"/>
  <testcase name="Test_shortRateFactor" time="5.511" classname="Com.Testcases.SystemConfigurations.shortRateFactor"/>
  <testcase name="Test_shortRateFactor" time="5.634" classname="Com.Testcases.SystemConfigurations.shortRateFactor"/>
  <testcase name="Test_shortRateFactor" time="5.621" classname="Com.Testcases.SystemConfigurations.shortRateFactor"/>
  <testcase name="Test_shortRateFactor" time="5.905" classname="Com.Testcases.SystemConfigurations.shortRateFactor"/>
  <testcase name="Test_shortRateFactor" time="5.840" classname="Com.Testcases.SystemConfigurations.shortRateFactor"/>
  <testcase name="Test_shortRateFactor" time="5.533" classname="Com.Testcases.SystemConfigurations.shortRateFactor"/>
  <testcase name="Test_shortRateFactor" time="5.289" classname="Com.Testcases.SystemConfigurations.shortRateFactor"/>
  <testcase name="Test_shortRateFactor" time="5.576" classname="Com.Testcases.SystemConfigurations.shortRateFactor"/>
  <testcase name="Test_shortRateFactor" time="5.452" classname="Com.Testcases.SystemConfigurations.shortRateFactor"/>
  <testcase name="Test_shortRateFactor" time="5.394" classname="Com.Testcases.SystemConfigurations.shortRateFactor"/>
  <testcase name="Test_shortRateFactor" time="5.291" classname="Com.Testcases.SystemConfigurations.shortRateFactor"/>
  <testcase name="Test_shortRateFactor" time="5.467" classname="Com.Testcases.SystemConfigurations.shortRateFactor"/>
  <testcase name="Test_shortRateFactor" time="5.670" classname="Com.Testcases.SystemConfigurations.shortRateFactor"/>
  <testcase name="Test_shortRateFactor" time="5.418" classname="Com.Testcases.SystemConfigurations.shortRateFactor"/>
  <testcase name="Test_shortRateFactor" time="5.937" classname="Com.Testcases.SystemConfigurations.shortRateFactor"/>
  <testcase name="Test_shortRateFactor" time="5.476" classname="Com.Testcases.SystemConfigurations.shortRateFactor"/>
  <testcase name="Test_shortRateFactor" time="6.087" classname="Com.Testcases.SystemConfigurations.shortRateFactor"/>
  <testcase name="Test_shortRateFactor" time="5.305" classname="Com.Testcases.SystemConfigurations.shortRateFactor"/>
  <testcase name="Test_shortRateFactor" time="5.407" classname="Com.Testcases.SystemConfigurations.shortRateFactor"/>
  <testcase name="Test_shortRateFactor" time="5.507" classname="Com.Testcases.SystemConfigurations.shortRateFactor"/>
  <testcase name="Test_shortRateFactor" time="6.033" classname="Com.Testcases.SystemConfigurations.shortRateFactor"/>
  <testcase name="Test_shortRateFactor" time="5.879" classname="Com.Testcases.SystemConfigurations.shortRateFactor"/>
  <testcase name="Test_shortRateFactor" time="5.506" classname="Com.Testcases.SystemConfigurations.shortRateFactor"/>
  <testcase name="Test_shortRateFactor" time="5.546" classname="Com.Testcases.SystemConfigurations.shortRateFactor"/>
  <testcase name="Test_shortRateFactor" time="5.217" classname="Com.Testcases.SystemConfigurations.shortRateFactor"/>
  <testcase name="Test_shortRateFactor" time="5.788" classname="Com.Testcases.SystemConfigurations.shortRateFactor"/>
  <testcase name="Test_shortRateFactor" time="5.240" classname="Com.Testcases.SystemConfigurations.shortRateFactor"/>
  <testcase name="Test_shortRateFactor" time="5.889" classname="Com.Testcases.SystemConfigurations.shortRateFactor"/>
  <testcase name="Test_shortRateFactor" time="5.515" classname="Com.Testcases.SystemConfigurations.shortRateFactor"/>
  <testcase name="Test_shortRateFactor" time="5.931" classname="Com.Testcases.SystemConfigurations.shortRateFactor"/>
  <testcase name="Test_shortRateFactor" time="5.325" classname="Com.Testcases.SystemConfigurations.shortRateFactor"/>
  <testcase name="Test_shortRateFactor" time="5.593" classname="Com.Testcases.SystemConfigurations.shortRateFactor"/>
  <testcase name="Test_shortRateFactor" time="5.671" classname="Com.Testcases.SystemConfigurations.shortRateFactor"/>
  <testcase name="Test_shortRateFactor" time="5.649" classname="Com.Testcases.SystemConfigurations.shortRateFactor"/>
  <testcase name="Test_shortRateFactor" time="5.781" classname="Com.Testcases.SystemConfigurations.shortRateFactor"/>
  <testcase name="Test_shortRateFactor" time="5.581" classname="Com.Testcases.SystemConfigurations.shortRateFactor"/>
  <testcase name="Test_shortRateFactor" time="6.114" classname="Com.Testcases.SystemConfigurations.shortRateFactor"/>
  <testcase name="Test_shortRateFactor" time="5.334" classname="Com.Testcases.SystemConfigurations.shortRateFactor"/>
  <testcase name="Test_shortRateFactor" time="5.540" classname="Com.Testcases.SystemConfigurations.shortRateFactor"/>
  <testcase name="Test_shortRateFactor" time="5.666" classname="Com.Testcases.SystemConfigurations.shortRateFactor"/>
  <testcase name="Test_shortRateFactor" time="5.615" classname="Com.Testcases.SystemConfigurations.shortRateFactor"/>
  <testcase name="Test_shortRateFactor" time="5.556" classname="Com.Testcases.SystemConfigurations.shortRateFactor"/>
  <testcase name="Test_shortRateFactor" time="5.519" classname="Com.Testcases.SystemConfigurations.shortRateFactor"/>
  <testcase name="Test_shortRateFactor" time="6.130" classname="Com.Testcases.SystemConfigurations.shortRateFactor"/>
  <testcase name="Test_shortRateFactor" time="6.242" classname="Com.Testcases.SystemConfigurations.shortRateFactor"/>
  <testcase name="Test_shortRateFactor" time="5.254" classname="Com.Testcases.SystemConfigurations.shortRateFactor"/>
  <testcase name="Test_shortRateFactor" time="5.292" classname="Com.Testcases.SystemConfigurations.shortRateFactor"/>
  <testcase name="Test_shortRateFactor" time="5.283" classname="Com.Testcases.SystemConfigurations.shortRateFactor"/>
  <testcase name="Test_shortRateFactor" time="5.467" classname="Com.Testcases.SystemConfigurations.shortRateFactor"/>
  <testcase name="Test_shortRateFactor" time="5.577" classname="Com.Testcases.SystemConfigurations.shortRateFactor"/>
  <testcase name="Test_shortRateFactor" time="5.476" classname="Com.Testcases.SystemConfigurations.shortRateFactor"/>
  <testcase name="Test_shortRateFactor" time="5.236" classname="Com.Testcases.SystemConfigurations.shortRateFactor"/>
  <testcase name="Test_shortRateFactor" time="5.797" classname="Com.Testcases.SystemConfigurations.shortRateFactor"/>
  <testcase name="Test_shortRateFactor" time="14.116" classname="Com.Testcases.SystemConfigurations.shortRateFactor"/>
  <testcase name="Test_shortRateFactor" time="5.655" classname="Com.Testcases.SystemConfigurations.shortRateFactor"/>
  <testcase name="Test_shortRateFactor" time="5.312" classname="Com.Testcases.SystemConfigurations.shortRateFactor"/>
  <testcase name="Test_shortRateFactor" time="6.109" classname="Com.Testcases.SystemConfigurations.shortRateFactor"/>
  <testcase name="Test_shortRateFactor" time="5.652" classname="Com.Testcases.SystemConfigurations.shortRateFactor"/>
  <testcase name="Test_shortRateFactor" time="5.332" classname="Com.Testcases.SystemConfigurations.shortRateFactor"/>
  <testcase name="Test_shortRateFactor" time="5.835" classname="Com.Testcases.SystemConfigurations.shortRateFactor"/>
  <testcase name="Test_shortRateFactor" time="5.278" classname="Com.Testcases.SystemConfigurations.shortRateFactor"/>
  <testcase name="Test_shortRateFactor" time="5.433" classname="Com.Testcases.SystemConfigurations.shortRateFactor"/>
  <testcase name="Test_shortRateFactor" time="5.744" classname="Com.Testcases.SystemConfigurations.shortRateFactor"/>
  <testcase name="Test_shortRateFactor" time="5.597" classname="Com.Testcases.SystemConfigurations.shortRateFactor"/>
  <testcase name="Test_shortRateFactor" time="5.775" classname="Com.Testcases.SystemConfigurations.shortRateFactor"/>
</testsuite> <!-- Com.Testcases.SystemConfigurations.shortRateFactor -->
