<?xml version="1.0" encoding="UTF-8"?>
<!-- Generated by org.testng.reporters.JUnitReportReporter -->
<testsuite hostname="RKUMARSSL" name="Com.Testcases.NewBusiness.ARDEndorsement" tests="1" failures="0" timestamp="27 Jul 2018 15:58:34 GMT" time="37.232" errors="0">
  <testcase name="Test_ARDEndorsement" time="37.232" classname="Com.Testcases.NewBusiness.ARDEndorsement"/>
</testsuite> <!-- Com.Testcases.NewBusiness.ARDEndorsement -->
