<?xml version="1.0" encoding="UTF-8"?>
<!-- Generated by org.testng.reporters.JUnitReportReporter -->
<testsuite hostname="QTSITVDI0013" name="Com.Testcases.Endorsement.STE19" tests="1" failures="0" timestamp="1 Aug 2019 15:30:04 GMT" time="126.393" errors="0">
  <testcase name="Test_STE19" time="126.393" classname="Com.Testcases.Endorsement.STE19"/>
</testsuite> <!-- Com.Testcases.Endorsement.STE19 -->
