<?xml version="1.0" encoding="UTF-8"?>
<!-- Generated by org.testng.reporters.JUnitReportReporter -->
<testsuite hostname="JKASHYAPSSL" name="Com.Testcases.ClaimsShieldLogin" tests="1" failures="0" timestamp="27 Mar 2017 15:11:00 GMT" time="130.870" errors="0">
  <testcase name="Test_ClaimsShieldLogin" time="130.870" classname="Com.Testcases.ClaimsShieldLogin"/>
</testsuite> <!-- Com.Testcases.ClaimsShieldLogin -->
