<?xml version="1.0" encoding="UTF-8"?>
<!-- Generated by org.testng.reporters.JUnitReportReporter -->
<testsuite hostname="RKUMARSSL" name="Com.Testcases.NewBusiness.RateTierEndorsement" tests="1" failures="0" timestamp="16 Jul 2018 13:13:36 GMT" time="98.217" errors="0">
  <testcase name="Test_RateTierEndorsement" time="98.217" classname="Com.Testcases.NewBusiness.RateTierEndorsement"/>
</testsuite> <!-- Com.Testcases.NewBusiness.RateTierEndorsement -->
