<?xml version="1.0" encoding="UTF-8"?>
<!-- Generated by org.testng.reporters.JUnitReportReporter -->
<testsuite hostname="RKUMARSSL" name="Com.Testcases.NewBusiness.UnitMailingAddressEndorsement" tests="1" failures="0" timestamp="18 Jul 2018 14:36:34 GMT" time="52.858" errors="0">
  <testcase name="Test_UnitMailingAddressEndorsement" time="52.858" classname="Com.Testcases.NewBusiness.UnitMailingAddressEndorsement"/>
</testsuite> <!-- Com.Testcases.NewBusiness.UnitMailingAddressEndorsement -->
