<?xml version="1.0" encoding="UTF-8"?>
<!-- Generated by org.testng.reporters.JUnitReportReporter -->
<testsuite hostname="QTSITVDI0013" name="Com.Testcases.NewBusinessScenarios.NBS19" tests="1" failures="0" timestamp="2 Sep 2019 12:23:26 GMT" time="218.986" errors="0">
  <testcase name="Test_NBS19" time="218.986" classname="Com.Testcases.NewBusinessScenarios.NBS19"/>
</testsuite> <!-- Com.Testcases.NewBusinessScenarios.NBS19 -->
