<?xml version="1.0" encoding="UTF-8"?>
<!-- Generated by org.testng.reporters.JUnitReportReporter -->
<testsuite name="Com.Testcases.Staff.CreateStaff" tests="1" time="44.864" ignored="0" failures="0" timestamp="20 Mar 2020 11:24:46 GMT" skipped="0" hostname="DESKTOP-BH6RVTR" errors="0">
  <testcase name="Test_CreateStaff" time="44.864" classname="Com.Testcases.Staff.CreateStaff"/>
</testsuite> <!-- Com.Testcases.Staff.CreateStaff -->
