<?xml version="1.0" encoding="UTF-8"?>
<!-- Generated by org.testng.reporters.JUnitReportReporter -->
<testsuite hostname="QTSITVDI0013" name="Com.Testcases.SystemConfigurations.Add_NAICS_Codes" tests="1" failures="0" timestamp="26 Sep 2018 13:13:37 GMT" time="33.777" errors="0">
  <testcase name="Test_Add_NAICS_Codes" time="33.777" classname="Com.Testcases.SystemConfigurations.Add_NAICS_Codes"/>
</testsuite> <!-- Com.Testcases.SystemConfigurations.Add_NAICS_Codes -->
