<?xml version="1.0" encoding="UTF-8"?>
<!-- Generated by org.testng.reporters.JUnitReportReporter -->
<testsuite hostname="QTSITVDI0013" name="Com.Testcases.Endorsement.STE16" tests="1" failures="0" timestamp="15 Feb 2019 17:02:48 GMT" time="74.074" errors="0">
  <testcase name="Test_STE16" time="74.074" classname="Com.Testcases.Endorsement.STE16"/>
</testsuite> <!-- Com.Testcases.Endorsement.STE16 -->
