<?xml version="1.0" encoding="UTF-8"?>
<!-- Generated by org.testng.reporters.JUnitReportReporter -->
<testsuite hostname="QTSITVDI0013" name="Com.Testcases.Endorsement.STE10" tests="1" failures="0" timestamp="20 Feb 2019 12:17:42 GMT" time="142.241" errors="0">
  <testcase name="Test_STE10" time="142.241" classname="Com.Testcases.Endorsement.STE10"/>
</testsuite> <!-- Com.Testcases.Endorsement.STE10 -->
