<?xml version="1.0" encoding="UTF-8"?>
<!-- Generated by org.testng.reporters.JUnitReportReporter -->
<testsuite hostname="RKUMARSSL" name="Com.Testcases.NewBusiness.FormAddition" tests="1" failures="0" timestamp="7 Aug 2018 10:45:56 GMT" time="32.781" errors="0">
  <testcase name="Test_FormAddition" time="32.781" classname="Com.Testcases.NewBusiness.FormAddition"/>
</testsuite> <!-- Com.Testcases.NewBusiness.FormAddition -->
