<?xml version="1.0" encoding="UTF-8"?>
<!-- Generated by org.testng.reporters.JUnitReportReporter -->
<testsuite hostname="RKUMARSSL" name="Com.Testcases.NewBusiness.BillingPlanDueDateEndorsement" tests="1" failures="0" timestamp="19 Jul 2018 15:57:06 GMT" time="40.221" errors="0">
  <testcase name="Test_BillingPlanDueDateEndorsement" time="40.221" classname="Com.Testcases.NewBusiness.BillingPlanDueDateEndorsement"/>
</testsuite> <!-- Com.Testcases.NewBusiness.BillingPlanDueDateEndorsement -->
