<?xml version="1.0" encoding="UTF-8"?>
<!-- Generated by org.testng.reporters.JUnitReportReporter -->
<testsuite hostname="QTSITVDI0013" name="Com.Testcases.Portal.STP9" tests="1" failures="0" timestamp="28 Aug 2019 15:40:50 GMT" time="179.832" errors="0">
  <testcase name="Test_STP9" time="179.832" classname="Com.Testcases.Portal.STP9"/>
</testsuite> <!-- Com.Testcases.Portal.STP9 -->
