<?xml version="1.0" encoding="UTF-8"?>
<!-- Generated by org.testng.reporters.JUnitReportReporter -->
<testsuite hostname="RKUMARSSL" name="Com.Testcases.NewBusiness.PolicyExpirationDateEndorsement" tests="1" failures="0" timestamp="24 Jul 2018 13:30:00 GMT" time="41.225" errors="0">
  <testcase name="Test_PolicyExpirationDateEndorsement" time="41.225" classname="Com.Testcases.NewBusiness.PolicyExpirationDateEndorsement"/>
</testsuite> <!-- Com.Testcases.NewBusiness.PolicyExpirationDateEndorsement -->
