<?xml version="1.0" encoding="UTF-8"?>
<!-- Generated by org.testng.reporters.JUnitReportReporter -->
<testsuite hostname="JKASHYAPSSL" name="Com.base.DataDriven_saparateProvider" tests="3" failures="0" timestamp="4 Apr 2017 13:14:27 GMT" time="0.345" errors="0">
  <testcase name="TestQuoteStatus" time="0.204" classname="Com.base.DataDriven_saparateProvider"/>
  <testcase name="TestQuoteStatus" time="0.078" classname="Com.base.DataDriven_saparateProvider"/>
  <testcase name="TestQuoteStatus" time="0.063" classname="Com.base.DataDriven_saparateProvider"/>
</testsuite> <!-- Com.base.DataDriven_saparateProvider -->
