<?xml version="1.0" encoding="UTF-8"?>
<!-- Generated by org.testng.reporters.JUnitReportReporter -->
<testsuite hostname="RKUMARSSL" name="Com.Testcases.NewBusiness.AmendedCancellationEndorsement" tests="1" failures="0" timestamp="23 Jul 2018 13:42:05 GMT" time="40.151" errors="0">
  <testcase name="Test_AmendedCancellationEndorsement" time="40.151" classname="Com.Testcases.NewBusiness.AmendedCancellationEndorsement"/>
</testsuite> <!-- Com.Testcases.NewBusiness.AmendedCancellationEndorsement -->
