<?xml version="1.0" encoding="UTF-8"?>
<!-- Generated by org.testng.reporters.JUnitReportReporter -->
<testsuite hostname="RKUMARSSL" name="Com.Testcases.NewBusiness.IncreasedLimitsEndorsement" tests="1" failures="0" timestamp="30 Jul 2018 11:55:14 GMT" time="35.977" errors="0">
  <testcase name="Test_IncreasedLimitsEndorsement" time="35.977" classname="Com.Testcases.NewBusiness.IncreasedLimitsEndorsement"/>
</testsuite> <!-- Com.Testcases.NewBusiness.IncreasedLimitsEndorsement -->
