<?xml version="1.0" encoding="UTF-8"?>
<!-- Generated by org.testng.reporters.JUnitReportReporter -->
<testsuite hostname="RKUMARSSL" name="Com.Testcases.NewBusiness.ExpireUnitEndorsement" tests="1" failures="0" timestamp="12 Jul 2018 13:24:17 GMT" time="44.023" errors="0">
  <testcase name="Test_ExpireUnitEndorsement" time="44.023" classname="Com.Testcases.NewBusiness.ExpireUnitEndorsement"/>
</testsuite> <!-- Com.Testcases.NewBusiness.ExpireUnitEndorsement -->
