<?xml version="1.0" encoding="UTF-8"?>
<!-- Generated by org.testng.reporters.JUnitReportReporter -->
<testsuite hostname="RKUMARSSL" name="Com.Testcases.SystemConfigurations.CarrierConfig" tests="1" failures="0" timestamp="5 Jul 2018 09:51:58 GMT" time="75.461" errors="0">
  <testcase name="Test_CarrierConfig" time="75.461" classname="Com.Testcases.SystemConfigurations.CarrierConfig"/>
</testsuite> <!-- Com.Testcases.SystemConfigurations.CarrierConfig -->
