<?xml version="1.0" encoding="UTF-8"?>
<!-- Generated by org.testng.reporters.JUnitReportReporter -->
<testsuite hostname="JKASHYAPSSL" name="Com.Testcases.NewTest" tests="1" failures="0" timestamp="17 Oct 2017 11:12:25 GMT" time="0.015" errors="0">
  <testcase name="f2" time="0.015" classname="Com.Testcases.NewTest"/>
</testsuite> <!-- Com.Testcases.NewTest -->
