<?xml version="1.0" encoding="UTF-8"?>
<!-- Generated by org.testng.reporters.JUnitReportReporter -->
<testsuite hostname="JKASHYAPSSL" name="Com.Testcases.RecoveryPayment_RecoveryType_Supplemental_11698" tests="1" failures="0" timestamp="19 Dec 2017 08:57:29 GMT" time="245.203" errors="0">
  <testcase name="Test_RecoveryPayment_RecoveryType_Supplemental_11698" time="245.203" classname="Com.Testcases.RecoveryPayment_RecoveryType_Supplemental_11698"/>
</testsuite> <!-- Com.Testcases.RecoveryPayment_RecoveryType_Supplemental_11698 -->
