<?xml version="1.0" encoding="UTF-8"?>
<!-- Generated by org.testng.reporters.JUnitReportReporter -->
<testsuite hostname="QTSITVDI0013" name="Com.Testcases.Endorsement.STE3" tests="1" failures="0" timestamp="3 Sep 2019 12:49:30 GMT" time="196.924" errors="0">
  <testcase name="Test_STE3" time="196.924" classname="Com.Testcases.Endorsement.STE3"/>
</testsuite> <!-- Com.Testcases.Endorsement.STE3 -->
