<?xml version="1.0" encoding="UTF-8"?>
<!-- Generated by org.testng.reporters.JUnitReportReporter -->
<testsuite hostname="RKUMARSSL" name="Com.Testcases.NewBusiness.GeneralEdits_InsuredUnit" tests="1" failures="0" timestamp="26 Jul 2018 12:45:48 GMT" time="44.106" errors="0">
  <testcase name="Test_GeneralEdits_InsuredUnit" time="44.106" classname="Com.Testcases.NewBusiness.GeneralEdits_InsuredUnit"/>
</testsuite> <!-- Com.Testcases.NewBusiness.GeneralEdits_InsuredUnit -->
