<?xml version="1.0" encoding="UTF-8"?>
<!-- Generated by org.testng.reporters.JUnitReportReporter -->
<testsuite hostname="QTSITVDI0013" name="Com.Testcases.P12621_Reinstatement.PolicyReinstatement" tests="1" failures="0" timestamp="18 Sep 2018 10:55:54 GMT" time="108.061" errors="0">
  <testcase name="Test_PolicyReinstatement" time="108.061" classname="Com.Testcases.P12621_Reinstatement.PolicyReinstatement"/>
</testsuite> <!-- Com.Testcases.P12621_Reinstatement.PolicyReinstatement -->
