<?xml version="1.0" encoding="UTF-8"?>
<!-- Generated by org.testng.reporters.JUnitReportReporter -->
<testsuite hostname="QTSITVDI0013" name="Com.Testcases.Portal.STP9A" tests="1" failures="0" timestamp="10 Sep 2019 16:36:01 GMT" time="188.282" errors="0">
  <testcase name="Test_STP9A" time="188.282" classname="Com.Testcases.Portal.STP9A"/>
</testsuite> <!-- Com.Testcases.Portal.STP9A -->
