<?xml version="1.0" encoding="UTF-8"?>
<!-- Generated by org.testng.reporters.JUnitReportReporter -->
<testsuite hostname="JKASHYAPSSL" name="Com.Testcases.Claim_PaymentScenario1" tests="9" failures="0" timestamp="11 May 2017 09:27:25 GMT" time="776.632" errors="0">
  <testcase name="Test_ClaimPaymentScenario1" time="89.244" classname="Com.Testcases.Claim_PaymentScenario1"/>
  <testcase name="Test_ClaimPaymentScenario1" time="86.093" classname="Com.Testcases.Claim_PaymentScenario1"/>
  <testcase name="Test_ClaimPaymentScenario1" time="86.547" classname="Com.Testcases.Claim_PaymentScenario1"/>
  <testcase name="Test_ClaimPaymentScenario1" time="85.230" classname="Com.Testcases.Claim_PaymentScenario1"/>
  <testcase name="Test_ClaimPaymentScenario1" time="84.652" classname="Com.Testcases.Claim_PaymentScenario1"/>
  <testcase name="Test_ClaimPaymentScenario1" time="84.090" classname="Com.Testcases.Claim_PaymentScenario1"/>
  <testcase name="Test_ClaimPaymentScenario1" time="85.230" classname="Com.Testcases.Claim_PaymentScenario1"/>
  <testcase name="Test_ClaimPaymentScenario1" time="86.403" classname="Com.Testcases.Claim_PaymentScenario1"/>
  <testcase name="Test_ClaimPaymentScenario1" time="89.143" classname="Com.Testcases.Claim_PaymentScenario1"/>
</testsuite> <!-- Com.Testcases.Claim_PaymentScenario1 -->
