<?xml version="1.0" encoding="UTF-8"?>
<!-- Generated by org.testng.reporters.JUnitReportReporter -->
<testsuite hostname="JKASHYAPSSL" name="Com.Testcases.FinalSubrogationExpenseRecoveryIssuedToClaimant_11714" tests="1" failures="0" timestamp="22 Dec 2017 10:38:17 GMT" time="174.470" errors="0">
  <testcase name="Test_FinalSubrogationExpenseRecoveryIssuedToClaimant_11714" time="174.470" classname="Com.Testcases.FinalSubrogationExpenseRecoveryIssuedToClaimant_11714"/>
</testsuite> <!-- Com.Testcases.FinalSubrogationExpenseRecoveryIssuedToClaimant_11714 -->
