<?xml version="1.0" encoding="UTF-8"?>
<!-- Generated by org.testng.reporters.JUnitReportReporter -->
<testsuite hostname="JKASHYAPSSL" name="Com.Testcases.RecoverableAdjustmentTransaction_ReopenSubExpRec_11705" tests="1" failures="0" timestamp="24 Nov 2017 10:11:12 GMT" time="205.686" errors="0">
  <testcase name="Test_RecoverableAdjustmentTransaction_ReopenSubExpRec_11705" time="205.686" classname="Com.Testcases.RecoverableAdjustmentTransaction_ReopenSubExpRec_11705"/>
</testsuite> <!-- Com.Testcases.RecoverableAdjustmentTransaction_ReopenSubExpRec_11705 -->
