<?xml version="1.0" encoding="UTF-8"?>
<!-- Generated by org.testng.reporters.JUnitReportReporter -->
<testsuite hostname="RKUMARSSL" name="Com.Testcases.NewBusiness.CreditDebitEndorsement" tests="1" failures="0" timestamp="30 Jul 2018 12:19:57 GMT" time="39.583" errors="0">
  <testcase name="Test_CreditDebitEndorsement" time="39.583" classname="Com.Testcases.NewBusiness.CreditDebitEndorsement"/>
</testsuite> <!-- Com.Testcases.NewBusiness.CreditDebitEndorsement -->
