<?xml version="1.0" encoding="UTF-8"?>
<!-- Generated by org.testng.reporters.JUnitReportReporter -->
<testsuite hostname="RKUMARSSL" name="Com.Testcases.NewBusiness.ChangeUnitNameEndorsement" tests="1" failures="0" timestamp="20 Jul 2018 11:40:43 GMT" time="48.074" errors="0">
  <testcase name="Test_ChangeUnitNameEndorsement" time="48.074" classname="Com.Testcases.NewBusiness.ChangeUnitNameEndorsement"/>
</testsuite> <!-- Com.Testcases.NewBusiness.ChangeUnitNameEndorsement -->
