<?xml version="1.0" encoding="UTF-8"?>
<!-- Generated by org.testng.reporters.JUnitReportReporter -->
<testsuite hostname="QTSITVDI0013" name="Com.Testcases.SystemConfigurations.DeductibleRateExpire" tests="63" failures="0" timestamp="25 Mar 2019 14:19:59 GMT" time="832.592" errors="0">
  <testcase name="Test_DeductibleRateExpire" time="12.898" classname="Com.Testcases.SystemConfigurations.DeductibleRateExpire"/>
  <testcase name="Test_DeductibleRateExpire" time="13.172" classname="Com.Testcases.SystemConfigurations.DeductibleRateExpire"/>
  <testcase name="Test_DeductibleRateExpire" time="12.106" classname="Com.Testcases.SystemConfigurations.DeductibleRateExpire"/>
  <testcase name="Test_DeductibleRateExpire" time="12.272" classname="Com.Testcases.SystemConfigurations.DeductibleRateExpire"/>
  <testcase name="Test_DeductibleRateExpire" time="12.018" classname="Com.Testcases.SystemConfigurations.DeductibleRateExpire"/>
  <testcase name="Test_DeductibleRateExpire" time="12.927" classname="Com.Testcases.SystemConfigurations.DeductibleRateExpire"/>
  <testcase name="Test_DeductibleRateExpire" time="13.091" classname="Com.Testcases.SystemConfigurations.DeductibleRateExpire"/>
  <testcase name="Test_DeductibleRateExpire" time="11.989" classname="Com.Testcases.SystemConfigurations.DeductibleRateExpire"/>
  <testcase name="Test_DeductibleRateExpire" time="12.295" classname="Com.Testcases.SystemConfigurations.DeductibleRateExpire"/>
  <testcase name="Test_DeductibleRateExpire" time="12.537" classname="Com.Testcases.SystemConfigurations.DeductibleRateExpire"/>
  <testcase name="Test_DeductibleRateExpire" time="12.932" classname="Com.Testcases.SystemConfigurations.DeductibleRateExpire"/>
  <testcase name="Test_DeductibleRateExpire" time="14.366" classname="Com.Testcases.SystemConfigurations.DeductibleRateExpire"/>
  <testcase name="Test_DeductibleRateExpire" time="12.616" classname="Com.Testcases.SystemConfigurations.DeductibleRateExpire"/>
  <testcase name="Test_DeductibleRateExpire" time="12.042" classname="Com.Testcases.SystemConfigurations.DeductibleRateExpire"/>
  <testcase name="Test_DeductibleRateExpire" time="12.176" classname="Com.Testcases.SystemConfigurations.DeductibleRateExpire"/>
  <testcase name="Test_DeductibleRateExpire" time="12.819" classname="Com.Testcases.SystemConfigurations.DeductibleRateExpire"/>
  <testcase name="Test_DeductibleRateExpire" time="13.501" classname="Com.Testcases.SystemConfigurations.DeductibleRateExpire"/>
  <testcase name="Test_DeductibleRateExpire" time="11.959" classname="Com.Testcases.SystemConfigurations.DeductibleRateExpire"/>
  <testcase name="Test_DeductibleRateExpire" time="12.396" classname="Com.Testcases.SystemConfigurations.DeductibleRateExpire"/>
  <testcase name="Test_DeductibleRateExpire" time="12.125" classname="Com.Testcases.SystemConfigurations.DeductibleRateExpire"/>
  <testcase name="Test_DeductibleRateExpire" time="12.014" classname="Com.Testcases.SystemConfigurations.DeductibleRateExpire"/>
  <testcase name="Test_DeductibleRateExpire" time="13.108" classname="Com.Testcases.SystemConfigurations.DeductibleRateExpire"/>
  <testcase name="Test_DeductibleRateExpire" time="13.318" classname="Com.Testcases.SystemConfigurations.DeductibleRateExpire"/>
  <testcase name="Test_DeductibleRateExpire" time="28.333" classname="Com.Testcases.SystemConfigurations.DeductibleRateExpire"/>
  <testcase name="Test_DeductibleRateExpire" time="14.011" classname="Com.Testcases.SystemConfigurations.DeductibleRateExpire"/>
  <testcase name="Test_DeductibleRateExpire" time="12.900" classname="Com.Testcases.SystemConfigurations.DeductibleRateExpire"/>
  <testcase name="Test_DeductibleRateExpire" time="12.561" classname="Com.Testcases.SystemConfigurations.DeductibleRateExpire"/>
  <testcase name="Test_DeductibleRateExpire" time="12.506" classname="Com.Testcases.SystemConfigurations.DeductibleRateExpire"/>
  <testcase name="Test_DeductibleRateExpire" time="13.085" classname="Com.Testcases.SystemConfigurations.DeductibleRateExpire"/>
  <testcase name="Test_DeductibleRateExpire" time="12.888" classname="Com.Testcases.SystemConfigurations.DeductibleRateExpire"/>
  <testcase name="Test_DeductibleRateExpire" time="12.803" classname="Com.Testcases.SystemConfigurations.DeductibleRateExpire"/>
  <testcase name="Test_DeductibleRateExpire" time="13.305" classname="Com.Testcases.SystemConfigurations.DeductibleRateExpire"/>
  <testcase name="Test_DeductibleRateExpire" time="12.984" classname="Com.Testcases.SystemConfigurations.DeductibleRateExpire"/>
  <testcase name="Test_DeductibleRateExpire" time="13.447" classname="Com.Testcases.SystemConfigurations.DeductibleRateExpire"/>
  <testcase name="Test_DeductibleRateExpire" time="23.264" classname="Com.Testcases.SystemConfigurations.DeductibleRateExpire"/>
  <testcase name="Test_DeductibleRateExpire" time="12.856" classname="Com.Testcases.SystemConfigurations.DeductibleRateExpire"/>
  <testcase name="Test_DeductibleRateExpire" time="13.685" classname="Com.Testcases.SystemConfigurations.DeductibleRateExpire"/>
  <testcase name="Test_DeductibleRateExpire" time="12.239" classname="Com.Testcases.SystemConfigurations.DeductibleRateExpire"/>
  <testcase name="Test_DeductibleRateExpire" time="13.048" classname="Com.Testcases.SystemConfigurations.DeductibleRateExpire"/>
  <testcase name="Test_DeductibleRateExpire" time="12.795" classname="Com.Testcases.SystemConfigurations.DeductibleRateExpire"/>
  <testcase name="Test_DeductibleRateExpire" time="12.101" classname="Com.Testcases.SystemConfigurations.DeductibleRateExpire"/>
  <testcase name="Test_DeductibleRateExpire" time="12.418" classname="Com.Testcases.SystemConfigurations.DeductibleRateExpire"/>
  <testcase name="Test_DeductibleRateExpire" time="13.905" classname="Com.Testcases.SystemConfigurations.DeductibleRateExpire"/>
  <testcase name="Test_DeductibleRateExpire" time="12.689" classname="Com.Testcases.SystemConfigurations.DeductibleRateExpire"/>
  <testcase name="Test_DeductibleRateExpire" time="13.059" classname="Com.Testcases.SystemConfigurations.DeductibleRateExpire"/>
  <testcase name="Test_DeductibleRateExpire" time="13.012" classname="Com.Testcases.SystemConfigurations.DeductibleRateExpire"/>
  <testcase name="Test_DeductibleRateExpire" time="12.938" classname="Com.Testcases.SystemConfigurations.DeductibleRateExpire"/>
  <testcase name="Test_DeductibleRateExpire" time="12.527" classname="Com.Testcases.SystemConfigurations.DeductibleRateExpire"/>
  <testcase name="Test_DeductibleRateExpire" time="12.265" classname="Com.Testcases.SystemConfigurations.DeductibleRateExpire"/>
  <testcase name="Test_DeductibleRateExpire" time="12.087" classname="Com.Testcases.SystemConfigurations.DeductibleRateExpire"/>
  <testcase name="Test_DeductibleRateExpire" time="12.658" classname="Com.Testcases.SystemConfigurations.DeductibleRateExpire"/>
  <testcase name="Test_DeductibleRateExpire" time="12.968" classname="Com.Testcases.SystemConfigurations.DeductibleRateExpire"/>
  <testcase name="Test_DeductibleRateExpire" time="12.077" classname="Com.Testcases.SystemConfigurations.DeductibleRateExpire"/>
  <testcase name="Test_DeductibleRateExpire" time="14.441" classname="Com.Testcases.SystemConfigurations.DeductibleRateExpire"/>
  <testcase name="Test_DeductibleRateExpire" time="12.375" classname="Com.Testcases.SystemConfigurations.DeductibleRateExpire"/>
  <testcase name="Test_DeductibleRateExpire" time="14.101" classname="Com.Testcases.SystemConfigurations.DeductibleRateExpire"/>
  <testcase name="Test_DeductibleRateExpire" time="12.792" classname="Com.Testcases.SystemConfigurations.DeductibleRateExpire"/>
  <testcase name="Test_DeductibleRateExpire" time="13.018" classname="Com.Testcases.SystemConfigurations.DeductibleRateExpire"/>
  <testcase name="Test_DeductibleRateExpire" time="13.127" classname="Com.Testcases.SystemConfigurations.DeductibleRateExpire"/>
  <testcase name="Test_DeductibleRateExpire" time="13.137" classname="Com.Testcases.SystemConfigurations.DeductibleRateExpire"/>
  <testcase name="Test_DeductibleRateExpire" time="12.289" classname="Com.Testcases.SystemConfigurations.DeductibleRateExpire"/>
  <testcase name="Test_DeductibleRateExpire" time="12.812" classname="Com.Testcases.SystemConfigurations.DeductibleRateExpire"/>
  <testcase name="Test_DeductibleRateExpire" time="12.409" classname="Com.Testcases.SystemConfigurations.DeductibleRateExpire"/>
</testsuite> <!-- Com.Testcases.SystemConfigurations.DeductibleRateExpire -->
