<?xml version="1.0" encoding="UTF-8"?>
<!-- Generated by org.testng.reporters.JUnitReportReporter -->
<testsuite hostname="QTSITVDI0013" name="Com.Testcases.Endorsement.STE9" tests="1" failures="0" timestamp="1 Aug 2019 10:04:20 GMT" time="141.159" errors="0">
  <testcase name="Test_STE9" time="141.159" classname="Com.Testcases.Endorsement.STE9"/>
</testsuite> <!-- Com.Testcases.Endorsement.STE9 -->
