<?xml version="1.0" encoding="UTF-8"?>
<!-- Generated by org.testng.reporters.JUnitReportReporter -->
<testsuite hostname="QTSITVDI0013" name="Com.Testcases.Claims.AddReserves" tests="1" failures="0" timestamp="10 Sep 2019 13:42:10 GMT" time="73.593" errors="0">
  <testcase name="Test_AddReserves" time="73.593" classname="Com.Testcases.Claims.AddReserves"/>
</testsuite> <!-- Com.Testcases.Claims.AddReserves -->
