<?xml version="1.0" encoding="UTF-8"?>
<!-- Generated by org.testng.reporters.JUnitReportReporter -->
<testsuite hostname="QTSITVDI0013" name="Com.Testcases.Portal.STP19" tests="1" failures="0" timestamp="29 Aug 2019 10:05:23 GMT" time="138.496" errors="0">
  <testcase name="Test_STP19" time="138.496" classname="Com.Testcases.Portal.STP19"/>
</testsuite> <!-- Com.Testcases.Portal.STP19 -->
