<?xml version="1.0" encoding="UTF-8"?>
<!-- Generated by org.testng.reporters.JUnitReportReporter -->
<testsuite hostname="QTSITVDI0013" name="Com.Testcases.NewBusinessScenarios.NBS16" tests="1" failures="0" timestamp="2 Sep 2019 12:11:19 GMT" time="177.766" errors="0">
  <testcase name="Test_NBS16" time="177.766" classname="Com.Testcases.NewBusinessScenarios.NBS16"/>
</testsuite> <!-- Com.Testcases.NewBusinessScenarios.NBS16 -->
