<?xml version="1.0" encoding="UTF-8"?>
<!-- Generated by org.testng.reporters.JUnitReportReporter -->
<testsuite hostname="QTSITVDI0013" name="Com.Testcases.NewBusiness.AddUnitEndorsement" tests="1" failures="0" timestamp="9 Aug 2018 12:02:00 GMT" time="82.467" errors="0">
  <testcase name="Test_AddUnitEndorsement" time="82.467" classname="Com.Testcases.NewBusiness.AddUnitEndorsement"/>
</testsuite> <!-- Com.Testcases.NewBusiness.AddUnitEndorsement -->
