<?xml version="1.0" encoding="UTF-8"?>
<!-- Generated by org.testng.reporters.JUnitReportReporter -->
<testsuite hostname="JKASHYAPSSL" name="Com.Testcases.RecoverableAdjustmentTransaction_CloseDedExpRec_11704" tests="1" failures="0" timestamp="27 Dec 2017 13:36:46 GMT" time="200.671" errors="0">
  <testcase name="Test_RecoverableAdjustmentTransaction_CloseDedExpRec_11704" time="200.671" classname="Com.Testcases.RecoverableAdjustmentTransaction_CloseDedExpRec_11704"/>
</testsuite> <!-- Com.Testcases.RecoverableAdjustmentTransaction_CloseDedExpRec_11704 -->
