<?xml version="1.0" encoding="UTF-8"?>
<!-- Generated by org.testng.reporters.JUnitReportReporter -->
<testsuite hostname="QTSITVDI0013" name="Com.Testcases.Portal.STP8" tests="1" failures="0" timestamp="10 Sep 2019 16:27:29 GMT" time="187.072" errors="0">
  <testcase name="Test_STP8" time="187.072" classname="Com.Testcases.Portal.STP8"/>
</testsuite> <!-- Com.Testcases.Portal.STP8 -->
