<?xml version="1.0" encoding="UTF-8"?>
<!-- Generated by org.testng.reporters.JUnitReportReporter -->
<testsuite hostname="QTSITVDI0013" name="Com.Testcases.Portal.EditApplication" tests="1" failures="0" timestamp="31 Aug 2018 15:16:02 GMT" time="70.178" errors="0">
  <testcase name="Test_EditApplication" time="70.178" classname="Com.Testcases.Portal.EditApplication"/>
</testsuite> <!-- Com.Testcases.Portal.EditApplication -->
