<?xml version="1.0" encoding="UTF-8"?>
<!-- Generated by org.testng.reporters.JUnitReportReporter -->
<testsuite hostname="CON-W7-18" name="com.Quote_Status_Check" tests="1" failures="0" timestamp="21 Feb 2017 11:27:30 GMT" time="43.441" errors="0">
  <testcase name="TestQuoteStatus" time="43.441" classname="com.Quote_Status_Check"/>
</testsuite> <!-- com.Quote_Status_Check -->
