<?xml version="1.0" encoding="UTF-8"?>
<!-- Generated by org.testng.reporters.JUnitReportReporter -->
<testsuite hostname="RKUMARSSL" name="Com.Testcases.NewBusiness.InsuredNameEndorsement" tests="1" failures="0" timestamp="19 Jul 2018 11:03:54 GMT" time="35.229" errors="0">
  <testcase name="Test_InsuredNameEndorsement" time="35.229" classname="Com.Testcases.NewBusiness.InsuredNameEndorsement"/>
</testsuite> <!-- Com.Testcases.NewBusiness.InsuredNameEndorsement -->
