<?xml version="1.0" encoding="UTF-8"?>
<!-- Generated by org.testng.reporters.JUnitReportReporter -->
<testsuite hostname="RKUMARSSL" name="Com.Testcases.NewBusiness.MailingAddressEndorsement" tests="1" failures="0" timestamp="20 Jul 2018 14:24:28 GMT" time="39.200" errors="0">
  <testcase name="Test_MailingAddressEndorsement" time="39.200" classname="Com.Testcases.NewBusiness.MailingAddressEndorsement"/>
</testsuite> <!-- Com.Testcases.NewBusiness.MailingAddressEndorsement -->
