<?xml version="1.0" encoding="UTF-8"?>
<!-- Generated by org.testng.reporters.JUnitReportReporter -->
<testsuite hostname="QTSITVDI0013" name="Com.Testcases.Endorsement.STE28" tests="1" failures="0" timestamp="19 Feb 2019 12:32:11 GMT" time="103.311" errors="0">
  <testcase name="Test_STE28" time="103.311" classname="Com.Testcases.Endorsement.STE28"/>
</testsuite> <!-- Com.Testcases.Endorsement.STE28 -->
