<?xml version="1.0" encoding="UTF-8"?>
<!-- Generated by org.testng.reporters.JUnitReportReporter -->
<testsuite hostname="QTSITVDI0013" name="Com.Testcases.Endorsement.STE6" tests="1" failures="0" timestamp="3 Sep 2019 14:05:34 GMT" time="112.931" errors="0">
  <testcase name="Test_STE6" time="112.931" classname="Com.Testcases.Endorsement.STE6"/>
</testsuite> <!-- Com.Testcases.Endorsement.STE6 -->
