<?xml version="1.0" encoding="UTF-8"?>
<!-- Generated by org.testng.reporters.JUnitReportReporter -->
<testsuite hostname="QTSITVDI0013" name="Com.Testcases.Endorsement.STE2" tests="1" failures="0" timestamp="3 Sep 2019 12:13:34 GMT" time="123.168" errors="0">
  <testcase name="Test_STE2" time="123.168" classname="Com.Testcases.Endorsement.STE2"/>
</testsuite> <!-- Com.Testcases.Endorsement.STE2 -->
