<?xml version="1.0" encoding="UTF-8"?>
<!-- Generated by org.testng.reporters.JUnitReportReporter -->
<testsuite hostname="QTSITVDI0013" name="Com.Testcases.NewBusinessScenarios.NBS7" tests="1" failures="0" timestamp="2 Sep 2019 08:03:13 GMT" time="46.093" errors="0">
  <testcase name="Test_NBS7" time="46.093" classname="Com.Testcases.NewBusinessScenarios.NBS7"/>
</testsuite> <!-- Com.Testcases.NewBusinessScenarios.NBS7 -->
