<?xml version="1.0" encoding="UTF-8"?>
<!-- Generated by org.testng.reporters.JUnitReportReporter -->
<testsuite hostname="QTSITVDI0013" name="Com.Testcases.SystemConfigurations.shortRateFactorExpire" tests="185" failures="0" timestamp="15 Jul 2019 13:30:21 GMT" time="1026.705" errors="0">
  <testcase name="Test_shortRateFactorExpire" time="4.738" classname="Com.Testcases.SystemConfigurations.shortRateFactorExpire"/>
  <testcase name="Test_shortRateFactorExpire" time="5.365" classname="Com.Testcases.SystemConfigurations.shortRateFactorExpire"/>
  <testcase name="Test_shortRateFactorExpire" time="4.483" classname="Com.Testcases.SystemConfigurations.shortRateFactorExpire"/>
  <testcase name="Test_shortRateFactorExpire" time="5.149" classname="Com.Testcases.SystemConfigurations.shortRateFactorExpire"/>
  <testcase name="Test_shortRateFactorExpire" time="6.412" classname="Com.Testcases.SystemConfigurations.shortRateFactorExpire"/>
  <testcase name="Test_shortRateFactorExpire" time="4.514" classname="Com.Testcases.SystemConfigurations.shortRateFactorExpire"/>
  <testcase name="Test_shortRateFactorExpire" time="4.802" classname="Com.Testcases.SystemConfigurations.shortRateFactorExpire"/>
  <testcase name="Test_shortRateFactorExpire" time="4.742" classname="Com.Testcases.SystemConfigurations.shortRateFactorExpire"/>
  <testcase name="Test_shortRateFactorExpire" time="6.509" classname="Com.Testcases.SystemConfigurations.shortRateFactorExpire"/>
  <testcase name="Test_shortRateFactorExpire" time="7.207" classname="Com.Testcases.SystemConfigurations.shortRateFactorExpire"/>
  <testcase name="Test_shortRateFactorExpire" time="4.489" classname="Com.Testcases.SystemConfigurations.shortRateFactorExpire"/>
  <testcase name="Test_shortRateFactorExpire" time="4.506" classname="Com.Testcases.SystemConfigurations.shortRateFactorExpire"/>
  <testcase name="Test_shortRateFactorExpire" time="4.519" classname="Com.Testcases.SystemConfigurations.shortRateFactorExpire"/>
  <testcase name="Test_shortRateFactorExpire" time="6.243" classname="Com.Testcases.SystemConfigurations.shortRateFactorExpire"/>
  <testcase name="Test_shortRateFactorExpire" time="4.788" classname="Com.Testcases.SystemConfigurations.shortRateFactorExpire"/>
  <testcase name="Test_shortRateFactorExpire" time="4.658" classname="Com.Testcases.SystemConfigurations.shortRateFactorExpire"/>
  <testcase name="Test_shortRateFactorExpire" time="6.525" classname="Com.Testcases.SystemConfigurations.shortRateFactorExpire"/>
  <testcase name="Test_shortRateFactorExpire" time="5.220" classname="Com.Testcases.SystemConfigurations.shortRateFactorExpire"/>
  <testcase name="Test_shortRateFactorExpire" time="4.688" classname="Com.Testcases.SystemConfigurations.shortRateFactorExpire"/>
  <testcase name="Test_shortRateFactorExpire" time="4.496" classname="Com.Testcases.SystemConfigurations.shortRateFactorExpire"/>
  <testcase name="Test_shortRateFactorExpire" time="5.396" classname="Com.Testcases.SystemConfigurations.shortRateFactorExpire"/>
  <testcase name="Test_shortRateFactorExpire" time="5.397" classname="Com.Testcases.SystemConfigurations.shortRateFactorExpire"/>
  <testcase name="Test_shortRateFactorExpire" time="7.163" classname="Com.Testcases.SystemConfigurations.shortRateFactorExpire"/>
  <testcase name="Test_shortRateFactorExpire" time="5.400" classname="Com.Testcases.SystemConfigurations.shortRateFactorExpire"/>
  <testcase name="Test_shortRateFactorExpire" time="4.580" classname="Com.Testcases.SystemConfigurations.shortRateFactorExpire"/>
  <testcase name="Test_shortRateFactorExpire" time="5.330" classname="Com.Testcases.SystemConfigurations.shortRateFactorExpire"/>
  <testcase name="Test_shortRateFactorExpire" time="5.885" classname="Com.Testcases.SystemConfigurations.shortRateFactorExpire"/>
  <testcase name="Test_shortRateFactorExpire" time="4.428" classname="Com.Testcases.SystemConfigurations.shortRateFactorExpire"/>
  <testcase name="Test_shortRateFactorExpire" time="5.303" classname="Com.Testcases.SystemConfigurations.shortRateFactorExpire"/>
  <testcase name="Test_shortRateFactorExpire" time="4.485" classname="Com.Testcases.SystemConfigurations.shortRateFactorExpire"/>
  <testcase name="Test_shortRateFactorExpire" time="4.687" classname="Com.Testcases.SystemConfigurations.shortRateFactorExpire"/>
  <testcase name="Test_shortRateFactorExpire" time="4.638" classname="Com.Testcases.SystemConfigurations.shortRateFactorExpire"/>
  <testcase name="Test_shortRateFactorExpire" time="6.366" classname="Com.Testcases.SystemConfigurations.shortRateFactorExpire"/>
  <testcase name="Test_shortRateFactorExpire" time="6.855" classname="Com.Testcases.SystemConfigurations.shortRateFactorExpire"/>
  <testcase name="Test_shortRateFactorExpire" time="4.564" classname="Com.Testcases.SystemConfigurations.shortRateFactorExpire"/>
  <testcase name="Test_shortRateFactorExpire" time="4.739" classname="Com.Testcases.SystemConfigurations.shortRateFactorExpire"/>
  <testcase name="Test_shortRateFactorExpire" time="4.735" classname="Com.Testcases.SystemConfigurations.shortRateFactorExpire"/>
  <testcase name="Test_shortRateFactorExpire" time="4.999" classname="Com.Testcases.SystemConfigurations.shortRateFactorExpire"/>
  <testcase name="Test_shortRateFactorExpire" time="4.601" classname="Com.Testcases.SystemConfigurations.shortRateFactorExpire"/>
  <testcase name="Test_shortRateFactorExpire" time="5.215" classname="Com.Testcases.SystemConfigurations.shortRateFactorExpire"/>
  <testcase name="Test_shortRateFactorExpire" time="4.442" classname="Com.Testcases.SystemConfigurations.shortRateFactorExpire"/>
  <testcase name="Test_shortRateFactorExpire" time="6.654" classname="Com.Testcases.SystemConfigurations.shortRateFactorExpire"/>
  <testcase name="Test_shortRateFactorExpire" time="8.223" classname="Com.Testcases.SystemConfigurations.shortRateFactorExpire"/>
  <testcase name="Test_shortRateFactorExpire" time="6.567" classname="Com.Testcases.SystemConfigurations.shortRateFactorExpire"/>
  <testcase name="Test_shortRateFactorExpire" time="4.454" classname="Com.Testcases.SystemConfigurations.shortRateFactorExpire"/>
  <testcase name="Test_shortRateFactorExpire" time="4.721" classname="Com.Testcases.SystemConfigurations.shortRateFactorExpire"/>
  <testcase name="Test_shortRateFactorExpire" time="4.879" classname="Com.Testcases.SystemConfigurations.shortRateFactorExpire"/>
  <testcase name="Test_shortRateFactorExpire" time="7.692" classname="Com.Testcases.SystemConfigurations.shortRateFactorExpire"/>
  <testcase name="Test_shortRateFactorExpire" time="5.329" classname="Com.Testcases.SystemConfigurations.shortRateFactorExpire"/>
  <testcase name="Test_shortRateFactorExpire" time="4.554" classname="Com.Testcases.SystemConfigurations.shortRateFactorExpire"/>
  <testcase name="Test_shortRateFactorExpire" time="5.370" classname="Com.Testcases.SystemConfigurations.shortRateFactorExpire"/>
  <testcase name="Test_shortRateFactorExpire" time="7.470" classname="Com.Testcases.SystemConfigurations.shortRateFactorExpire"/>
  <testcase name="Test_shortRateFactorExpire" time="6.926" classname="Com.Testcases.SystemConfigurations.shortRateFactorExpire"/>
  <testcase name="Test_shortRateFactorExpire" time="6.402" classname="Com.Testcases.SystemConfigurations.shortRateFactorExpire"/>
  <testcase name="Test_shortRateFactorExpire" time="7.452" classname="Com.Testcases.SystemConfigurations.shortRateFactorExpire"/>
  <testcase name="Test_shortRateFactorExpire" time="4.926" classname="Com.Testcases.SystemConfigurations.shortRateFactorExpire"/>
  <testcase name="Test_shortRateFactorExpire" time="4.624" classname="Com.Testcases.SystemConfigurations.shortRateFactorExpire"/>
  <testcase name="Test_shortRateFactorExpire" time="5.582" classname="Com.Testcases.SystemConfigurations.shortRateFactorExpire"/>
  <testcase name="Test_shortRateFactorExpire" time="4.624" classname="Com.Testcases.SystemConfigurations.shortRateFactorExpire"/>
  <testcase name="Test_shortRateFactorExpire" time="6.404" classname="Com.Testcases.SystemConfigurations.shortRateFactorExpire"/>
  <testcase name="Test_shortRateFactorExpire" time="4.708" classname="Com.Testcases.SystemConfigurations.shortRateFactorExpire"/>
  <testcase name="Test_shortRateFactorExpire" time="5.795" classname="Com.Testcases.SystemConfigurations.shortRateFactorExpire"/>
  <testcase name="Test_shortRateFactorExpire" time="4.971" classname="Com.Testcases.SystemConfigurations.shortRateFactorExpire"/>
  <testcase name="Test_shortRateFactorExpire" time="4.580" classname="Com.Testcases.SystemConfigurations.shortRateFactorExpire"/>
  <testcase name="Test_shortRateFactorExpire" time="4.613" classname="Com.Testcases.SystemConfigurations.shortRateFactorExpire"/>
  <testcase name="Test_shortRateFactorExpire" time="4.958" classname="Com.Testcases.SystemConfigurations.shortRateFactorExpire"/>
  <testcase name="Test_shortRateFactorExpire" time="4.473" classname="Com.Testcases.SystemConfigurations.shortRateFactorExpire"/>
  <testcase name="Test_shortRateFactorExpire" time="4.901" classname="Com.Testcases.SystemConfigurations.shortRateFactorExpire"/>
  <testcase name="Test_shortRateFactorExpire" time="4.419" classname="Com.Testcases.SystemConfigurations.shortRateFactorExpire"/>
  <testcase name="Test_shortRateFactorExpire" time="4.628" classname="Com.Testcases.SystemConfigurations.shortRateFactorExpire"/>
  <testcase name="Test_shortRateFactorExpire" time="6.754" classname="Com.Testcases.SystemConfigurations.shortRateFactorExpire"/>
  <testcase name="Test_shortRateFactorExpire" time="5.308" classname="Com.Testcases.SystemConfigurations.shortRateFactorExpire"/>
  <testcase name="Test_shortRateFactorExpire" time="5.019" classname="Com.Testcases.SystemConfigurations.shortRateFactorExpire"/>
  <testcase name="Test_shortRateFactorExpire" time="5.098" classname="Com.Testcases.SystemConfigurations.shortRateFactorExpire"/>
  <testcase name="Test_shortRateFactorExpire" time="5.006" classname="Com.Testcases.SystemConfigurations.shortRateFactorExpire"/>
  <testcase name="Test_shortRateFactorExpire" time="4.513" classname="Com.Testcases.SystemConfigurations.shortRateFactorExpire"/>
  <testcase name="Test_shortRateFactorExpire" time="6.251" classname="Com.Testcases.SystemConfigurations.shortRateFactorExpire"/>
  <testcase name="Test_shortRateFactorExpire" time="8.150" classname="Com.Testcases.SystemConfigurations.shortRateFactorExpire"/>
  <testcase name="Test_shortRateFactorExpire" time="5.404" classname="Com.Testcases.SystemConfigurations.shortRateFactorExpire"/>
  <testcase name="Test_shortRateFactorExpire" time="5.056" classname="Com.Testcases.SystemConfigurations.shortRateFactorExpire"/>
  <testcase name="Test_shortRateFactorExpire" time="4.747" classname="Com.Testcases.SystemConfigurations.shortRateFactorExpire"/>
  <testcase name="Test_shortRateFactorExpire" time="4.404" classname="Com.Testcases.SystemConfigurations.shortRateFactorExpire"/>
  <testcase name="Test_shortRateFactorExpire" time="4.433" classname="Com.Testcases.SystemConfigurations.shortRateFactorExpire"/>
  <testcase name="Test_shortRateFactorExpire" time="5.098" classname="Com.Testcases.SystemConfigurations.shortRateFactorExpire"/>
  <testcase name="Test_shortRateFactorExpire" time="4.439" classname="Com.Testcases.SystemConfigurations.shortRateFactorExpire"/>
  <testcase name="Test_shortRateFactorExpire" time="4.739" classname="Com.Testcases.SystemConfigurations.shortRateFactorExpire"/>
  <testcase name="Test_shortRateFactorExpire" time="5.323" classname="Com.Testcases.SystemConfigurations.shortRateFactorExpire"/>
  <testcase name="Test_shortRateFactorExpire" time="6.592" classname="Com.Testcases.SystemConfigurations.shortRateFactorExpire"/>
  <testcase name="Test_shortRateFactorExpire" time="6.627" classname="Com.Testcases.SystemConfigurations.shortRateFactorExpire"/>
  <testcase name="Test_shortRateFactorExpire" time="8.013" classname="Com.Testcases.SystemConfigurations.shortRateFactorExpire"/>
  <testcase name="Test_shortRateFactorExpire" time="4.629" classname="Com.Testcases.SystemConfigurations.shortRateFactorExpire"/>
  <testcase name="Test_shortRateFactorExpire" time="5.331" classname="Com.Testcases.SystemConfigurations.shortRateFactorExpire"/>
  <testcase name="Test_shortRateFactorExpire" time="5.268" classname="Com.Testcases.SystemConfigurations.shortRateFactorExpire"/>
  <testcase name="Test_shortRateFactorExpire" time="4.887" classname="Com.Testcases.SystemConfigurations.shortRateFactorExpire"/>
  <testcase name="Test_shortRateFactorExpire" time="4.602" classname="Com.Testcases.SystemConfigurations.shortRateFactorExpire"/>
  <testcase name="Test_shortRateFactorExpire" time="4.670" classname="Com.Testcases.SystemConfigurations.shortRateFactorExpire"/>
  <testcase name="Test_shortRateFactorExpire" time="4.647" classname="Com.Testcases.SystemConfigurations.shortRateFactorExpire"/>
  <testcase name="Test_shortRateFactorExpire" time="5.005" classname="Com.Testcases.SystemConfigurations.shortRateFactorExpire"/>
  <testcase name="Test_shortRateFactorExpire" time="6.283" classname="Com.Testcases.SystemConfigurations.shortRateFactorExpire"/>
  <testcase name="Test_shortRateFactorExpire" time="5.157" classname="Com.Testcases.SystemConfigurations.shortRateFactorExpire"/>
  <testcase name="Test_shortRateFactorExpire" time="6.792" classname="Com.Testcases.SystemConfigurations.shortRateFactorExpire"/>
  <testcase name="Test_shortRateFactorExpire" time="7.474" classname="Com.Testcases.SystemConfigurations.shortRateFactorExpire"/>
  <testcase name="Test_shortRateFactorExpire" time="5.240" classname="Com.Testcases.SystemConfigurations.shortRateFactorExpire"/>
  <testcase name="Test_shortRateFactorExpire" time="8.148" classname="Com.Testcases.SystemConfigurations.shortRateFactorExpire"/>
  <testcase name="Test_shortRateFactorExpire" time="6.814" classname="Com.Testcases.SystemConfigurations.shortRateFactorExpire"/>
  <testcase name="Test_shortRateFactorExpire" time="4.471" classname="Com.Testcases.SystemConfigurations.shortRateFactorExpire"/>
  <testcase name="Test_shortRateFactorExpire" time="5.150" classname="Com.Testcases.SystemConfigurations.shortRateFactorExpire"/>
  <testcase name="Test_shortRateFactorExpire" time="8.151" classname="Com.Testcases.SystemConfigurations.shortRateFactorExpire"/>
  <testcase name="Test_shortRateFactorExpire" time="4.697" classname="Com.Testcases.SystemConfigurations.shortRateFactorExpire"/>
  <testcase name="Test_shortRateFactorExpire" time="6.140" classname="Com.Testcases.SystemConfigurations.shortRateFactorExpire"/>
  <testcase name="Test_shortRateFactorExpire" time="4.715" classname="Com.Testcases.SystemConfigurations.shortRateFactorExpire"/>
  <testcase name="Test_shortRateFactorExpire" time="4.980" classname="Com.Testcases.SystemConfigurations.shortRateFactorExpire"/>
  <testcase name="Test_shortRateFactorExpire" time="4.852" classname="Com.Testcases.SystemConfigurations.shortRateFactorExpire"/>
  <testcase name="Test_shortRateFactorExpire" time="4.956" classname="Com.Testcases.SystemConfigurations.shortRateFactorExpire"/>
  <testcase name="Test_shortRateFactorExpire" time="4.610" classname="Com.Testcases.SystemConfigurations.shortRateFactorExpire"/>
  <testcase name="Test_shortRateFactorExpire" time="4.455" classname="Com.Testcases.SystemConfigurations.shortRateFactorExpire"/>
  <testcase name="Test_shortRateFactorExpire" time="5.016" classname="Com.Testcases.SystemConfigurations.shortRateFactorExpire"/>
  <testcase name="Test_shortRateFactorExpire" time="7.104" classname="Com.Testcases.SystemConfigurations.shortRateFactorExpire"/>
  <testcase name="Test_shortRateFactorExpire" time="4.459" classname="Com.Testcases.SystemConfigurations.shortRateFactorExpire"/>
  <testcase name="Test_shortRateFactorExpire" time="4.456" classname="Com.Testcases.SystemConfigurations.shortRateFactorExpire"/>
  <testcase name="Test_shortRateFactorExpire" time="7.351" classname="Com.Testcases.SystemConfigurations.shortRateFactorExpire"/>
  <testcase name="Test_shortRateFactorExpire" time="4.700" classname="Com.Testcases.SystemConfigurations.shortRateFactorExpire"/>
  <testcase name="Test_shortRateFactorExpire" time="4.912" classname="Com.Testcases.SystemConfigurations.shortRateFactorExpire"/>
  <testcase name="Test_shortRateFactorExpire" time="4.478" classname="Com.Testcases.SystemConfigurations.shortRateFactorExpire"/>
  <testcase name="Test_shortRateFactorExpire" time="4.732" classname="Com.Testcases.SystemConfigurations.shortRateFactorExpire"/>
  <testcase name="Test_shortRateFactorExpire" time="4.593" classname="Com.Testcases.SystemConfigurations.shortRateFactorExpire"/>
  <testcase name="Test_shortRateFactorExpire" time="5.034" classname="Com.Testcases.SystemConfigurations.shortRateFactorExpire"/>
  <testcase name="Test_shortRateFactorExpire" time="4.966" classname="Com.Testcases.SystemConfigurations.shortRateFactorExpire"/>
  <testcase name="Test_shortRateFactorExpire" time="6.443" classname="Com.Testcases.SystemConfigurations.shortRateFactorExpire"/>
  <testcase name="Test_shortRateFactorExpire" time="6.458" classname="Com.Testcases.SystemConfigurations.shortRateFactorExpire"/>
  <testcase name="Test_shortRateFactorExpire" time="4.419" classname="Com.Testcases.SystemConfigurations.shortRateFactorExpire"/>
  <testcase name="Test_shortRateFactorExpire" time="4.532" classname="Com.Testcases.SystemConfigurations.shortRateFactorExpire"/>
  <testcase name="Test_shortRateFactorExpire" time="4.596" classname="Com.Testcases.SystemConfigurations.shortRateFactorExpire"/>
  <testcase name="Test_shortRateFactorExpire" time="4.552" classname="Com.Testcases.SystemConfigurations.shortRateFactorExpire"/>
  <testcase name="Test_shortRateFactorExpire" time="4.857" classname="Com.Testcases.SystemConfigurations.shortRateFactorExpire"/>
  <testcase name="Test_shortRateFactorExpire" time="5.081" classname="Com.Testcases.SystemConfigurations.shortRateFactorExpire"/>
  <testcase name="Test_shortRateFactorExpire" time="4.878" classname="Com.Testcases.SystemConfigurations.shortRateFactorExpire"/>
  <testcase name="Test_shortRateFactorExpire" time="10.209" classname="Com.Testcases.SystemConfigurations.shortRateFactorExpire"/>
  <testcase name="Test_shortRateFactorExpire" time="4.544" classname="Com.Testcases.SystemConfigurations.shortRateFactorExpire"/>
  <testcase name="Test_shortRateFactorExpire" time="8.812" classname="Com.Testcases.SystemConfigurations.shortRateFactorExpire"/>
  <testcase name="Test_shortRateFactorExpire" time="6.952" classname="Com.Testcases.SystemConfigurations.shortRateFactorExpire"/>
  <testcase name="Test_shortRateFactorExpire" time="4.604" classname="Com.Testcases.SystemConfigurations.shortRateFactorExpire"/>
  <testcase name="Test_shortRateFactorExpire" time="7.963" classname="Com.Testcases.SystemConfigurations.shortRateFactorExpire"/>
  <testcase name="Test_shortRateFactorExpire" time="4.510" classname="Com.Testcases.SystemConfigurations.shortRateFactorExpire"/>
  <testcase name="Test_shortRateFactorExpire" time="4.440" classname="Com.Testcases.SystemConfigurations.shortRateFactorExpire"/>
  <testcase name="Test_shortRateFactorExpire" time="4.683" classname="Com.Testcases.SystemConfigurations.shortRateFactorExpire"/>
  <testcase name="Test_shortRateFactorExpire" time="7.063" classname="Com.Testcases.SystemConfigurations.shortRateFactorExpire"/>
  <testcase name="Test_shortRateFactorExpire" time="7.987" classname="Com.Testcases.SystemConfigurations.shortRateFactorExpire"/>
  <testcase name="Test_shortRateFactorExpire" time="6.262" classname="Com.Testcases.SystemConfigurations.shortRateFactorExpire"/>
  <testcase name="Test_shortRateFactorExpire" time="7.895" classname="Com.Testcases.SystemConfigurations.shortRateFactorExpire"/>
  <testcase name="Test_shortRateFactorExpire" time="4.530" classname="Com.Testcases.SystemConfigurations.shortRateFactorExpire"/>
  <testcase name="Test_shortRateFactorExpire" time="4.498" classname="Com.Testcases.SystemConfigurations.shortRateFactorExpire"/>
  <testcase name="Test_shortRateFactorExpire" time="5.182" classname="Com.Testcases.SystemConfigurations.shortRateFactorExpire"/>
  <testcase name="Test_shortRateFactorExpire" time="7.161" classname="Com.Testcases.SystemConfigurations.shortRateFactorExpire"/>
  <testcase name="Test_shortRateFactorExpire" time="4.812" classname="Com.Testcases.SystemConfigurations.shortRateFactorExpire"/>
  <testcase name="Test_shortRateFactorExpire" time="14.769" classname="Com.Testcases.SystemConfigurations.shortRateFactorExpire"/>
  <testcase name="Test_shortRateFactorExpire" time="4.676" classname="Com.Testcases.SystemConfigurations.shortRateFactorExpire"/>
  <testcase name="Test_shortRateFactorExpire" time="5.185" classname="Com.Testcases.SystemConfigurations.shortRateFactorExpire"/>
  <testcase name="Test_shortRateFactorExpire" time="5.186" classname="Com.Testcases.SystemConfigurations.shortRateFactorExpire"/>
  <testcase name="Test_shortRateFactorExpire" time="5.306" classname="Com.Testcases.SystemConfigurations.shortRateFactorExpire"/>
  <testcase name="Test_shortRateFactorExpire" time="4.535" classname="Com.Testcases.SystemConfigurations.shortRateFactorExpire"/>
  <testcase name="Test_shortRateFactorExpire" time="4.442" classname="Com.Testcases.SystemConfigurations.shortRateFactorExpire"/>
  <testcase name="Test_shortRateFactorExpire" time="4.880" classname="Com.Testcases.SystemConfigurations.shortRateFactorExpire"/>
  <testcase name="Test_shortRateFactorExpire" time="5.502" classname="Com.Testcases.SystemConfigurations.shortRateFactorExpire"/>
  <testcase name="Test_shortRateFactorExpire" time="8.060" classname="Com.Testcases.SystemConfigurations.shortRateFactorExpire"/>
  <testcase name="Test_shortRateFactorExpire" time="13.464" classname="Com.Testcases.SystemConfigurations.shortRateFactorExpire"/>
  <testcase name="Test_shortRateFactorExpire" time="4.753" classname="Com.Testcases.SystemConfigurations.shortRateFactorExpire"/>
  <testcase name="Test_shortRateFactorExpire" time="4.734" classname="Com.Testcases.SystemConfigurations.shortRateFactorExpire"/>
  <testcase name="Test_shortRateFactorExpire" time="6.970" classname="Com.Testcases.SystemConfigurations.shortRateFactorExpire"/>
  <testcase name="Test_shortRateFactorExpire" time="4.925" classname="Com.Testcases.SystemConfigurations.shortRateFactorExpire"/>
  <testcase name="Test_shortRateFactorExpire" time="4.536" classname="Com.Testcases.SystemConfigurations.shortRateFactorExpire"/>
  <testcase name="Test_shortRateFactorExpire" time="7.467" classname="Com.Testcases.SystemConfigurations.shortRateFactorExpire"/>
  <testcase name="Test_shortRateFactorExpire" time="4.646" classname="Com.Testcases.SystemConfigurations.shortRateFactorExpire"/>
  <testcase name="Test_shortRateFactorExpire" time="6.986" classname="Com.Testcases.SystemConfigurations.shortRateFactorExpire"/>
  <testcase name="Test_shortRateFactorExpire" time="6.276" classname="Com.Testcases.SystemConfigurations.shortRateFactorExpire"/>
  <testcase name="Test_shortRateFactorExpire" time="4.973" classname="Com.Testcases.SystemConfigurations.shortRateFactorExpire"/>
  <testcase name="Test_shortRateFactorExpire" time="6.475" classname="Com.Testcases.SystemConfigurations.shortRateFactorExpire"/>
  <testcase name="Test_shortRateFactorExpire" time="5.352" classname="Com.Testcases.SystemConfigurations.shortRateFactorExpire"/>
  <testcase name="Test_shortRateFactorExpire" time="5.229" classname="Com.Testcases.SystemConfigurations.shortRateFactorExpire"/>
  <testcase name="Test_shortRateFactorExpire" time="5.203" classname="Com.Testcases.SystemConfigurations.shortRateFactorExpire"/>
  <testcase name="Test_shortRateFactorExpire" time="5.330" classname="Com.Testcases.SystemConfigurations.shortRateFactorExpire"/>
  <testcase name="Test_shortRateFactorExpire" time="4.485" classname="Com.Testcases.SystemConfigurations.shortRateFactorExpire"/>
  <testcase name="Test_shortRateFactorExpire" time="5.118" classname="Com.Testcases.SystemConfigurations.shortRateFactorExpire"/>
  <testcase name="Test_shortRateFactorExpire" time="5.359" classname="Com.Testcases.SystemConfigurations.shortRateFactorExpire"/>
  <testcase name="Test_shortRateFactorExpire" time="4.901" classname="Com.Testcases.SystemConfigurations.shortRateFactorExpire"/>
</testsuite> <!-- Com.Testcases.SystemConfigurations.shortRateFactorExpire -->
