<?xml version="1.0" encoding="UTF-8"?>
<!-- Generated by org.testng.reporters.JUnitReportReporter -->
<testsuite hostname="RKUMARSSL" name="Com.Testcases.NewBusiness.ProducerNameEndorsement" tests="1" failures="0" timestamp="24 Jul 2018 15:55:24 GMT" time="34.268" errors="0">
  <testcase name="Test_ProducerNameEndorsement" time="34.268" classname="Com.Testcases.NewBusiness.ProducerNameEndorsement"/>
</testsuite> <!-- Com.Testcases.NewBusiness.ProducerNameEndorsement -->
