<?xml version="1.0" encoding="UTF-8"?>
<!-- Generated by org.testng.reporters.JUnitReportReporter -->
<testsuite hostname="JKASHYAPSSL" name="Com.Testcases.PartialDeductibleLossRecovery_IssuedTo_OtherCollFeeYes_11708" tests="1" failures="0" timestamp="21 Dec 2017 10:26:00 GMT" time="177.115" errors="0">
  <testcase name="Test_PartialDeductibleLossRecovery_IssuedTo_OtherCollFeeYes_11708" time="177.115" classname="Com.Testcases.PartialDeductibleLossRecovery_IssuedTo_OtherCollFeeYes_11708"/>
</testsuite> <!-- Com.Testcases.PartialDeductibleLossRecovery_IssuedTo_OtherCollFeeYes_11708 -->
