<?xml version="1.0" encoding="UTF-8"?>
<!-- Generated by org.testng.reporters.JUnitReportReporter -->
<testsuite hostname="JKASHYAPSSL" name="Com.Testcases.PartialSubrogationLossRecovery_IssuedTo_Other_11711" tests="1" failures="0" timestamp="10 Jan 2018 10:13:16 GMT" time="194.483" errors="0">
  <testcase name="Test_PartialSubrogationLossRecovery_IssuedTo_Other_11711" time="194.483" classname="Com.Testcases.PartialSubrogationLossRecovery_IssuedTo_Other_11711"/>
</testsuite> <!-- Com.Testcases.PartialSubrogationLossRecovery_IssuedTo_Other_11711 -->
