<?xml version="1.0" encoding="UTF-8"?>
<!-- Generated by org.testng.reporters.JUnitReportReporter -->
<testsuite hostname="QTSITVDI0013" name="Com.Testcases.Portal.STP17" tests="1" failures="0" timestamp="30 Aug 2019 18:03:17 GMT" time="104.325" errors="0">
  <testcase name="Test_STP17" time="104.325" classname="Com.Testcases.Portal.STP17"/>
</testsuite> <!-- Com.Testcases.Portal.STP17 -->
