<?xml version="1.0" encoding="UTF-8"?>
<!-- Generated by org.testng.reporters.JUnitReportReporter -->
<testsuite hostname="JKASHYAPSSL" name="Com.Testcases.PartialDeductibleLossRecoveryIssuedToClaimant_11707" tests="1" failures="0" timestamp="20 Dec 2017 12:44:15 GMT" time="178.687" errors="0">
  <testcase name="Test_PartialDeductibleLossRecoveryIssuedToClaimant_11707" time="178.687" classname="Com.Testcases.PartialDeductibleLossRecoveryIssuedToClaimant_11707"/>
</testsuite> <!-- Com.Testcases.PartialDeductibleLossRecoveryIssuedToClaimant_11707 -->
