<?xml version="1.0" encoding="UTF-8"?>
<!-- Generated by org.testng.reporters.JUnitReportReporter -->
<testsuite hostname="RKUMARSSL" name="Com.Testcases.NewBusiness.RateChangeEndorsement" tests="1" failures="0" timestamp="16 Jul 2018 12:52:37 GMT" time="38.508" errors="0">
  <testcase name="Test_RateChangeEndorsement" time="38.508" classname="Com.Testcases.NewBusiness.RateChangeEndorsement"/>
</testsuite> <!-- Com.Testcases.NewBusiness.RateChangeEndorsement -->
