<?xml version="1.0" encoding="UTF-8"?>
<!-- Generated by org.testng.reporters.JUnitReportReporter -->
<testsuite hostname="JKASHYAPSSL" name="Com.Testcases.CreateClaims_SaveAndContinueButton" tests="6" failures="0" timestamp="29 Aug 2017 09:58:22 GMT" time="724.176" errors="0">
  <testcase name="Test_CreateClaim" time="120.718" classname="Com.Testcases.CreateClaims_SaveAndContinueButton"/>
  <testcase name="Test_CreateClaim" time="120.984" classname="Com.Testcases.CreateClaims_SaveAndContinueButton"/>
  <testcase name="Test_CreateClaim" time="120.422" classname="Com.Testcases.CreateClaims_SaveAndContinueButton"/>
  <testcase name="Test_CreateClaim" time="121.131" classname="Com.Testcases.CreateClaims_SaveAndContinueButton"/>
  <testcase name="Test_CreateClaim" time="120.100" classname="Com.Testcases.CreateClaims_SaveAndContinueButton"/>
  <testcase name="Test_CreateClaim" time="120.821" classname="Com.Testcases.CreateClaims_SaveAndContinueButton"/>
</testsuite> <!-- Com.Testcases.CreateClaims_SaveAndContinueButton -->
