<?xml version="1.0" encoding="UTF-8"?>
<!-- Generated by org.testng.reporters.JUnitReportReporter -->
<testsuite name="Com.Testcases.Merchant.CreateMerchant" tests="1" time="69.902" ignored="0" failures="0" timestamp="25 Mar 2020 13:34:38 GMT" skipped="0" hostname="DESKTOP-BH6RVTR" errors="0">
  <testcase name="Test_CreateMerchant" time="69.902" classname="Com.Testcases.Merchant.CreateMerchant"/>
</testsuite> <!-- Com.Testcases.Merchant.CreateMerchant -->
