<?xml version="1.0" encoding="UTF-8"?>
<!-- Generated by org.testng.reporters.JUnitReportReporter -->
<testsuite hostname="RKUMARSSL" name="Com.Testcases.NewBusiness.WaiverEndorsement" tests="1" failures="0" timestamp="17 Jul 2018 12:46:04 GMT" time="58.573" errors="0">
  <testcase name="Test_WaiverEndorsement" time="58.573" classname="Com.Testcases.NewBusiness.WaiverEndorsement"/>
</testsuite> <!-- Com.Testcases.NewBusiness.WaiverEndorsement -->
