<?xml version="1.0" encoding="UTF-8"?>
<!-- Generated by org.testng.reporters.JUnitReportReporter -->
<testsuite hostname="QTSITVDI0013" name="Com.Testcases.NewBusinessScenarios.NBS" tests="1" failures="0" timestamp="4 Sep 2019 10:19:57 GMT" time="84.058" errors="0">
  <testcase name="Test_NBS" time="84.058" classname="Com.Testcases.NewBusinessScenarios.NBS"/>
</testsuite> <!-- Com.Testcases.NewBusinessScenarios.NBS -->
