<?xml version="1.0" encoding="UTF-8"?>
<!-- Generated by org.testng.reporters.JUnitReportReporter -->
<testsuite hostname="JKASHYAPSSL" name="Com.Testcases.CreateClaims" tests="7" failures="0" timestamp="5 Apr 2017 11:17:05 GMT" time="3452.666" errors="0">
  <testcase name="Test_CreateClaim" time="467.675" classname="Com.Testcases.CreateClaims"/>
  <testcase name="Test_CreateClaim" time="663.713" classname="Com.Testcases.CreateClaims"/>
  <testcase name="Test_CreateClaim" time="564.942" classname="Com.Testcases.CreateClaims"/>
  <testcase name="Test_CreateClaim" time="560.450" classname="Com.Testcases.CreateClaims"/>
  <testcase name="Test_CreateClaim" time="460.486" classname="Com.Testcases.CreateClaims"/>
  <testcase name="Test_CreateClaim" time="712.335" classname="Com.Testcases.CreateClaims"/>
  <testcase name="Test_CreateClaim" time="23.065" classname="Com.Testcases.CreateClaims"/>
</testsuite> <!-- Com.Testcases.CreateClaims -->
