<?xml version="1.0" encoding="UTF-8"?>
<!-- Generated by org.testng.reporters.JUnitReportReporter -->
<testsuite hostname="QTSITVDI0013" name="Com.Testcases.Claims.NewClaim" tests="15" failures="0" timestamp="27 Aug 2019 13:01:04 GMT" time="122.345" errors="0">
  <testcase name="Test_NewClaim" time="0.027" classname="Com.Testcases.Claims.NewClaim"/>
  <testcase name="Test_NewClaim" time="0.014" classname="Com.Testcases.Claims.NewClaim"/>
  <testcase name="Test_NewClaim" time="0.011" classname="Com.Testcases.Claims.NewClaim"/>
  <testcase name="Test_NewClaim" time="5.131" classname="Com.Testcases.Claims.NewClaim"/>
  <testcase name="Test_NewClaim" time="0.008" classname="Com.Testcases.Claims.NewClaim"/>
  <testcase name="Test_NewClaim" time="0.006" classname="Com.Testcases.Claims.NewClaim"/>
  <testcase name="Test_NewClaim" time="0.009" classname="Com.Testcases.Claims.NewClaim"/>
  <testcase name="Test_NewClaim" time="0.012" classname="Com.Testcases.Claims.NewClaim"/>
  <testcase name="Test_NewClaim" time="0.009" classname="Com.Testcases.Claims.NewClaim"/>
  <testcase name="Test_NewClaim" time="0.010" classname="Com.Testcases.Claims.NewClaim"/>
  <testcase name="Test_NewClaim" time="1.169" classname="Com.Testcases.Claims.NewClaim"/>
  <testcase name="Test_NewClaim" time="0.025" classname="Com.Testcases.Claims.NewClaim"/>
  <testcase name="Test_NewClaim" time="115.877" classname="Com.Testcases.Claims.NewClaim"/>
  <testcase name="Test_NewClaim" time="0.018" classname="Com.Testcases.Claims.NewClaim"/>
  <testcase name="Test_NewClaim" time="0.019" classname="Com.Testcases.Claims.NewClaim"/>
</testsuite> <!-- Com.Testcases.Claims.NewClaim -->
