<?xml version="1.0" encoding="UTF-8"?>
<!-- Generated by org.testng.reporters.JUnitReportReporter -->
<testsuite hostname="QTSITVDI0013" name="Com.Testcases.SystemConfigurations.IndustryMaintenance" tests="13" failures="0" timestamp="24 Sep 2018 15:58:34 GMT" time="171.567" errors="0">
  <testcase name="Test_IndustryMaintenance" time="22.380" classname="Com.Testcases.SystemConfigurations.IndustryMaintenance"/>
  <testcase name="Test_IndustryMaintenance" time="10.291" classname="Com.Testcases.SystemConfigurations.IndustryMaintenance"/>
  <testcase name="Test_IndustryMaintenance" time="10.356" classname="Com.Testcases.SystemConfigurations.IndustryMaintenance"/>
  <testcase name="Test_IndustryMaintenance" time="33.017" classname="Com.Testcases.SystemConfigurations.IndustryMaintenance"/>
  <testcase name="Test_IndustryMaintenance" time="10.438" classname="Com.Testcases.SystemConfigurations.IndustryMaintenance"/>
  <testcase name="Test_IndustryMaintenance" time="10.571" classname="Com.Testcases.SystemConfigurations.IndustryMaintenance"/>
  <testcase name="Test_IndustryMaintenance" time="10.312" classname="Com.Testcases.SystemConfigurations.IndustryMaintenance"/>
  <testcase name="Test_IndustryMaintenance" time="11.992" classname="Com.Testcases.SystemConfigurations.IndustryMaintenance"/>
  <testcase name="Test_IndustryMaintenance" time="10.479" classname="Com.Testcases.SystemConfigurations.IndustryMaintenance"/>
  <testcase name="Test_IndustryMaintenance" time="10.371" classname="Com.Testcases.SystemConfigurations.IndustryMaintenance"/>
  <testcase name="Test_IndustryMaintenance" time="10.345" classname="Com.Testcases.SystemConfigurations.IndustryMaintenance"/>
  <testcase name="Test_IndustryMaintenance" time="10.473" classname="Com.Testcases.SystemConfigurations.IndustryMaintenance"/>
  <testcase name="Test_IndustryMaintenance" time="10.542" classname="Com.Testcases.SystemConfigurations.IndustryMaintenance"/>
</testsuite> <!-- Com.Testcases.SystemConfigurations.IndustryMaintenance -->
