<?xml version="1.0" encoding="UTF-8"?>
<!-- Generated by org.testng.reporters.JUnitReportReporter -->
<testsuite hostname="RKUMARSSL" name="Com.Testcases.NewBusiness.Policy_Payment" tests="1" failures="0" timestamp="14 Jun 2018 16:07:31 GMT" time="46.058" errors="0">
  <testcase name="Test_Policy_Payment" time="46.058" classname="Com.Testcases.NewBusiness.Policy_Payment"/>
</testsuite> <!-- Com.Testcases.NewBusiness.Policy_Payment -->
