<?xml version="1.0" encoding="UTF-8"?>
<!-- Generated by org.testng.reporters.JUnitReportReporter -->
<testsuite hostname="RKUMARSSL" name="Com.Testcases.NewBusiness.FederalEmployerIDEndorsement" tests="1" failures="0" timestamp="24 Jul 2018 11:17:57 GMT" time="35.110" errors="0">
  <testcase name="Test_FederalEmployerIDEndorsement" time="35.110" classname="Com.Testcases.NewBusiness.FederalEmployerIDEndorsement"/>
</testsuite> <!-- Com.Testcases.NewBusiness.FederalEmployerIDEndorsement -->
