<?xml version="1.0" encoding="UTF-8"?>
<!-- Generated by org.testng.reporters.JUnitReportReporter -->
<testsuite hostname="JKASHYAPSSL" name="Com.Testcases.RecoverableAdjustmentTransaction_Reopen_SalExpRec_11706" tests="1" failures="0" timestamp="19 Dec 2017 15:23:59 GMT" time="177.983" errors="0">
  <testcase name="Test_RecoverableAdjustmentTransaction_ReopenSubExpRec_11705" time="177.983" classname="Com.Testcases.RecoverableAdjustmentTransaction_Reopen_SalExpRec_11706"/>
</testsuite> <!-- Com.Testcases.RecoverableAdjustmentTransaction_Reopen_SalExpRec_11706 -->
