<?xml version="1.0" encoding="UTF-8"?>
<!-- Generated by org.testng.reporters.JUnitReportReporter -->
<testsuite hostname="JKASHYAPSSL" name="Com.Testcases.Recoverable_Adjustment_11693" tests="1" failures="0" timestamp="18 Dec 2017 16:44:20 GMT" time="204.292" errors="0">
  <testcase name="Test_RecoverableAdjustment_11693" time="204.292" classname="Com.Testcases.Recoverable_Adjustment_11693"/>
</testsuite> <!-- Com.Testcases.Recoverable_Adjustment_11693 -->
