<?xml version="1.0" encoding="UTF-8"?>
<!-- Generated by org.testng.reporters.JUnitReportReporter -->
<testsuite hostname="QTSITVDI0013" name="Com.Testcases.Endorsement.NBS6" tests="1" failures="0" timestamp="4 Apr 2019 12:56:13 GMT" time="265.463" errors="0">
  <testcase name="Test_NBS6" time="265.463" classname="Com.Testcases.Endorsement.NBS6"/>
</testsuite> <!-- Com.Testcases.Endorsement.NBS6 -->
