<?xml version="1.0" encoding="UTF-8"?>
<!-- Generated by org.testng.reporters.JUnitReportReporter -->
<testsuite hostname="QTSITVDI0013" name="Com.Testcases.NewBusinessScenarios.NBS4" tests="1" failures="0" timestamp="2 Sep 2019 07:46:16 GMT" time="184.940" errors="0">
  <testcase name="Test_NBS4" time="184.940" classname="Com.Testcases.NewBusinessScenarios.NBS4"/>
</testsuite> <!-- Com.Testcases.NewBusinessScenarios.NBS4 -->
