<?xml version="1.0" encoding="UTF-8"?>
<!-- Generated by org.testng.reporters.JUnitReportReporter -->
<testsuite hostname="QTSITVDI0013" name="Com.Testcases.P12708_TermWidget.TermWidget" tests="2" failures="0" timestamp="18 Sep 2018 11:45:08 GMT" time="257.783" errors="0">
  <testcase name="Test_TermWidget" time="173.221" classname="Com.Testcases.P12708_TermWidget.TermWidget"/>
  <testcase name="Test_TermWidget" time="84.562" classname="Com.Testcases.P12708_TermWidget.TermWidget"/>
</testsuite> <!-- Com.Testcases.P12708_TermWidget.TermWidget -->
