<?xml version="1.0" encoding="UTF-8"?>
<!-- Generated by org.testng.reporters.JUnitReportReporter -->
<testsuite hostname="RKUMARSSL" name="Com.Testcases.NewBusiness.DiscountGroupMembershipEndorsement" tests="1" failures="0" timestamp="7 Aug 2018 08:43:05 GMT" time="37.799" errors="0">
  <testcase name="Test_DiscountGroupMembershipEndorsement" time="37.799" classname="Com.Testcases.NewBusiness.DiscountGroupMembershipEndorsement"/>
</testsuite> <!-- Com.Testcases.NewBusiness.DiscountGroupMembershipEndorsement -->
