<?xml version="1.0" encoding="UTF-8"?>
<!-- Generated by org.testng.reporters.JUnitReportReporter -->
<testsuite hostname="QTSITVDI0013" name="Com.Testcases.Portal.STP16" tests="1" failures="0" timestamp="22 Apr 2019 15:16:48 GMT" time="174.132" errors="0">
  <testcase name="Test_STP16" time="174.132" classname="Com.Testcases.Portal.STP16"/>
</testsuite> <!-- Com.Testcases.Portal.STP16 -->
