<?xml version="1.0" encoding="UTF-8"?>
<!-- Generated by org.testng.reporters.JUnitReportReporter -->
<testsuite hostname="JKASHYAPSSL" name="Com.Testcases.PartialContrib_OtherExpenseRecovery_IssuedTo_Claimant_CollFee_11715" tests="1" failures="0" timestamp="26 Dec 2017 12:38:32 GMT" time="190.939" errors="0">
  <testcase name="Test_PartialContrib_OtherExpenseRecovery_IssuedTo_Claimant_CollFee_11715" time="190.939" classname="Com.Testcases.PartialContrib_OtherExpenseRecovery_IssuedTo_Claimant_CollFee_11715"/>
</testsuite> <!-- Com.Testcases.PartialContrib_OtherExpenseRecovery_IssuedTo_Claimant_CollFee_11715 -->
