<?xml version="1.0" encoding="UTF-8"?>
<!-- Generated by org.testng.reporters.JUnitReportReporter -->
<testsuite hostname="RKUMARSSL" name="Com.Testcases.NewBusiness.WorkplaceBusinessAddressEndorsement" tests="1" failures="0" timestamp="18 Jul 2018 09:49:25 GMT" time="34.699" errors="0">
  <testcase name="Test_WorkplaceBusinessAddressEndorsement" time="34.699" classname="Com.Testcases.NewBusiness.WorkplaceBusinessAddressEndorsement"/>
</testsuite> <!-- Com.Testcases.NewBusiness.WorkplaceBusinessAddressEndorsement -->
