<?xml version="1.0" encoding="UTF-8"?>
<!-- Generated by org.testng.reporters.JUnitReportReporter -->
<testsuite hostname="QTSITVDI0013" name="Com.Testcases.Portal.STP4" tests="1" failures="0" timestamp="30 Aug 2019 16:30:32 GMT" time="139.993" errors="0">
  <testcase name="Test_STP4" time="139.993" classname="Com.Testcases.Portal.STP4"/>
</testsuite> <!-- Com.Testcases.Portal.STP4 -->
