<?xml version="1.0" encoding="UTF-8"?>
<!-- Generated by org.testng.reporters.JUnitReportReporter -->
<testsuite hostname="JKASHYAPSSL" name="Com.Testcases.RecoverableAdjustmentTransaction_OpenDed_Loss_Rec_11699" tests="1" failures="0" timestamp="14 Dec 2017 12:18:26 GMT" time="215.340" errors="0">
  <testcase name="Test_RecoverableAdjustmentTransaction_OpenDed_Loss_Rec_11699" time="215.340" classname="Com.Testcases.RecoverableAdjustmentTransaction_OpenDed_Loss_Rec_11699"/>
</testsuite> <!-- Com.Testcases.RecoverableAdjustmentTransaction_OpenDed_Loss_Rec_11699 -->
