<?xml version="1.0" encoding="UTF-8"?>
<!-- Generated by org.testng.reporters.JUnitReportReporter -->
<testsuite hostname="JKASHYAPSSL" name="Com.Testcases.PartialDeductibleExpenseRecovery_IssuedTo_CollectionAgency_CollFee_Yes_11713" tests="1" failures="0" timestamp="21 Dec 2017 16:07:31 GMT" time="173.684" errors="0">
  <testcase name="Test_PartialDeductibleExpenseRecovery_IssuedTo_CollectionAgency_CollFee_Yes_11713" time="173.684" classname="Com.Testcases.PartialDeductibleExpenseRecovery_IssuedTo_CollectionAgency_CollFee_Yes_11713"/>
</testsuite> <!-- Com.Testcases.PartialDeductibleExpenseRecovery_IssuedTo_CollectionAgency_CollFee_Yes_11713 -->
