<?xml version="1.0" encoding="UTF-8"?>
<!-- Generated by org.testng.reporters.JUnitReportReporter -->
<testsuite hostname="QTSITVDI0013" name="Com.Testcases.Endorsement.STE12" tests="1" failures="0" timestamp="1 Aug 2019 10:23:37 GMT" time="50.552" errors="0">
  <testcase name="Test_STE12" time="50.552" classname="Com.Testcases.Endorsement.STE12"/>
</testsuite> <!-- Com.Testcases.Endorsement.STE12 -->
