<?xml version="1.0" encoding="UTF-8"?>
<!-- Generated by org.testng.reporters.JUnitReportReporter -->
<testsuite hostname="DESKTOP-8QPJLAI" name="Com.Testcases.Merchant.CreateMerchant" tests="1" failures="0" timestamp="10 Mar 2020 12:50:15 GMT" time="51.652" errors="0">
  <testcase name="Test_CreateMerchant" time="51.652" classname="Com.Testcases.Merchant.CreateMerchant"/>
</testsuite> <!-- Com.Testcases.Merchant.CreateMerchant -->
