<?xml version="1.0" encoding="UTF-8"?>
<!-- Generated by org.testng.reporters.JUnitReportReporter -->
<testsuite hostname="QTSITVDI0013" name="Com.Testcases.Claims.AddPayables" tests="1" failures="0" timestamp="10 Sep 2019 15:48:02 GMT" time="125.978" errors="0">
  <testcase name="Test_AddPayables" time="125.978" classname="Com.Testcases.Claims.AddPayables"/>
</testsuite> <!-- Com.Testcases.Claims.AddPayables -->
