<?xml version="1.0" encoding="UTF-8"?>
<!-- Generated by org.testng.reporters.JUnitReportReporter -->
<testsuite hostname="QTSITVDI0013" name="Com.Testcases.NewBusiness.FormDeletion" tests="1" failures="0" timestamp="9 Aug 2018 14:22:52 GMT" time="44.344" errors="0">
  <testcase name="Test_FormDeletionFn" time="44.344" classname="Com.Testcases.NewBusiness.FormDeletion"/>
</testsuite> <!-- Com.Testcases.NewBusiness.FormDeletion -->
