<?xml version="1.0" encoding="UTF-8"?>
<!-- Generated by org.testng.reporters.JUnitReportReporter -->
<testsuite hostname="JKASHYAPSSL" name="Com.Testcases.FinalSalvageLossRecovery_IssuedTo_Claimant_11710" tests="1" failures="0" timestamp="21 Dec 2017 11:26:42 GMT" time="179.040" errors="0">
  <testcase name="Test_FinalSalvageLossRecovery_IssuedTo_Claimant_11710" time="179.040" classname="Com.Testcases.FinalSalvageLossRecovery_IssuedTo_Claimant_11710"/>
</testsuite> <!-- Com.Testcases.FinalSalvageLossRecovery_IssuedTo_Claimant_11710 -->
