<?xml version="1.0" encoding="UTF-8"?>
<!-- Generated by org.testng.reporters.JUnitReportReporter -->
<testsuite hostname="QTSITVDI0013" name="Com.Testcases.Endorsement.STE22" tests="1" failures="0" timestamp="2 Aug 2019 11:21:38 GMT" time="117.571" errors="0">
  <testcase name="Test_STE22" time="117.571" classname="Com.Testcases.Endorsement.STE22"/>
</testsuite> <!-- Com.Testcases.Endorsement.STE22 -->
