<?xml version="1.0" encoding="UTF-8"?>
<!-- Generated by org.testng.reporters.JUnitReportReporter -->
<testsuite hostname="QTSITVDI0013" name="Com.Testcases.Endorsement.STE11" tests="1" failures="0" timestamp="15 Feb 2019 16:52:34 GMT" time="114.788" errors="0">
  <testcase name="Test_STE11" time="114.788" classname="Com.Testcases.Endorsement.STE11"/>
</testsuite> <!-- Com.Testcases.Endorsement.STE11 -->
