<?xml version="1.0" encoding="UTF-8"?>
<!-- Generated by org.testng.reporters.JUnitReportReporter -->
<testsuite hostname="RKUMARSSL" name="Com.Testcases.NewBusiness.LargeDeductibleEndorsement" tests="1" failures="0" timestamp="13 Jul 2018 11:08:55 GMT" time="34.692" errors="0">
  <testcase name="Test_LargeDeductibleEndorsement" time="34.692" classname="Com.Testcases.NewBusiness.LargeDeductibleEndorsement"/>
</testsuite> <!-- Com.Testcases.NewBusiness.LargeDeductibleEndorsement -->
