<?xml version="1.0" encoding="UTF-8"?>
<!-- Generated by org.testng.reporters.JUnitReportReporter -->
<testsuite hostname="QTSITVDI0013" name="Com.Testcases.NewBusinessScenarios.NBS5" tests="1" failures="0" timestamp="2 Sep 2019 07:54:26 GMT" time="191.422" errors="0">
  <testcase name="Test_NBS5" time="191.422" classname="Com.Testcases.NewBusinessScenarios.NBS5"/>
</testsuite> <!-- Com.Testcases.NewBusinessScenarios.NBS5 -->
