<?xml version="1.0" encoding="UTF-8"?>
<!-- Generated by org.testng.reporters.JUnitReportReporter -->
<testsuite hostname="QTSITVDI0013" name="Com.Testcases.Endorsement.STE4" tests="1" failures="0" timestamp="3 Sep 2019 13:28:02 GMT" time="158.285" errors="0">
  <testcase name="Test_STE4" time="158.285" classname="Com.Testcases.Endorsement.STE4"/>
</testsuite> <!-- Com.Testcases.Endorsement.STE4 -->
