<?xml version="1.0" encoding="UTF-8"?>
<!-- Generated by org.testng.reporters.JUnitReportReporter -->
<testsuite hostname="RKUMARSSL" name="Com.Testcases.NewBusiness.WorkplaceBusinessNameEndorsement" tests="1" failures="0" timestamp="18 Jul 2018 11:25:12 GMT" time="37.676" errors="0">
  <testcase name="Test_WorkplaceBusinessNameEndorsement" time="37.676" classname="Com.Testcases.NewBusiness.WorkplaceBusinessNameEndorsement"/>
</testsuite> <!-- Com.Testcases.NewBusiness.WorkplaceBusinessNameEndorsement -->
