<?xml version="1.0" encoding="UTF-8"?>
<!-- Generated by org.testng.reporters.JUnitReportReporter -->
<testsuite hostname="RKUMARSSL" name="Com.Testcases.Tools.ReportingSite" tests="1" failures="0" timestamp="29 Jun 2018 16:14:33 GMT" time="60.539" errors="0">
  <testcase name="Test_Reporting_Site" time="60.539" classname="Com.Testcases.Tools.ReportingSite"/>
</testsuite> <!-- Com.Testcases.Tools.ReportingSite -->
